Log file open, 08/03/17 23:39:31
LogInit:Display: Running engine for game: MyProject
LogPlatformFile: Not using cached read wrapper
LogInit:Display: RandInit(-123051747) SRandInit(-123051747).
LogTaskGraph: Started task graph with 5 named threads and 8 total threads with 1 sets of task threads.
LogStats: Stats thread started at 0.095819
LogInit: Using libcurl 7.47.1
LogInit:  - built for x86_64-pc-win32
LogInit:  - supports SSL with OpenSSL/1.0.2g
LogInit:  - supports HTTP deflate (compression) using libz 1.2.8
LogInit:  - other features:
LogInit:      CURL_VERSION_SSL
LogInit:      CURL_VERSION_LIBZ
LogInit:      CURL_VERSION_IPV6
LogInit:      CURL_VERSION_ASYNCHDNS
LogInit:      CURL_VERSION_LARGEFILE
LogInit:      CURL_VERSION_IDN
LogInit:  CurlRequestOptions (configurable via config and command line):
LogInit:  - bVerifyPeer = false  - Libcurl will NOT verify peer certificate
LogInit:  - bUseHttpProxy = false  - Libcurl will NOT use HTTP proxy
LogInit:  - bDontReuseConnections = false  - Libcurl will reuse connections
LogInit:  - CertBundlePath = nullptr  - Libcurl will use whatever was configured at build time.
LogInit: Build: ++UE4+Release-4.16-CL-3561208
LogInit: Engine Version: 4.16.3-3561208+++UE4+Release-4.16
LogInit: Compatible Engine Version: 4.16.0-3452394+++UE4+Release-4.16
LogInit: Net CL: 3452394
LogDevObjectVersion: Number of dev versions registered: 16
LogDevObjectVersion:   Dev-Blueprints (B0D832E4-1F89-4F0D-ACCF-7EB736FD4AA2): 9
LogDevObjectVersion:   Dev-Build (E1C64328-A22C-4D53-A36C-8E866417BD8C): 0
LogDevObjectVersion:   Dev-Core (375EC13C-06E4-48FB-B500-84F0262A717E): 2
LogDevObjectVersion:   Dev-Editor (E4B068ED-F494-42E9-A231-DA0B2E46BB41): 17
LogDevObjectVersion:   Dev-Framework (CFFC743F-43B0-4480-9391-14DF171D2073): 23
LogDevObjectVersion:   Dev-Mobile (B02B49B5-BB20-44E9-A304-32B752E40360): 0
LogDevObjectVersion:   Dev-Networking (A4E4105C-59A1-49B5-A7C5-40C4547EDFEE): 0
LogDevObjectVersion:   Dev-Online (39C831C9-5AE6-47DC-9A44-9C173E1C8E7C): 0
LogDevObjectVersion:   Dev-Physics (78F01B33-EBEA-4F98-B9B4-84EACCB95AA2): 0
LogDevObjectVersion:   Dev-Platform (6631380F-2D4D-43E0-8009-CF276956A95A): 0
LogDevObjectVersion:   Dev-Rendering (12F88B9F-8875-4AFC-A67C-D90C383ABD29): 15
LogDevObjectVersion:   Dev-Sequencer (7B5AE74C-D270-4C10-A958-57980B212A5A): 4
LogDevObjectVersion:   Dev-VR (D7296918-1DD6-4BDD-9DE2-64A83CC13884): 0
LogDevObjectVersion:   Dev-LoadTimes (C2A15278-BFE7-4AFE-6C17-90FF531DF755): 1
LogDevObjectVersion:   Private-Geometry (6EACA3D4-40EC-4CC1-B786-8BED09428FC5): 1
LogDevObjectVersion:   Dev-AnimPhys (29E575DD-E0A3-4627-9D10-D276232CDCEA): 3
LogInit: Compiled (64-bit): Jul 28 2017 11:49:47
LogInit: Compiled with Visual C++: 19.00.24215.01
LogInit: Build Configuration: Development
LogInit: Branch Name: ++UE4+Release-4.16
LogInit: Command line: -EpicPortal 
LogInit: Base directory: C:/Program Files/Epic Games/UE_4.16/Engine/Binaries/Win64/
LogInit: Installed Engine Build: 1
LogInit: Presizing for max 8388607 objects, including 0 objects not considered by GC, pre-allocating 0 bytes for permanent pool.
LogInit: Object subsystem initialized
[2017.08.04-03.39.32:406][  0]LogInit: Selected Device Profile: [Windows]
[2017.08.04-03.39.32:406][  0]LogInit: Applying CVar settings loaded from the selected device profile: [Windows]
[2017.08.04-03.39.32:462][  0]LogInit: Computer: DESKTOP-PUP0CHR
[2017.08.04-03.39.32:462][  0]LogInit: User: cdiet
[2017.08.04-03.39.32:462][  0]LogInit: CPU Page size=4096, Cores=4
[2017.08.04-03.39.32:462][  0]LogInit: High frequency timer resolution =2.742191 MHz
[2017.08.04-03.39.32:463][  0]LogMemory: Memory total: Physical=12.0GB (12GB approx)
[2017.08.04-03.39.32:463][  0]LogMemory: Platform Memory Stats for Windows
[2017.08.04-03.39.32:463][  0]LogMemory: Process Physical Memory: 272.54 MB used, 272.54 MB peak
[2017.08.04-03.39.32:463][  0]LogMemory: Process Virtual Memory: 262.84 MB used, 262.84 MB peak
[2017.08.04-03.39.32:463][  0]LogMemory: Physical Memory: 5514.17 MB used,  6726.70 MB free, 12240.87 MB total
[2017.08.04-03.39.32:463][  0]LogMemory: Virtual Memory: 640.28 MB used,  6726.70 MB free, 134217728.00 MB total
[2017.08.04-03.39.32:932][  0]LogInit: Using OS detected language (en-US).
[2017.08.04-03.39.32:932][  0]LogInit: Using OS detected locale (en-US).
[2017.08.04-03.39.33:146][  0]LogTextLocalizationManager: No specific localization for 'en-US' exists, so the 'en' localization will be used.
[2017.08.04-03.39.41:653][  0]LogD3D11RHI: D3D11 adapters:
[2017.08.04-03.39.41:724][  0]LogD3D11RHI:    0. 'NVIDIA GeForce GTX 1060' (Feature Level 11_0)
[2017.08.04-03.39.41:724][  0]LogD3D11RHI:       3019/0/6120 MB DedicatedVideo/DedicatedSystem/SharedSystem, Outputs:1, VendorId:0x10de
[2017.08.04-03.39.41:725][  0]LogD3D11RHI:    1. 'Microsoft Basic Render Driver' (Feature Level 11_0)
[2017.08.04-03.39.41:725][  0]LogD3D11RHI:       0/0/6120 MB DedicatedVideo/DedicatedSystem/SharedSystem, Outputs:0, VendorId:0x1414
[2017.08.04-03.39.41:725][  0]LogD3D11RHI: Chosen D3D11 Adapter: 0
[2017.08.04-03.39.41:732][  0]LogD3D11RHI: Creating new Direct3DDevice
[2017.08.04-03.39.41:732][  0]LogD3D11RHI:     GPU DeviceId: 0x1c60 (for the marketing name, search the web for "GPU Device Id")
[2017.08.04-03.39.41:732][  0]LogWindows: EnumDisplayDevices:
[2017.08.04-03.39.41:732][  0]LogWindows:    0. 'NVIDIA GeForce GTX 1060' (P:1 D:1)
[2017.08.04-03.39.41:732][  0]LogWindows:    1. 'NVIDIA GeForce GTX 1060' (P:0 D:0)
[2017.08.04-03.39.41:732][  0]LogWindows:    2. 'NVIDIA GeForce GTX 1060' (P:0 D:0)
[2017.08.04-03.39.41:732][  0]LogWindows:    3. 'NVIDIA GeForce GTX 1060' (P:0 D:0)
[2017.08.04-03.39.41:732][  0]LogWindows: DebugString: FoundDriverCount:4 
[2017.08.04-03.39.41:732][  0]LogD3D11RHI:     Adapter Name: NVIDIA GeForce GTX 1060
[2017.08.04-03.39.41:732][  0]LogD3D11RHI:   Driver Version: 382.15 (internal:22.21.13.8215, unified:382.15)
[2017.08.04-03.39.41:732][  0]LogD3D11RHI:      Driver Date: 5-8-2017
[2017.08.04-03.39.41:733][  0]LogRHI: Texture pool is 1361 MB (70% of 1945 MB)
[2017.08.04-03.39.41:766][  0]LogD3D11RHI: Async texture creation enabled
[2017.08.04-03.39.41:781][  0]LogD3D11RHI: GPU Timing Frequency: 1000.000000 (Debug: 2 1)
[2017.08.04-03.39.41:823][  0]LogShaderCompilers: Guid format shader working directory is -36 characters bigger than the processId version (../../../../../../Users/cdiet/Documents/Udemy/UE4 Develop first 2 games/MyProject/Intermediate/Shaders/WorkingDirectory/14128/).
[2017.08.04-03.39.41:823][  0]LogShaderCompilers: Cleaned the shader compiler working directory 'C:/Users/cdiet/AppData/Local/Temp/UnrealShaderWorkingDir/31C102774A7EB35490FC0883320D6AEF/'.
[2017.08.04-03.39.41:823][  0]LogShaderCompilers:Display: Using Local Shader Compiler.
[2017.08.04-03.39.45:250][  0]LogTemp:Display: Loaded TP AllDesktopTargetPlatform
[2017.08.04-03.39.45:298][  0]LogTemp:Display: Loaded TP MacClientTargetPlatform
[2017.08.04-03.39.45:346][  0]LogTemp:Display: Loaded TP MacNoEditorTargetPlatform
[2017.08.04-03.39.45:395][  0]LogTemp:Display: Loaded TP MacServerTargetPlatform
[2017.08.04-03.39.45:449][  0]LogTemp:Display: Loaded TP MacTargetPlatform
[2017.08.04-03.39.45:497][  0]LogTemp:Display: Loaded TP WindowsClientTargetPlatform
[2017.08.04-03.39.45:546][  0]LogTemp:Display: Loaded TP WindowsNoEditorTargetPlatform
[2017.08.04-03.39.45:595][  0]LogTemp:Display: Loaded TP WindowsServerTargetPlatform
[2017.08.04-03.39.45:640][  0]LogTemp:Display: Loaded TP WindowsTargetPlatform
[2017.08.04-03.39.45:713][  0]LogTemp:Display: Loaded TP AndroidTargetPlatform
[2017.08.04-03.39.45:760][  0]LogTemp:Display: Loaded TP Android_ASTCTargetPlatform
[2017.08.04-03.39.45:807][  0]LogTemp:Display: Loaded TP Android_ATCTargetPlatform
[2017.08.04-03.39.45:855][  0]LogTemp:Display: Loaded TP Android_DXTTargetPlatform
[2017.08.04-03.39.45:902][  0]LogTemp:Display: Loaded TP Android_ETC1TargetPlatform
[2017.08.04-03.39.45:949][  0]LogTemp:Display: Loaded TP Android_ETC2TargetPlatform
[2017.08.04-03.39.46:045][  0]LogTemp:Display: Loaded TP Android_MultiTargetPlatform
[2017.08.04-03.39.46:045][  0]LogTemp:Display: Loaded TP Android_PVRTCTargetPlatform
[2017.08.04-03.39.46:085][  0]LogTemp:Display: Loaded TP HTML5TargetPlatform
[2017.08.04-03.39.46:186][  0]LogTemp:Display: Loaded TP IOSTargetPlatform
[2017.08.04-03.39.46:215][  0]LogTemp:Display: Loaded TP TVOSTargetPlatform
[2017.08.04-03.39.46:263][  0]LogTemp:Display: Loaded TP LinuxClientTargetPlatform
[2017.08.04-03.39.46:311][  0]LogTemp:Display: Loaded TP LinuxNoEditorTargetPlatform
[2017.08.04-03.39.46:360][  0]LogTemp:Display: Loaded TP LinuxServerTargetPlatform
[2017.08.04-03.39.46:441][  0]LogTemp:Display: Loaded TP LinuxTargetPlatform
[2017.08.04-03.39.46:441][  0]LogTargetPlatformManager:Display: Building Assets For Windows
[2017.08.04-03.39.46:942][  0]LogDerivedDataCache:Display: Max Cache Size: 512 MB
[2017.08.04-03.39.48:101][  0]LogDerivedDataCache: Loaded boot cache 1.16s 90MB C:/Users/cdiet/AppData/Local/UnrealEngine/4.16/DerivedDataCache/Boot.ddc.
[2017.08.04-03.39.48:101][  0]LogDerivedDataCache:Display: Loaded Boot cache: C:/Users/cdiet/AppData/Local/UnrealEngine/4.16/DerivedDataCache/Boot.ddc
[2017.08.04-03.39.48:101][  0]LogDerivedDataCache: FDerivedDataBackendGraph:  Pak pak cache file ../../../../../../Users/cdiet/Documents/Udemy/UE4 Develop first 2 games/MyProject/DerivedDataCache/DDC.ddp not found, will not use a pak cache.
[2017.08.04-03.39.48:101][  0]LogDerivedDataCache: Unable to find inner node Pak for hierarchical cache Hierarchy.
[2017.08.04-03.39.48:101][  0]LogDerivedDataCache: FDerivedDataBackendGraph:  CompressedPak pak cache file ../../../../../../Users/cdiet/Documents/Udemy/UE4 Develop first 2 games/MyProject/DerivedDataCache/Compressed.ddp not found, will not use a pak cache.
[2017.08.04-03.39.48:101][  0]LogDerivedDataCache: Unable to find inner node CompressedPak for hierarchical cache Hierarchy.
[2017.08.04-03.39.48:115][  0]LogDerivedDataCache:Display: Pak cache opened for reading ../../../Engine/DerivedDataCache/Compressed.ddp.
[2017.08.04-03.39.48:128][  0]LogDerivedDataCache: Using Local data cache path C:/Users/cdiet/AppData/Local/UnrealEngine/Common/DerivedDataCache: Writable
[2017.08.04-03.39.48:137][  0]LogMaterial: Verifying Global Shaders for PCD3D_SM5
[2017.08.04-03.39.48:137][  0]LogSlate: Using Freetype 2.6.0
[2017.08.04-03.39.48:155][  0]LogSlate: SlateFontCache - WITH_FREETYPE: 1, WITH_HARFBUZZ: 1
[2017.08.04-03.39.48:155][  0]LogSlate: SlateFontCache - WITH_FREETYPE: 1, WITH_HARFBUZZ: 1
[2017.08.04-03.39.49:601][  0]LogInit: Selected Device Profile: [Windows]
[2017.08.04-03.39.49:668][  0]LogContentStreaming: Texture pool size is 0.00 MB
[2017.08.04-03.39.49:962][  0]LogMeshUtilities: Using QuadricMeshReduction for automatic static mesh reduction
[2017.08.04-03.39.50:006][  0]LogSimplygon: Simplygon DLL not present - disabling.
[2017.08.04-03.39.50:056][  0]LogMeshUtilities: Using SimplygonSwarm for distributed automatic mesh merging
[2017.08.04-03.39.50:056][  0]LogMeshUtilities: No automatic skeletal mesh reduction module available
[2017.08.04-03.39.50:056][  0]LogMeshUtilities: No automatic mesh merging module available
[2017.08.04-03.39.51:127][  0]LogNetVersion: MyProject , NetCL: 3452394, EngineNetVer: 2, GameNetVer: 0 (Checksum: 1111101373)
[2017.08.04-03.39.51:193][  0]LogAssetRegistry: FAssetRegistry took 0.0280 seconds to start up
[2017.08.04-03.39.51:251][  0]LogPackageLocalizationCache: Processed 4 localized package path(s) for 2 prioritized culture(s) in 0.034476 seconds
[2017.08.04-03.39.51:257][  0]LogUObjectArray: 34194 objects as part of root set at end of initial load.
[2017.08.04-03.39.51:257][  0]LogUObjectAllocator: 7260416 out of 0 bytes used by permanent object pool.
[2017.08.04-03.39.51:257][  0]LogUObjectArray: CloseDisregardForGC: 0/0 objects in disregard for GC pool
[2017.08.04-03.39.51:333][  0]LogInit: WinSock: version 1.1 (2.2), MaxSocks=32767, MaxUdp=65467
[2017.08.04-03.40.27:481][  0]LogTcpMessaging: Initializing TcpMessaging bridge
[2017.08.04-03.40.27:535][  0]LogUdpMessaging: Initializing bridge on interface 0.0.0.0:0 to multicast group 230.0.0.1:6666.
[2017.08.04-03.40.28:653][  0]LogMaterial: Uniform references updated for custom material expression Custom.
[2017.08.04-03.40.29:330][  0]SourceControl: Info Source control is disabled
[2017.08.04-03.40.29:444][  0]SourceControl: Info Source control is disabled
[2017.08.04-03.40.29:495][  0]SourceControl: Info Source control is disabled
[2017.08.04-03.40.29:543][  0]SourceControl: Info Source control is disabled
[2017.08.04-03.40.30:495][  0]LogAndroidPermission: UAndroidPermissionCallbackProxy::GetInstance
[2017.08.04-03.40.31:163][  0]LogEngine: Initializing Engine...
[2017.08.04-03.40.31:163][  0]LogHMD: Failed to initialize OpenVR with code 110
[2017.08.04-03.40.32:033][  0]LogStats: UGameplayTagsManager::ConstructGameplayTagTree: Construct from data asset -  0.000 s
[2017.08.04-03.40.32:033][  0]LogStats: UGameplayTagsManager::ConstructGameplayTagTree: GameplayTagTreeChangedEvent.Broadcast -  0.000 s
[2017.08.04-03.40.32:160][  0]LogAIModule: Creating AISystem for world Untitled
[2017.08.04-03.40.32:165][  0]LogInit: XAudio2 using 'Speakers (Realtek High Definition Audio)' : 6 channels at 48 kHz using 32 bits per sample (channel mask 0x3f)
[2017.08.04-03.40.32:255][  0]LogInit: FAudioDevice initialized.
[2017.08.04-03.40.32:301][  0]LogDerivedDataCache: Saved boot cache 0.05s 90MB C:/Users/cdiet/AppData/Local/UnrealEngine/4.16/DerivedDataCache/Boot.ddc.
[2017.08.04-03.40.32:330][  0]LogInit: Texture streaming: Enabled
[2017.08.04-03.40.32:432][  0]LogEngineSessionManager: EngineSessionManager initialized
[2017.08.04-03.40.32:952][  0]LogInit: Transaction tracking system initialized
[2017.08.04-03.40.33:259][  0]BlueprintLog: New page: Editor Load
[2017.08.04-03.40.34:885][  0]LocalizationService: Info Localization service is disabled
[2017.08.04-03.40.35:676][  0]LogConsoleResponse:Display: 
[2017.08.04-03.40.37:049][  0]LogFileCache: Scanning file cache for directory 'C:/Users/cdiet/Documents/Udemy/UE4 Develop first 2 games/MyProject/Content/' took 0.01s
[2017.08.04-03.40.37:049][  0]LogCook:Display: Max memory allowance for cook 16384mb min free memory 0mb
[2017.08.04-03.40.37:049][  0]LogCook:Display: Mobile HDR setting 1
[2017.08.04-03.40.39:265][  0]SourceControl: Info Source control is disabled
[2017.08.04-03.40.39:265][  0]Cmd: MAP LOAD FILE="../../../Engine/Content/Maps/Templates/Template_Default.umap" TEMPLATE=1 SHOWPROGRESS=1 FEATURELEVEL=3
[2017.08.04-03.40.39:266][  0]LightingResults: New page: Lighting Build
[2017.08.04-03.40.39:314][  0]MapCheck: New page: Map Check
[2017.08.04-03.40.39:314][  0]LightingResults: New page: Lighting Build
[2017.08.04-03.40.39:607][  0]LogAIModule: Creating AISystem for world Untitled_1
[2017.08.04-03.40.39:607][  0]LogActorComponent: RegisterComponentWithWorld: (/Temp/Untitled_1.Untitled_1:PersistentLevel.WorldSettings_1.StaticMeshComponent0) Trying to register component with IsPendingKill() == true. Aborting.
[2017.08.04-03.40.39:631][  0]LogEditorServer: Finished looking for orphan Actors (0.000 secs)
[2017.08.04-03.40.39:646][  0]Cmd: MAP CHECKDEP NOCLEARLOG
[2017.08.04-03.40.39:688][  0]MapCheck: Info Map check complete: 0 Error(s), 0 Warning(s), took 42.006ms to complete.
[2017.08.04-03.40.39:688][  0]LogFileHelpers: Loading map 'Template_Default' took 0.423
[2017.08.04-03.40.40:551][  0]LogCollectionManager: Loaded 0 collections in 0.002124 seconds
[2017.08.04-03.40.40:759][  0]LogFileCache: Scanning file cache for directory 'C:/Users/cdiet/Documents/Udemy/UE4 Develop first 2 games/MyProject/Saved/Collections/' took 0.01s
[2017.08.04-03.40.40:759][  0]LogFileCache: Scanning file cache for directory 'C:/Users/cdiet/Documents/Udemy/UE4 Develop first 2 games/MyProject/Content/Developers/cdiet/Collections/' took 0.01s
[2017.08.04-03.40.40:759][  0]LogFileCache: Scanning file cache for directory 'C:/Users/cdiet/Documents/Udemy/UE4 Develop first 2 games/MyProject/Content/Collections/' took 0.01s
[2017.08.04-03.40.40:759][  0]LogCollectionManager: Rebuilt the GUID cache for 0 collections in 0.000003 seconds
[2017.08.04-03.40.40:785][  0]LogContentBrowser: Native class hierarchy populated in 0.0214 seconds. Added 2329 classes and 491 folders.
[2017.08.04-03.40.40:977][  0]LogContentBrowser: Native class hierarchy updated for 'WidgetCarousel' in 0.0005 seconds. Added 0 classes and 0 folders.
[2017.08.04-03.40.42:304][  0]LogContentBrowser: Native class hierarchy updated for 'AddContentDialog' in 0.0005 seconds. Added 0 classes and 0 folders.
[2017.08.04-03.40.42:426][  0]LogContentBrowser: Native class hierarchy updated for 'SceneOutliner' in 0.0006 seconds. Added 1 classes and 2 folders.
[2017.08.04-03.40.42:938][  0]LogCrashTracker: Crashtracker disabled due to settings.
[2017.08.04-03.40.43:026][  0]LogSlate: Took 0.000164 seconds to synchronously load lazily loaded font '../../../Engine/Content/Slate/Fonts/Roboto-Regular.ttf' (155K)
[2017.08.04-03.40.43:028][  0]LogSlate: Took 0.000190 seconds to synchronously load lazily loaded font '../../../Engine/Content/Slate/Fonts/Roboto-Bold.ttf' (160K)
[2017.08.04-03.40.43:200][  0]LogSlate: Took 0.034701 seconds to synchronously load lazily loaded font '../../../Engine/Content/Editor/Slate/Fonts/FontAwesome.ttf' (139K)
[2017.08.04-03.40.43:952][  0]LogRenderer: Reallocating scene render targets to support 964x436 NumSamples 1 (Frame:1).
[2017.08.04-03.40.45:050][  0]LogUObjectGlobals:Warning: Failed to find object 'Class None.'
[2017.08.04-03.40.45:140][  0]LogContentBrowser: Native class hierarchy updated for 'HierarchicalLODOutliner' in 0.0005 seconds. Added 1 classes and 2 folders.
[2017.08.04-03.40.45:140][  0]LogLoad: (Engine Initialization) Total time: 74.42 seconds
[2017.08.04-03.40.45:140][  0]LogLoad: (Engine Initialization) Total Blueprint compile time: 0.28 seconds
[2017.08.04-03.40.45:140][  0]LogExternalProfiler: No external profilers were discovered.  External profiling features will not be available.
[2017.08.04-03.40.45:480][  0]LogOcInput: OculusInput pre-init called
[2017.08.04-03.40.45:480][  0]LogHMD: Starting GearVRController plugin
[2017.08.04-03.40.45:518][  0]LogAssetRegistry: Asset discovery search completed in 54.3478 seconds
[2017.08.04-03.40.45:520][  0]LogCollectionManager: Rebuilt the object cache for 0 collections in 0.000000 seconds (found 0 objects)
[2017.08.04-03.40.45:520][  0]LogCollectionManager: Fixed up redirectors for 0 collections in 0.000030 seconds (updated 0 objects)
[2017.08.04-03.40.45:593][  0]LogContentStreaming: Texture pool size now 1000 MB
[2017.08.04-03.42.23:893][860]LogSlate: Took 0.000136 seconds to synchronously load lazily loaded font '../../../Engine/Content/Slate/Fonts/Roboto-Light.ttf' (159K)
[2017.08.04-03.42.24:714][950]LogEditorViewport: Clicking on Actor (LMB): BP_Sky_Sphere_C (Sky Sphere)
[2017.08.04-03.45.25:265][ 82]LogFactory: FactoryCreateFile: StaticMesh with FbxFactory (0 0 C:\Users\cdiet\Documents\Udemy\UE4 Develop first 2 games\PinballAssets\PinballAssets\BallSphere.FBX)
[2017.08.04-03.45.25:423][ 82]LogFbx: ItemName: GlobalSettings, ItemCount : 1
[2017.08.04-03.45.25:423][ 82]LogFbx: ItemName: AnimationStack, ItemCount : 1
[2017.08.04-03.45.25:423][ 82]LogFbx: ItemName: AnimationLayer, ItemCount : 1
[2017.08.04-03.45.25:423][ 82]LogFbx: ItemName: Model, ItemCount : 1
[2017.08.04-03.45.25:423][ 82]LogFbx: ItemName: Geometry, ItemCount : 1
[2017.08.04-03.45.25:423][ 82]LogFbx: ItemName: Material, ItemCount : 1
[2017.08.04-03.45.25:459][ 82]LogFbx: Loading FBX Scene from C:\Users\cdiet\Documents\Udemy\UE4 Develop first 2 games\PinballAssets\PinballAssets\BallSphere.FBX
[2017.08.04-03.45.25:527][ 82]LogFbx: FBX Scene Loaded Succesfully
[2017.08.04-03.47.04:400][ 82]LogFbx: Loading FBX Scene from C:\Users\cdiet\Documents\Udemy\UE4 Develop first 2 games\PinballAssets\PinballAssets\BallSphere.FBX
[2017.08.04-03.47.04:407][ 82]LogFbx: FBX Scene Loaded Succesfully
[2017.08.04-03.47.04:501][ 82]LogStaticMesh: Building static mesh BallSphere...
[2017.08.04-03.47.04:544][ 82]LogStaticMesh: Built static mesh [0.05s] /Game/Assets/BallSphere.BallSphere
[2017.08.04-03.47.04:625][ 82]FBXImport:Warning: Warning No smoothing group information was found in this FBX scene.  Please make sure to enable the 'Export Smoothing Groups' option in the FBX Exporter plug-in before exporting the file.  Even for tools that don't support smoothing groups, the FBX Exporter will generate appropriate smoothing data at export-time so that correct vertex normals can be inferred while importing. 
[2017.08.04-03.47.04:893][ 82]LogSlate: Took 0.000159 seconds to synchronously load lazily loaded font '../../../Engine/Content/Slate/Fonts/Roboto-Light.ttf' (159K)
[2017.08.04-03.48.11:730][220]Cmd: OBJ SAVEPACKAGE PACKAGE="/Game/Assets/M_SimpleMetal" FILE="../../../../../../Users/cdiet/Documents/Udemy/UE4 Develop first 2 games/MyProject/Content/Assets/M_SimpleMetal.uasset" SILENT=true
[2017.08.04-03.48.11:837][220]LogSavePackage: Save=89.21ms
[2017.08.04-03.48.11:837][220]LogSavePackage: Moving '../../../../../../Users/cdiet/Documents/Udemy/UE4 Develop first 2 games/MyProject/Saved/M_SimpleMetalFFB8756349E8DB849C0E6D8D8292B6F5.tmp' to '../../../../../../Users/cdiet/Documents/Udemy/UE4 Develop first 2 games/MyProject/Content/Assets/M_SimpleMetal.uasset'
[2017.08.04-03.48.11:871][220]LogSavePackage:Display: Finished SavePackage ../../../../../../Users/cdiet/Documents/Udemy/UE4 Develop first 2 games/MyProject/Content/Assets/M_SimpleMetal.uasset
[2017.08.04-03.48.13:966][420]LogMaterial: Missing cached shader map for material M_SimpleMetal, compiling. 
[2017.08.04-03.48.15:229][420]LogMaterial: Missing cached shader map for material M_SimpleMetal, compiling. 
[2017.08.04-03.48.15:389][420]LogSlate: Took 0.061147 seconds to synchronously load lazily loaded font '../../../Engine/Content/Editor/Slate/Fonts/Roboto-BoldCondensed.ttf' (158K)
[2017.08.04-03.48.17:952][429]MaterialEditorStats: Info Base pass shader: 78 instructions
[2017.08.04-03.48.17:952][429]MaterialEditorStats: Info Vertex shader: 29 instructions
[2017.08.04-03.48.17:952][429]MaterialEditorStats: Info Texture samplers: 1/16
[2017.08.04-03.48.34:890][595]LogMaterial: Missing cached shader map for material M_SimpleMetal, compiling. 
[2017.08.04-03.48.35:745][683]MaterialEditorStats: Info Base pass shader: 78 instructions
[2017.08.04-03.48.35:745][683]MaterialEditorStats: Info Vertex shader: 29 instructions
[2017.08.04-03.48.35:745][683]MaterialEditorStats: Info Texture samplers: 1/16
[2017.08.04-03.48.49:536][305]LogMaterial: Missing cached shader map for material M_SimpleMetal, compiling. 
[2017.08.04-03.48.50:342][399]MaterialEditorStats: Info Base pass shader: 78 instructions
[2017.08.04-03.48.50:342][399]MaterialEditorStats: Info Vertex shader: 29 instructions
[2017.08.04-03.48.50:342][399]MaterialEditorStats: Info Texture samplers: 1/16
[2017.08.04-03.49.12:101][518]LogMaterial: Missing cached shader map for material M_SimpleMetal, compiling. 
[2017.08.04-03.49.13:324][664]MaterialEditorStats: Info Base pass shader: 78 instructions
[2017.08.04-03.49.13:325][664]MaterialEditorStats: Info Vertex shader: 29 instructions
[2017.08.04-03.49.13:325][664]MaterialEditorStats: Info Texture samplers: 1/16
[2017.08.04-03.49.19:995][916]LogMaterial: Missing cached shader map for material M_SimpleMetal, compiling. 
[2017.08.04-03.49.20:790][  8]MaterialEditorStats: Info Base pass shader: 78 instructions
[2017.08.04-03.49.20:790][  8]MaterialEditorStats: Info Vertex shader: 29 instructions
[2017.08.04-03.49.20:790][  8]MaterialEditorStats: Info Texture samplers: 1/16
[2017.08.04-03.49.21:951][140]LogMaterial: Missing cached shader map for material M_SimpleMetal, compiling. 
[2017.08.04-03.49.22:764][232]MaterialEditorStats: Info Base pass shader: 78 instructions
[2017.08.04-03.49.22:764][232]MaterialEditorStats: Info Vertex shader: 29 instructions
[2017.08.04-03.49.22:764][232]MaterialEditorStats: Info Texture samplers: 1/16
[2017.08.04-03.49.30:841][ 34]LogMaterial: Missing cached shader map for material M_SimpleMetal, compiling. 
[2017.08.04-03.49.31:674][133]MaterialEditorStats: Info Base pass shader: 78 instructions
[2017.08.04-03.49.31:674][133]MaterialEditorStats: Info Vertex shader: 29 instructions
[2017.08.04-03.49.31:674][133]MaterialEditorStats: Info Texture samplers: 1/16
[2017.08.04-03.49.41:274][972]LogMaterial: Missing cached shader map for material M_SimpleMetal, compiling. 
[2017.08.04-03.49.42:084][ 68]MaterialEditorStats: Info Base pass shader: 78 instructions
[2017.08.04-03.49.42:085][ 68]MaterialEditorStats: Info Vertex shader: 29 instructions
[2017.08.04-03.49.42:085][ 68]MaterialEditorStats: Info Texture samplers: 1/16
[2017.08.04-03.49.45:204][442]LogMaterial: Missing cached shader map for material M_SimpleMetal, compiling. 
[2017.08.04-03.49.46:081][546]MaterialEditorStats: Info Base pass shader: 83 instructions
[2017.08.04-03.49.46:081][546]MaterialEditorStats: Info Vertex shader: 29 instructions
[2017.08.04-03.49.46:081][546]MaterialEditorStats: Info Texture samplers: 1/16
[2017.08.04-03.50.13:624][266]LogMaterial: Missing cached shader map for material M_SimpleMetal, compiling. 
[2017.08.04-03.50.13:635][266]LogMaterial: Missing cached shader map for material FMatExpressionPreview MaterialExpressionVectorParameter_0, compiling. 
[2017.08.04-03.50.13:757][267]LogSlate: Took 0.065243 seconds to synchronously load lazily loaded font '../../../Engine/Content/Editor/Slate/Fonts/Roboto-Italic.ttf' (157K)
[2017.08.04-03.50.16:038][532]MaterialEditorStats: Info Base pass shader: 83 instructions
[2017.08.04-03.50.16:038][532]MaterialEditorStats: Info Vertex shader: 29 instructions
[2017.08.04-03.50.16:038][532]MaterialEditorStats: Info Texture samplers: 1/16
[2017.08.04-03.50.56:634][529]LogSlate: Took 0.000187 seconds to synchronously load lazily loaded font '../../../Engine/Content/Slate/Fonts/Roboto-Light.ttf' (159K)
[2017.08.04-03.51.04:156][849]LogMaterial: Missing cached shader map for material M_SimpleMetal, compiling. 
[2017.08.04-03.51.04:180][849]LogMaterial: Missing cached shader map for material FMatExpressionPreview MaterialExpressionVectorParameter_0, compiling. 
[2017.08.04-03.51.05:336][983]MaterialEditorStats: Info Base pass shader: 85 instructions
[2017.08.04-03.51.05:336][983]MaterialEditorStats: Info Vertex shader: 29 instructions
[2017.08.04-03.51.05:336][983]MaterialEditorStats: Info Texture samplers: 1/16
[2017.08.04-03.51.08:617][ 99]LogFileHelpers: Editor autosave (incl. sublevels) for '/Temp/Untitled_1' took 0.008
[2017.08.04-03.51.08:652][ 99]OBJ SavePackage: Generating thumbnails for [1] asset(s) in package [/Game/Assets/BallSphere] ([1] browsable assets)...
[2017.08.04-03.51.08:667][ 99]OBJ SavePackage:     Rendered thumbnail for [StaticMesh /Game/Assets/BallSphere.BallSphere]
[2017.08.04-03.51.08:667][ 99]OBJ SavePackage: Finished generating thumbnails for package [/Game/Assets/BallSphere]
[2017.08.04-03.51.08:682][ 99]LogSavePackage: Save=13.29ms
[2017.08.04-03.51.08:682][ 99]LogSavePackage: Moving '../../../../../../Users/cdiet/Documents/Udemy/UE4 Develop first 2 games/MyProject/Saved/BallSphere_Auto1580672324F9B50CEA932788BC108638D.tmp' to '../../../../../../Users/cdiet/Documents/Udemy/UE4 Develop first 2 games/MyProject/Saved/Autosaves/Game/Assets/BallSphere_Auto1.uasset'
[2017.08.04-03.51.08:683][ 99]LogSavePackage:Display: Finished SavePackage ../../../../../../Users/cdiet/Documents/Udemy/UE4 Develop first 2 games/MyProject/Saved/Autosaves/Game/Assets/BallSphere_Auto1.uasset
[2017.08.04-03.51.08:683][ 99]LogFileHelpers: Auto-saving content packages took 0.055
[2017.08.04-03.51.20:162][172]LogMaterial: Missing cached shader map for material M_SimpleMetal, compiling. 
[2017.08.04-03.51.20:178][172]LogMaterial: Missing cached shader map for material FMatExpressionPreview MaterialExpressionVectorParameter_0, compiling. 
[2017.08.04-03.51.21:039][272]MaterialEditorStats: Info Base pass shader: 85 instructions
[2017.08.04-03.51.21:039][272]MaterialEditorStats: Info Vertex shader: 29 instructions
[2017.08.04-03.51.21:039][272]MaterialEditorStats: Info Texture samplers: 1/16
[2017.08.04-03.51.41:566][760]LogMaterial: Missing cached shader map for material FMatExpressionPreview MaterialExpressionVectorParameter_0, compiling. 
[2017.08.04-03.51.42:089][818]LogMaterial: Missing cached shader map for material FMatExpressionPreview MaterialExpressionVectorParameter_0, compiling. 
[2017.08.04-03.51.42:147][820]LogMaterial: Missing cached shader map for material FMatExpressionPreview MaterialExpressionVectorParameter_0, compiling. 
[2017.08.04-03.51.42:178][820]LogMaterial: Missing cached shader map for material FMatExpressionPreview MaterialExpressionVectorParameter_0, compiling. 
[2017.08.04-03.51.42:208][820]LogMaterial: Missing cached shader map for material FMatExpressionPreview MaterialExpressionVectorParameter_0, compiling. 
[2017.08.04-03.51.42:238][820]LogMaterial: Missing cached shader map for material FMatExpressionPreview MaterialExpressionVectorParameter_0, compiling. 
[2017.08.04-03.51.42:294][822]LogMaterial: Missing cached shader map for material FMatExpressionPreview MaterialExpressionVectorParameter_0, compiling. 
[2017.08.04-03.51.42:325][822]LogMaterial: Missing cached shader map for material FMatExpressionPreview MaterialExpressionVectorParameter_0, compiling. 
[2017.08.04-03.51.42:356][822]LogMaterial: Missing cached shader map for material FMatExpressionPreview MaterialExpressionVectorParameter_0, compiling. 
[2017.08.04-03.51.42:385][822]LogMaterial: Missing cached shader map for material M_SimpleMetal, compiling. 
[2017.08.04-03.51.42:406][822]LogMaterial: Missing cached shader map for material FMatExpressionPreview MaterialExpressionVectorParameter_0, compiling. 
[2017.08.04-03.51.43:476][941]MaterialEditorStats: Info Base pass shader: 85 instructions
[2017.08.04-03.51.43:476][941]MaterialEditorStats: Info Vertex shader: 29 instructions
[2017.08.04-03.51.43:476][941]MaterialEditorStats: Info Texture samplers: 1/16
[2017.08.04-03.51.44:856][106]LogMaterial: Missing cached shader map for material FMatExpressionPreview MaterialExpressionVectorParameter_0, compiling. 
[2017.08.04-03.51.44:984][117]LogMaterial: Missing cached shader map for material M_SimpleMetal, compiling. 
[2017.08.04-03.51.45:003][117]LogMaterial: Missing cached shader map for material FMatExpressionPreview MaterialExpressionVectorParameter_0, compiling. 
[2017.08.04-03.51.45:962][224]MaterialEditorStats: Info Base pass shader: 85 instructions
[2017.08.04-03.51.45:962][224]MaterialEditorStats: Info Vertex shader: 29 instructions
[2017.08.04-03.51.45:962][224]MaterialEditorStats: Info Texture samplers: 1/16
[2017.08.04-03.52.08:127][787]LogMaterialEditor: Saving and Compiling material M_SimpleMetal
[2017.08.04-03.52.09:675][787]LogMaterial: Missing cached shader map for material M_SimpleMetal, compiling. 
[2017.08.04-03.52.09:713][787]LogMaterial: Missing cached shader map for material M_SimpleMetal, compiling. 
[2017.08.04-03.52.09:757][787]LogMaterial: Missing cached shader map for material M_SimpleMetal, compiling. 
[2017.08.04-03.52.09:796][787]LogMaterial: Missing cached shader map for material FDebugViewModeMaterialProxy M_SimpleMetal, compiling. 
[2017.08.04-03.52.10:621][787]TextureStreamingBuild:Display: Compiling optional shaders took 0.832 seconds.
[2017.08.04-03.52.12:039][787]LogSlate: Took 0.000131 seconds to synchronously load lazily loaded font '../../../Engine/Content/Slate/Fonts/Roboto-Regular.ttf' (155K)
[2017.08.04-03.52.12:076][787]Cmd: OBJ SAVEPACKAGE PACKAGE="/Game/Assets/M_SimpleMetal" FILE="../../../../../../Users/cdiet/Documents/Udemy/UE4 Develop first 2 games/MyProject/Content/Assets/M_SimpleMetal.uasset" SILENT=true
[2017.08.04-03.52.12:100][787]LogSavePackage: Save=15.60ms
[2017.08.04-03.52.12:100][787]LogSavePackage: Moving '../../../../../../Users/cdiet/Documents/Udemy/UE4 Develop first 2 games/MyProject/Saved/M_SimpleMetal17403F804D4B34769BC2EDAE1D14527C.tmp' to '../../../../../../Users/cdiet/Documents/Udemy/UE4 Develop first 2 games/MyProject/Content/Assets/M_SimpleMetal.uasset'
[2017.08.04-03.52.12:111][787]LogSavePackage:Display: Finished SavePackage ../../../../../../Users/cdiet/Documents/Udemy/UE4 Develop first 2 games/MyProject/Content/Assets/M_SimpleMetal.uasset
[2017.08.04-03.52.12:123][787]MaterialEditorStats: Info Base pass shader: 85 instructions
[2017.08.04-03.52.12:123][787]MaterialEditorStats: Info Vertex shader: 29 instructions
[2017.08.04-03.52.12:123][787]MaterialEditorStats: Info Texture samplers: 2/16
[2017.08.04-03.52.49:367][623]LogRenderer: Reallocating scene render targets to support 1144x708 NumSamples 1 (Frame:1).
[2017.08.04-03.53.14:052][960]Cmd: OBJ SAVEPACKAGE PACKAGE="/Game/Assets/BallSphere" FILE="../../../../../../Users/cdiet/Documents/Udemy/UE4 Develop first 2 games/MyProject/Content/Assets/BallSphere.uasset" SILENT=true
[2017.08.04-03.53.14:068][960]LogSavePackage: Save=14.00ms
[2017.08.04-03.53.14:068][960]LogSavePackage: Moving '../../../../../../Users/cdiet/Documents/Udemy/UE4 Develop first 2 games/MyProject/Saved/BallSphere31B87BB44C0A118CC841D08FE8E67DA8.tmp' to '../../../../../../Users/cdiet/Documents/Udemy/UE4 Develop first 2 games/MyProject/Content/Assets/BallSphere.uasset'
[2017.08.04-03.53.14:071][960]LogSavePackage:Display: Finished SavePackage ../../../../../../Users/cdiet/Documents/Udemy/UE4 Develop first 2 games/MyProject/Content/Assets/BallSphere.uasset
[2017.08.04-03.53.18:215][419]LogMaterial:Warning: Material /Game/Assets/M_SimpleMetal.M_SimpleMetal needed to have new flag set bUsedWithStaticLighting !
[2017.08.04-03.53.18:227][419]LogMaterial:Warning: Material /Engine/Transient.M_SimpleMetal needed to have new flag set bUsedWithStaticLighting !
[2017.08.04-03.53.18:230][419]LogMaterial: Missing cached shader map for material M_SimpleMetal, compiling. 
[2017.08.04-03.53.18:254][419]LogMaterial: Missing cached shader map for material M_SimpleMetal, compiling. 
[2017.08.04-03.53.21:741][800]MaterialEditorStats: Info Base pass shader: 85 instructions
[2017.08.04-03.53.21:741][800]MaterialEditorStats: Info Vertex shader: 29 instructions
[2017.08.04-03.53.21:741][800]MaterialEditorStats: Info Texture samplers: 3/16
[2017.08.04-03.53.23:334][990]Cmd: TRANSACTION UNDO
[2017.08.04-03.53.23:334][990]LogEditorTransaction: Undo Create Actors
[2017.08.04-03.53.23:396][990]LogMaterial: Missing cached shader map for material M_SimpleMetal, compiling. 
[2017.08.04-03.53.24:422][ 61]MaterialEditorStats: Info Base pass shader: 85 instructions
[2017.08.04-03.53.24:422][ 61]MaterialEditorStats: Info Vertex shader: 29 instructions
[2017.08.04-03.53.24:422][ 61]MaterialEditorStats: Info Texture samplers: 3/16
[2017.08.04-03.53.26:025][208]LogActorFactory: Actor Factory created BallSphere
[2017.08.04-03.53.27:390][347]LogActorFactory: Actor Factory created BallSphere
[2017.08.04-03.54.39:410][ 72]LogEditorTransaction: Undo Create Sphere Collision
[2017.08.04-03.54.39:475][ 72]LogMaterial: Missing cached shader map for material M_SimpleMetal, compiling. 
[2017.08.04-03.54.40:193][137]LogEditorTransaction: Undo Create Sphere Collision
[2017.08.04-03.54.40:198][137]LogMaterial: Missing cached shader map for material M_SimpleMetal, compiling. 
[2017.08.04-03.54.41:248][243]MaterialEditorStats: Info Base pass shader: 85 instructions
[2017.08.04-03.54.41:248][243]MaterialEditorStats: Info Vertex shader: 29 instructions
[2017.08.04-03.54.41:248][243]MaterialEditorStats: Info Texture samplers: 3/16
[2017.08.04-03.55.15:717][925]Cmd: OBJ SAVEPACKAGE PACKAGE="/Game/Assets/BallSphere" FILE="../../../../../../Users/cdiet/Documents/Udemy/UE4 Develop first 2 games/MyProject/Content/Assets/BallSphere.uasset" SILENT=true
[2017.08.04-03.55.15:730][925]LogSavePackage: Save=5.91ms
[2017.08.04-03.55.15:730][925]LogSavePackage: Moving '../../../../../../Users/cdiet/Documents/Udemy/UE4 Develop first 2 games/MyProject/Saved/BallSphere1EC33D9649F2D5638BECE8BFCB248947.tmp' to '../../../../../../Users/cdiet/Documents/Udemy/UE4 Develop first 2 games/MyProject/Content/Assets/BallSphere.uasset'
[2017.08.04-03.55.15:733][925]LogSavePackage:Display: Finished SavePackage ../../../../../../Users/cdiet/Documents/Udemy/UE4 Develop first 2 games/MyProject/Content/Assets/BallSphere.uasset
[2017.08.04-03.55.19:080][321]LogMaterialEditor: Saving and Compiling material M_SimpleMetal
[2017.08.04-03.55.20:208][321]LogMaterial: Missing cached shader map for material M_SimpleMetal, compiling. 
[2017.08.04-03.55.20:246][321]LogMaterial: Missing cached shader map for material M_SimpleMetal, compiling. 
[2017.08.04-03.55.20:281][321]LogMaterial: Missing cached shader map for material M_SimpleMetal, compiling. 
[2017.08.04-03.55.20:342][321]LogMaterial: Missing cached shader map for material FDebugViewModeMaterialProxy M_SimpleMetal, compiling. 
[2017.08.04-03.55.21:190][321]TextureStreamingBuild:Display: Compiling optional shaders took 0.854 seconds.
[2017.08.04-03.55.22:988][321]Cmd: OBJ SAVEPACKAGE PACKAGE="/Game/Assets/M_SimpleMetal" FILE="../../../../../../Users/cdiet/Documents/Udemy/UE4 Develop first 2 games/MyProject/Content/Assets/M_SimpleMetal.uasset" SILENT=true
[2017.08.04-03.55.23:005][321]LogSavePackage: Save=15.01ms
[2017.08.04-03.55.23:005][321]LogSavePackage: Moving '../../../../../../Users/cdiet/Documents/Udemy/UE4 Develop first 2 games/MyProject/Saved/M_SimpleMetalA33A7DDE4857EBF1FF9B9BAE2B7B6D54.tmp' to '../../../../../../Users/cdiet/Documents/Udemy/UE4 Develop first 2 games/MyProject/Content/Assets/M_SimpleMetal.uasset'
[2017.08.04-03.55.23:026][321]LogSavePackage:Display: Finished SavePackage ../../../../../../Users/cdiet/Documents/Udemy/UE4 Develop first 2 games/MyProject/Content/Assets/M_SimpleMetal.uasset
[2017.08.04-03.55.54:638][878]LogTemp: Repeting last play command: Selected Viewport
[2017.08.04-03.55.54:696][878]LogPlayLevel: PlayLevel: No blueprints needed recompiling
[2017.08.04-03.55.54:764][878]PIE: New page: PIE session: Untitled_1 (Aug 3, 2017, 7:55:54 PM)
[2017.08.04-03.55.54:772][878]LogPlayLevel: Creating play world package: /Temp/UEDPIE_0_Untitled_1
[2017.08.04-03.55.54:885][878]LogPlayLevel: PIE: StaticDuplicateObject took: (0.112821s)
[2017.08.04-03.55.54:885][878]LogAIModule: Creating AISystem for world Untitled_1
[2017.08.04-03.55.54:886][878]LogPlayLevel: PIE: World Init took: (0.001108s)
[2017.08.04-03.55.54:901][878]LogPlayLevel: PIE: Created PIE world by copying editor world from /Temp/Untitled_1.Untitled_1 to /Temp/UEDPIE_0_Untitled_1.Untitled_1 (0.129778s)
[2017.08.04-03.55.54:979][878]LogInit: XAudio2 using 'Speakers (Realtek High Definition Audio)' : 6 channels at 48 kHz using 32 bits per sample (channel mask 0x3f)
[2017.08.04-03.55.55:014][878]LogInit: FAudioDevice initialized.
[2017.08.04-03.55.55:093][878]LogLoad: Game class is 'GameModeBase'
[2017.08.04-03.55.55:196][878]LogWorld: Bringing World /Temp/UEDPIE_0_Untitled_1.Untitled_1 up for play (max tick rate 0) at 2017.08.03-23.55.55
[2017.08.04-03.55.55:215][878]LogWorld: Bringing up level for play took: 0.011138
[2017.08.04-03.55.55:436][878]LogContentBrowser: Native class hierarchy updated for 'MovieSceneCapture' in 0.0007 seconds. Added 11 classes and 0 folders.
[2017.08.04-03.55.55:493][878]PIE: Info Play in editor start time for /Temp/UEDPIE_0_Untitled_1 0.6
[2017.08.04-03.56.08:818][914]LogTemp: Repeting last play command: Selected Viewport
[2017.08.04-03.56.08:829][914]LogPlayLevel: PlayLevel: No blueprints needed recompiling
[2017.08.04-03.56.08:829][914]PIE: New page: PIE session: Untitled_1 (Aug 3, 2017, 7:56:08 PM)
[2017.08.04-03.56.08:829][914]LogPlayLevel: Creating play world package: /Temp/UEDPIE_0_Untitled_1
[2017.08.04-03.56.08:830][914]LogPlayLevel: PIE: StaticDuplicateObject took: (0.001384s)
[2017.08.04-03.56.08:831][914]LogAIModule: Creating AISystem for world Untitled_1
[2017.08.04-03.56.08:831][914]LogPlayLevel: PIE: World Init took: (0.000760s)
[2017.08.04-03.56.08:831][914]LogPlayLevel: PIE: Created PIE world by copying editor world from /Temp/Untitled_1.Untitled_1 to /Temp/UEDPIE_0_Untitled_1.Untitled_1 (0.002355s)
[2017.08.04-03.56.08:842][914]LogInit: XAudio2 using 'Speakers (Realtek High Definition Audio)' : 6 channels at 48 kHz using 32 bits per sample (channel mask 0x3f)
[2017.08.04-03.56.08:872][914]LogInit: FAudioDevice initialized.
[2017.08.04-03.56.08:940][914]LogLoad: Game class is 'GameModeBase'
[2017.08.04-03.56.08:943][914]LogWorld: Bringing World /Temp/UEDPIE_0_Untitled_1.Untitled_1 up for play (max tick rate 0) at 2017.08.03-23.56.08
[2017.08.04-03.56.08:943][914]LogWorld: Bringing up level for play took: 0.001293
[2017.08.04-03.56.08:944][914]PIE: Info Play in editor start time for /Temp/UEDPIE_0_Untitled_1 0.06
[2017.08.04-03.56.17:834][953]LogPlayLevel: PlayLevel: No blueprints needed recompiling
[2017.08.04-03.56.17:834][953]PIE: New page: SIE session: Untitled_1 (Aug 3, 2017, 7:56:17 PM)
[2017.08.04-03.56.17:834][953]LogPlayLevel: Creating play world package: /Temp/UEDPIE_0_Untitled_1
[2017.08.04-03.56.17:835][953]LogPlayLevel: PIE: StaticDuplicateObject took: (0.001556s)
[2017.08.04-03.56.17:836][953]LogAIModule: Creating AISystem for world Untitled_1
[2017.08.04-03.56.17:837][953]LogPlayLevel: PIE: World Init took: (0.001168s)
[2017.08.04-03.56.17:837][953]LogPlayLevel: PIE: Created PIE world by copying editor world from /Temp/Untitled_1.Untitled_1 to /Temp/UEDPIE_0_Untitled_1.Untitled_1 (0.002938s)
[2017.08.04-03.56.17:846][953]LogInit: XAudio2 using 'Speakers (Realtek High Definition Audio)' : 6 channels at 48 kHz using 32 bits per sample (channel mask 0x3f)
[2017.08.04-03.56.17:877][953]LogInit: FAudioDevice initialized.
[2017.08.04-03.56.17:926][953]LogLoad: Game class is 'GameModeBase'
[2017.08.04-03.56.17:933][953]LogWorld: Bringing World /Temp/UEDPIE_0_Untitled_1.Untitled_1 up for play (max tick rate 0) at 2017.08.03-23.56.17
[2017.08.04-03.56.17:934][953]LogWorld: Bringing up level for play took: 0.003615
[2017.08.04-03.56.17:936][953]PIE: Info Play in editor start time for /Temp/UEDPIE_0_Untitled_1 1.051
[2017.08.04-03.56.23:669][555]LogEditorViewport: Clicking on Actor (LMB): StaticMeshActor (BallSphere)
[2017.08.04-03.56.29:522][908]LogTemp: Repeting last play command: Simulate
[2017.08.04-03.56.29:529][908]LogPlayLevel: PlayLevel: No blueprints needed recompiling
[2017.08.04-03.56.29:529][908]PIE: New page: SIE session: Untitled_1 (Aug 3, 2017, 7:56:29 PM)
[2017.08.04-03.56.29:529][908]LogPlayLevel: Creating play world package: /Temp/UEDPIE_0_Untitled_1
[2017.08.04-03.56.29:531][908]LogPlayLevel: PIE: StaticDuplicateObject took: (0.001588s)
[2017.08.04-03.56.29:531][908]LogAIModule: Creating AISystem for world Untitled_1
[2017.08.04-03.56.29:532][908]LogPlayLevel: PIE: World Init took: (0.000885s)
[2017.08.04-03.56.29:532][908]LogPlayLevel: PIE: Created PIE world by copying editor world from /Temp/Untitled_1.Untitled_1 to /Temp/UEDPIE_0_Untitled_1.Untitled_1 (0.002688s)
[2017.08.04-03.56.29:543][908]LogInit: XAudio2 using 'Speakers (Realtek High Definition Audio)' : 6 channels at 48 kHz using 32 bits per sample (channel mask 0x3f)
[2017.08.04-03.56.29:576][908]LogInit: FAudioDevice initialized.
[2017.08.04-03.56.29:605][908]LogLoad: Game class is 'GameModeBase'
[2017.08.04-03.56.29:606][908]LogWorld: Bringing World /Temp/UEDPIE_0_Untitled_1.Untitled_1 up for play (max tick rate 60) at 2017.08.03-23.56.29
[2017.08.04-03.56.29:607][908]LogWorld: Bringing up level for play took: 0.000994
[2017.08.04-03.56.29:608][908]PIE: Info Play in editor start time for /Temp/UEDPIE_0_Untitled_1 0.723
[2017.08.04-03.58.04:176][ 11]LogMetaData: Removing '/Game/Blueprints/BP_Ball.BP_Ball:UserConstructionScript.K2Node_FunctionEntry_0' ref from Metadata '/Game/Blueprints/NewBlueprint.PackageMetaData'
[2017.08.04-03.58.04:176][ 11]LogMetaData: Removing '/Game/Blueprints/BP_Ball.SKEL_BP_Ball_C' ref from Metadata '/Game/Blueprints/NewBlueprint.PackageMetaData'
[2017.08.04-03.58.04:176][ 11]LogMetaData: Removing '/Game/Blueprints/BP_Ball.BP_Ball_C' ref from Metadata '/Game/Blueprints/NewBlueprint.PackageMetaData'
[2017.08.04-03.58.04:176][ 11]LogMetaData: Removing '/Game/Blueprints/BP_Ball.BP_Ball:EventGraph.K2Node_Event_0' ref from Metadata '/Game/Blueprints/NewBlueprint.PackageMetaData'
[2017.08.04-03.58.04:176][ 11]LogMetaData: Removing '/Game/Blueprints/BP_Ball.BP_Ball:EventGraph.K2Node_Event_1' ref from Metadata '/Game/Blueprints/NewBlueprint.PackageMetaData'
[2017.08.04-03.58.04:176][ 11]LogMetaData: Removing '/Game/Blueprints/BP_Ball.BP_Ball:EventGraph.K2Node_Event_2' ref from Metadata '/Game/Blueprints/NewBlueprint.PackageMetaData'
[2017.08.04-03.58.04:192][ 11]Cmd: OBJ SAVEPACKAGE PACKAGE="/Game/Blueprints/BP_Ball" FILE="../../../../../../Users/cdiet/Documents/Udemy/UE4 Develop first 2 games/MyProject/Content/Blueprints/BP_Ball.uasset" SILENT=true
[2017.08.04-03.58.04:235][ 11]LogSavePackage: Save=39.36ms
[2017.08.04-03.58.04:235][ 11]LogSavePackage: Moving '../../../../../../Users/cdiet/Documents/Udemy/UE4 Develop first 2 games/MyProject/Saved/BP_Ball1414D99A4B8D07CEA3A7F1AD3476ADBD.tmp' to '../../../../../../Users/cdiet/Documents/Udemy/UE4 Develop first 2 games/MyProject/Content/Blueprints/BP_Ball.uasset'
[2017.08.04-03.58.04:237][ 11]LogSavePackage:Display: Finished SavePackage ../../../../../../Users/cdiet/Documents/Udemy/UE4 Develop first 2 games/MyProject/Content/Blueprints/BP_Ball.uasset
[2017.08.04-03.58.15:245][164]LogContentBrowser: Native class hierarchy updated for 'BlueprintGraph' in 0.0011 seconds. Added 112 classes and 0 folders.
[2017.08.04-04.00.15:520][842]BlueprintLog: New page: Compile BP_Ball
[2017.08.04-04.00.17:014][913]Cmd: OBJ SAVEPACKAGE PACKAGE="/Game/Blueprints/BP_Ball" FILE="../../../../../../Users/cdiet/Documents/Udemy/UE4 Develop first 2 games/MyProject/Content/Blueprints/BP_Ball.uasset" SILENT=true
[2017.08.04-04.00.17:044][913]LogSavePackage: Save=21.94ms
[2017.08.04-04.00.17:044][913]LogSavePackage: Moving '../../../../../../Users/cdiet/Documents/Udemy/UE4 Develop first 2 games/MyProject/Saved/BP_Ball5A0723094EB3042AE34DD3A51930BCDB.tmp' to '../../../../../../Users/cdiet/Documents/Udemy/UE4 Develop first 2 games/MyProject/Content/Blueprints/BP_Ball.uasset'
[2017.08.04-04.00.17:046][913]LogSavePackage:Display: Finished SavePackage ../../../../../../Users/cdiet/Documents/Udemy/UE4 Develop first 2 games/MyProject/Content/Blueprints/BP_Ball.uasset
[2017.08.04-04.00.46:483][912]LogEditorActor: Deleted Actor: StaticMeshActor
[2017.08.04-04.00.46:498][912]LogEditorActor: Deleted 1 Actors (0.015 secs)
[2017.08.04-04.00.48:071][  7]LogEditorViewport: Clicking on Actor (LMB): BP_Ball_C (BP_Ball)
[2017.08.04-04.00.59:121][459]LogTemp: Repeting last play command: Simulate
[2017.08.04-04.00.59:138][459]LogPlayLevel: PlayLevel: No blueprints needed recompiling
[2017.08.04-04.00.59:138][459]PIE: New page: SIE session: Untitled_1 (Aug 3, 2017, 8:00:59 PM)
[2017.08.04-04.00.59:138][459]LogPlayLevel: Creating play world package: /Temp/UEDPIE_0_Untitled_1
[2017.08.04-04.00.59:140][459]LogPlayLevel: PIE: StaticDuplicateObject took: (0.002084s)
[2017.08.04-04.00.59:141][459]LogAIModule: Creating AISystem for world Untitled_1
[2017.08.04-04.00.59:141][459]LogPlayLevel: PIE: World Init took: (0.001279s)
[2017.08.04-04.00.59:142][459]LogPlayLevel: PIE: Created PIE world by copying editor world from /Temp/Untitled_1.Untitled_1 to /Temp/UEDPIE_0_Untitled_1.Untitled_1 (0.003710s)
[2017.08.04-04.00.59:159][459]LogInit: XAudio2 using 'Speakers (Realtek High Definition Audio)' : 6 channels at 48 kHz using 32 bits per sample (channel mask 0x3f)
[2017.08.04-04.00.59:192][459]LogInit: FAudioDevice initialized.
[2017.08.04-04.00.59:225][459]LogLoad: Game class is 'GameModeBase'
[2017.08.04-04.00.59:227][459]LogWorld: Bringing World /Temp/UEDPIE_0_Untitled_1.Untitled_1 up for play (max tick rate 60) at 2017.08.04-00.00.59
[2017.08.04-04.00.59:228][459]LogWorld: Bringing up level for play took: 0.001195
[2017.08.04-04.00.59:228][459]PIE: Info Play in editor start time for /Temp/UEDPIE_0_Untitled_1 0.344
[2017.08.04-04.01.26:429][713]LogSavePackage: Save=35.19ms
[2017.08.04-04.01.26:429][713]LogSavePackage: Moving '../../../../../../Users/cdiet/Documents/Udemy/UE4 Develop first 2 games/MyProject/Saved/Untitled_1_Auto2B7E5E7B84853726E27AC869DA482C14C.tmp' to '../../../../../../Users/cdiet/Documents/Udemy/UE4 Develop first 2 games/MyProject/Saved/Autosaves/Temp/Untitled_1_Auto2.umap'
[2017.08.04-04.01.26:432][713]LogSavePackage:Display: Finished SavePackage ../../../../../../Users/cdiet/Documents/Udemy/UE4 Develop first 2 games/MyProject/Saved/Autosaves/Temp/Untitled_1_Auto2.umap
[2017.08.04-04.01.26:446][713]LogFileHelpers: Editor autosave (incl. sublevels) for '/Temp/Untitled_1' took 0.089
[2017.08.04-04.01.26:446][713]LogFileHelpers: Editor autosave (incl. sublevels) for all levels took 0.089
[2017.08.04-04.05.30:685][642]LogSlate: Took 0.013948 seconds to synchronously load lazily loaded font '../../../Engine/Content/Editor/Slate/Fonts/Roboto-BoldCondensedItalic.ttf' (160K)
[2017.08.04-04.05.46:003][ 85]BlueprintLog: New page: Compile BP_Ball
[2017.08.04-04.08.42:629][528]BlueprintLog: New page: Compile BP_Ball
[2017.08.04-04.08.43:857][583]Cmd: OBJ SAVEPACKAGE PACKAGE="/Game/Blueprints/BP_Ball" FILE="../../../../../../Users/cdiet/Documents/Udemy/UE4 Develop first 2 games/MyProject/Content/Blueprints/BP_Ball.uasset" SILENT=true
[2017.08.04-04.08.43:893][583]LogSavePackage: Save=28.25ms
[2017.08.04-04.08.43:893][583]LogSavePackage: Moving '../../../../../../Users/cdiet/Documents/Udemy/UE4 Develop first 2 games/MyProject/Saved/BP_BallEFDCA3A44F437B0BC413CA8B77F10FC2.tmp' to '../../../../../../Users/cdiet/Documents/Udemy/UE4 Develop first 2 games/MyProject/Content/Blueprints/BP_Ball.uasset'
[2017.08.04-04.08.43:897][583]LogSavePackage:Display: Finished SavePackage ../../../../../../Users/cdiet/Documents/Udemy/UE4 Develop first 2 games/MyProject/Content/Blueprints/BP_Ball.uasset
[2017.08.04-04.08.52:516][872]LogTemp: Repeting last play command: Simulate
[2017.08.04-04.08.52:526][872]LogPlayLevel: PlayLevel: No blueprints needed recompiling
[2017.08.04-04.08.52:526][872]PIE: New page: SIE session: Untitled_1 (Aug 3, 2017, 8:08:52 PM)
[2017.08.04-04.08.52:526][872]LogPlayLevel: Creating play world package: /Temp/UEDPIE_0_Untitled_1
[2017.08.04-04.08.52:527][872]LogPlayLevel: PIE: StaticDuplicateObject took: (0.001488s)
[2017.08.04-04.08.52:528][872]LogAIModule: Creating AISystem for world Untitled_1
[2017.08.04-04.08.52:528][872]LogPlayLevel: PIE: World Init took: (0.000791s)
[2017.08.04-04.08.52:528][872]LogPlayLevel: PIE: Created PIE world by copying editor world from /Temp/Untitled_1.Untitled_1 to /Temp/UEDPIE_0_Untitled_1.Untitled_1 (0.002448s)
[2017.08.04-04.08.52:544][872]LogInit: XAudio2 using 'Speakers (Realtek High Definition Audio)' : 6 channels at 48 kHz using 32 bits per sample (channel mask 0x3f)
[2017.08.04-04.08.52:577][872]LogInit: FAudioDevice initialized.
[2017.08.04-04.08.52:608][872]LogLoad: Game class is 'GameModeBase'
[2017.08.04-04.08.52:610][872]LogWorld: Bringing World /Temp/UEDPIE_0_Untitled_1.Untitled_1 up for play (max tick rate 60) at 2017.08.04-00.08.52
[2017.08.04-04.08.52:610][872]LogWorld: Bringing up level for play took: 0.000982
[2017.08.04-04.08.52:611][872]PIE: Info Play in editor start time for /Temp/UEDPIE_0_Untitled_1 -0.274
[2017.08.04-04.08.57:648][165]LogTemp: Repeting last play command: Simulate
[2017.08.04-04.08.57:656][165]LogPlayLevel: PlayLevel: No blueprints needed recompiling
[2017.08.04-04.08.57:656][165]PIE: New page: SIE session: Untitled_1 (Aug 3, 2017, 8:08:57 PM)
[2017.08.04-04.08.57:656][165]LogPlayLevel: Creating play world package: /Temp/UEDPIE_0_Untitled_1
[2017.08.04-04.08.57:658][165]LogPlayLevel: PIE: StaticDuplicateObject took: (0.001963s)
[2017.08.04-04.08.57:659][165]LogAIModule: Creating AISystem for world Untitled_1
[2017.08.04-04.08.57:659][165]LogPlayLevel: PIE: World Init took: (0.000961s)
[2017.08.04-04.08.57:659][165]LogPlayLevel: PIE: Created PIE world by copying editor world from /Temp/Untitled_1.Untitled_1 to /Temp/UEDPIE_0_Untitled_1.Untitled_1 (0.003169s)
[2017.08.04-04.08.57:678][165]LogInit: XAudio2 using 'Speakers (Realtek High Definition Audio)' : 6 channels at 48 kHz using 32 bits per sample (channel mask 0x3f)
[2017.08.04-04.08.57:709][165]LogInit: FAudioDevice initialized.
[2017.08.04-04.08.57:739][165]LogLoad: Game class is 'GameModeBase'
[2017.08.04-04.08.57:742][165]LogWorld: Bringing World /Temp/UEDPIE_0_Untitled_1.Untitled_1 up for play (max tick rate 60) at 2017.08.04-00.08.57
[2017.08.04-04.08.57:742][165]LogWorld: Bringing up level for play took: 0.001487
[2017.08.04-04.08.57:743][165]PIE: Info Play in editor start time for /Temp/UEDPIE_0_Untitled_1 0.858
[2017.08.04-04.09.03:363][326]LogTemp: Repeting last play command: Simulate
[2017.08.04-04.09.03:369][326]LogPlayLevel: PlayLevel: No blueprints needed recompiling
[2017.08.04-04.09.03:369][326]PIE: New page: SIE session: Untitled_1 (Aug 3, 2017, 8:09:03 PM)
[2017.08.04-04.09.03:369][326]LogPlayLevel: Creating play world package: /Temp/UEDPIE_0_Untitled_1
[2017.08.04-04.09.03:371][326]LogPlayLevel: PIE: StaticDuplicateObject took: (0.001956s)
[2017.08.04-04.09.03:372][326]LogAIModule: Creating AISystem for world Untitled_1
[2017.08.04-04.09.03:372][326]LogPlayLevel: PIE: World Init took: (0.001046s)
[2017.08.04-04.09.03:373][326]LogPlayLevel: PIE: Created PIE world by copying editor world from /Temp/Untitled_1.Untitled_1 to /Temp/UEDPIE_0_Untitled_1.Untitled_1 (0.003315s)
[2017.08.04-04.09.03:390][326]LogInit: XAudio2 using 'Speakers (Realtek High Definition Audio)' : 6 channels at 48 kHz using 32 bits per sample (channel mask 0x3f)
[2017.08.04-04.09.03:423][326]LogInit: FAudioDevice initialized.
[2017.08.04-04.09.03:455][326]LogLoad: Game class is 'GameModeBase'
[2017.08.04-04.09.03:457][326]LogWorld: Bringing World /Temp/UEDPIE_0_Untitled_1.Untitled_1 up for play (max tick rate 60) at 2017.08.04-00.09.03
[2017.08.04-04.09.03:458][326]LogWorld: Bringing up level for play took: 0.001500
[2017.08.04-04.09.03:459][326]PIE: Info Play in editor start time for /Temp/UEDPIE_0_Untitled_1 0.574
[2017.08.04-04.09.34:161][843]LogSavePackage: Save=30.57ms
[2017.08.04-04.09.34:161][843]LogSavePackage: Moving '../../../../../../Users/cdiet/Documents/Udemy/UE4 Develop first 2 games/MyProject/Saved/PinballLevel6F0A27F9446C0F54ED1283AC70FDC199.tmp' to '../../../../../../Users/cdiet/Documents/Udemy/UE4 Develop first 2 games/MyProject/Content/PinballLevel.umap'
[2017.08.04-04.09.34:177][843]LogSavePackage:Display: Finished SavePackage ../../../../../../Users/cdiet/Documents/Udemy/UE4 Develop first 2 games/MyProject/Content/PinballLevel.umap
[2017.08.04-04.09.34:229][843]LogFileHelpers: Saving map 'PinballLevel' took 0.848
[2017.08.04-04.10.31:794][933]LogUProjectInfo: Found projects:
[2017.08.04-04.11.54:502][448]LogWindowsTextInputMethodSystem:Display: IME system now deactivated.
[2017.08.04-04.11.54:725][449]Cmd: QUIT_EDITOR
[2017.08.04-04.11.55:053][449]LogExit: Preparing to exit.
[2017.08.04-04.11.55:359][449]LogDirectoryWatcher: A directory notification for 'C:/Users/cdiet/Documents/Udemy/UE4 Develop first 2 games/MyProject/Content/' was aborted.
[2017.08.04-04.11.55:393][449]LogExit: Editor shut down
[2017.08.04-04.11.55:397][449]LogExit: Transaction tracking system shut down
[2017.08.04-04.11.55:498][449]LogObj: Freed 0b from 0 cluster array pools.
[2017.08.04-04.11.55:499][449]LogExit: Object subsystem successfully closed.
[2017.08.04-04.11.55:520][449]LogD3D11RHI: Shutdown
[2017.08.04-04.11.55:520][449]LogD3D11RHI: CleanupD3DDevice
[2017.08.04-04.11.55:630][449]LogD3D11RHI: ~FD3D11DynamicRHI
[2017.08.04-04.11.55:658][449]LogModuleManager: Shutting down and abandoning module HierarchicalLODUtilities (536)
[2017.08.04-04.11.55:658][449]LogModuleManager: Shutting down and abandoning module BlueprintGraph (534)
[2017.08.04-04.11.55:658][449]LogModuleManager: Shutting down and abandoning module BlueprintProfiler (532)
[2017.08.04-04.11.55:658][449]LogModuleManager: Shutting down and abandoning module MovieSceneCapture (530)
[2017.08.04-04.11.55:658][449]LogModuleManager: Shutting down and abandoning module StaticMeshEditor (528)
[2017.08.04-04.11.55:658][449]LogModuleManager: Shutting down and abandoning module MaterialEditor (526)
[2017.08.04-04.11.55:658][449]LogModuleManager: Shutting down and abandoning module HierarchicalLODOutliner (524)
[2017.08.04-04.11.55:658][449]LogModuleManager: Shutting down and abandoning module CrashTracker (522)
[2017.08.04-04.11.55:658][449]LogModuleManager: Shutting down and abandoning module SceneOutliner (520)
[2017.08.04-04.11.55:658][449]LogModuleManager: Shutting down and abandoning module AddContentDialog (518)
[2017.08.04-04.11.55:668][449]LogDirectoryWatcher: A directory notification for 'C:/Program Files/Epic Games/UE_4.16/FeaturePacks/' was aborted.
[2017.08.04-04.11.55:669][449]LogModuleManager: Shutting down and abandoning module WidgetCarousel (517)
[2017.08.04-04.11.55:669][449]LogModuleManager: Shutting down and abandoning module EditorWidgets (514)
[2017.08.04-04.11.55:669][449]LogModuleManager: Shutting down and abandoning module CollectionManager (512)
[2017.08.04-04.11.55:669][449]LogDirectoryWatcher: A directory notification for 'C:/Users/cdiet/Documents/Udemy/UE4 Develop first 2 games/MyProject/Content/Collections/' was aborted.
[2017.08.04-04.11.55:670][449]LogDirectoryWatcher: A directory notification for 'C:/Users/cdiet/Documents/Udemy/UE4 Develop first 2 games/MyProject/Content/Developers/cdiet/Collections/' was aborted.
[2017.08.04-04.11.55:670][449]LogDirectoryWatcher: A directory notification for 'C:/Users/cdiet/Documents/Udemy/UE4 Develop first 2 games/MyProject/Saved/Collections/' was aborted.
[2017.08.04-04.11.55:670][449]LogModuleManager: Shutting down and abandoning module StatsViewer (510)
[2017.08.04-04.11.55:670][449]LogModuleManager: Shutting down and abandoning module FoliageEdit (508)
[2017.08.04-04.11.55:670][449]LogModuleManager: Shutting down and abandoning module LandscapeEditor (506)
[2017.08.04-04.11.55:670][449]LogModuleManager: Shutting down and abandoning module MeshPaintMode (504)
[2017.08.04-04.11.55:670][449]LogModuleManager: Shutting down and abandoning module SceneDepthPickerMode (502)
[2017.08.04-04.11.55:670][449]LogModuleManager: Shutting down and abandoning module ActorPickerMode (500)
[2017.08.04-04.11.55:670][449]LogModuleManager: Shutting down and abandoning module GeometryMode (498)
[2017.08.04-04.11.55:670][449]LogModuleManager: Shutting down and abandoning module TextureAlignMode (496)
[2017.08.04-04.11.55:670][449]LogModuleManager: Shutting down and abandoning module BspMode (494)
[2017.08.04-04.11.55:670][449]LogModuleManager: Shutting down and abandoning module HardwareSurvey (492)
[2017.08.04-04.11.55:670][449]LogModuleManager: Shutting down and abandoning module SequenceRecorderSections (490)
[2017.08.04-04.11.55:670][449]LogModuleManager: Shutting down and abandoning module AutomationWorker (488)
[2017.08.04-04.11.55:670][449]LogModuleManager: Shutting down and abandoning module MatineeToLevelSequence (486)
[2017.08.04-04.11.55:670][449]LogModuleManager: Shutting down and abandoning module LevelSequenceEditor (484)
[2017.08.04-04.11.55:670][449]LogModuleManager: Shutting down and abandoning module PlacementMode (483)
[2017.08.04-04.11.55:670][449]LogModuleManager: Shutting down and abandoning module WmfMediaFactory (480)
[2017.08.04-04.11.55:670][449]LogModuleManager: Shutting down and abandoning module WmfMediaEditor (478)
[2017.08.04-04.11.55:670][449]LogModuleManager: Shutting down and abandoning module AvfMediaFactory (476)
[2017.08.04-04.11.55:670][449]LogModuleManager: Shutting down and abandoning module AvfMediaEditor (474)
[2017.08.04-04.11.55:670][449]LogModuleManager: Shutting down and abandoning module AndroidMediaFactory (472)
[2017.08.04-04.11.55:670][449]LogModuleManager: Shutting down and abandoning module Media (471)
[2017.08.04-04.11.55:670][449]LogModuleManager: Shutting down and abandoning module AndroidMediaEditor (468)
[2017.08.04-04.11.55:670][449]LogModuleManager: Shutting down and abandoning module CharacterAI (466)
[2017.08.04-04.11.55:670][449]LogModuleManager: Shutting down and abandoning module AudioCapture (464)
[2017.08.04-04.11.55:670][449]LogModuleManager: Shutting down and abandoning module SequenceRecorder (463)
[2017.08.04-04.11.55:670][449]LogModuleManager: Shutting down and abandoning module SmartSnapping (460)
[2017.08.04-04.11.55:670][449]LogModuleManager: Shutting down and abandoning module SessionServices (458)
[2017.08.04-04.11.55:670][449]LogModuleManager: Shutting down and abandoning module ViewportSnapping (456)
[2017.08.04-04.11.55:670][449]LogModuleManager: Shutting down and abandoning module ViewportInteraction (454)
[2017.08.04-04.11.55:670][449]LogModuleManager: Shutting down and abandoning module ClothPainter (452)
[2017.08.04-04.11.55:670][449]LogModuleManager: Shutting down and abandoning module LogVisualizer (450)
[2017.08.04-04.11.55:670][449]LogModuleManager: Shutting down and abandoning module IntroTutorials (448)
[2017.08.04-04.11.55:670][449]LogModuleManager: Shutting down and abandoning module GameProjectGeneration (447)
[2017.08.04-04.11.55:670][449]LogModuleManager: Shutting down and abandoning module EditorLiveStreaming (444)
[2017.08.04-04.11.55:670][449]LogModuleManager: Shutting down and abandoning module IOSPlatformEditor (442)
[2017.08.04-04.11.55:670][449]LogModuleManager: Shutting down and abandoning module HTML5PlatformEditor (440)
[2017.08.04-04.11.55:670][449]LogModuleManager: Shutting down and abandoning module AndroidPlatformEditor (438)
[2017.08.04-04.11.55:670][449]LogModuleManager: Shutting down and abandoning module AndroidDeviceDetection (437)
[2017.08.04-04.11.55:993][449]LogModuleManager: Shutting down and abandoning module IOSRuntimeSettings (434)
[2017.08.04-04.11.55:993][449]LogModuleManager: Shutting down and abandoning module AndroidRuntimeSettings (432)
[2017.08.04-04.11.55:993][449]LogModuleManager: Shutting down and abandoning module InputBindingEditor (430)
[2017.08.04-04.11.55:993][449]LogModuleManager: Shutting down and abandoning module MergeActors (428)
[2017.08.04-04.11.55:993][449]LogModuleManager: Shutting down and abandoning module SizeMap (426)
[2017.08.04-04.11.55:993][449]LogModuleManager: Shutting down and abandoning module TreeMap (424)
[2017.08.04-04.11.55:994][449]LogModuleManager: Shutting down and abandoning module ReferenceViewer (422)
[2017.08.04-04.11.55:994][449]LogModuleManager: Shutting down and abandoning module LocalizationDashboard (420)
[2017.08.04-04.11.55:994][449]LogModuleManager: Shutting down and abandoning module LocalizationService (419)
[2017.08.04-04.11.55:994][449]LogModuleManager: Shutting down and abandoning module HardwareTargeting (416)
[2017.08.04-04.11.55:994][449]LogModuleManager: Shutting down and abandoning module DeviceProfileEditor (414)
[2017.08.04-04.11.55:994][449]LogModuleManager: Shutting down and abandoning module UndoHistory (412)
[2017.08.04-04.11.55:994][449]LogModuleManager: Shutting down and abandoning module UserFeedback (410)
[2017.08.04-04.11.55:994][449]LogModuleManager: Shutting down and abandoning module XmlParser (408)
[2017.08.04-04.11.55:994][449]LogModuleManager: Shutting down and abandoning module Blutility (406)
[2017.08.04-04.11.55:994][449]LogModuleManager: Shutting down and abandoning module ProjectSettingsViewer (404)
[2017.08.04-04.11.55:994][449]LogModuleManager: Shutting down and abandoning module ProjectTargetPlatformEditor (403)
[2017.08.04-04.11.55:994][449]LogModuleManager: Shutting down and abandoning module EditorSettingsViewer (400)
[2017.08.04-04.11.55:994][449]LogModuleManager: Shutting down and abandoning module SettingsEditor (398)
[2017.08.04-04.11.55:994][449]LogModuleManager: Shutting down and abandoning module ProjectLauncher (396)
[2017.08.04-04.11.55:994][449]LogModuleManager: Shutting down and abandoning module SessionFrontend (394)
[2017.08.04-04.11.55:994][449]LogModuleManager: Shutting down and abandoning module ProfilerClient (392)
[2017.08.04-04.11.55:994][449]LogModuleManager: Shutting down and abandoning module DeviceManager (390)
[2017.08.04-04.11.55:994][449]LogModuleManager: Shutting down and abandoning module TargetDeviceServices (389)
[2017.08.04-04.11.56:048][449]LogModuleManager: Shutting down and abandoning module AutomationController (386)
[2017.08.04-04.11.56:048][449]LogModuleManager: Shutting down and abandoning module AutomationWindow (384)
[2017.08.04-04.11.56:048][449]LogModuleManager: Shutting down and abandoning module Layers (382)
[2017.08.04-04.11.56:048][449]LogModuleManager: Shutting down and abandoning module ComponentVisualizers (380)
[2017.08.04-04.11.56:048][449]LogModuleManager: Shutting down and abandoning module DetailCustomizations (378)
[2017.08.04-04.11.56:048][449]LogModuleManager: Shutting down and abandoning module PackagesDialog (376)
[2017.08.04-04.11.56:048][449]LogModuleManager: Shutting down and abandoning module Persona (374)
[2017.08.04-04.11.56:048][449]LogModuleManager: Shutting down and abandoning module AdvancedPreviewScene (373)
[2017.08.04-04.11.56:048][449]LogModuleManager: Shutting down and abandoning module AnimGraph (371)
[2017.08.04-04.11.56:048][449]LogModuleManager: Shutting down and abandoning module Kismet (368)
[2017.08.04-04.11.56:053][449]LogModuleManager: Shutting down and abandoning module ClassViewer (366)
[2017.08.04-04.11.56:054][449]LogModuleManager: Shutting down and abandoning module Toolbox (364)
[2017.08.04-04.11.56:054][449]LogModuleManager: Shutting down and abandoning module ModuleUI (362)
[2017.08.04-04.11.56:054][449]LogModuleManager: Shutting down and abandoning module MovieSceneTools (360)
[2017.08.04-04.11.56:054][449]LogModuleManager: Shutting down and abandoning module OutputLog (358)
[2017.08.04-04.11.56:054][449]LogModuleManager: Shutting down and abandoning module GammaUI (356)
[2017.08.04-04.11.56:054][449]LogModuleManager: Shutting down and abandoning module Documentation (354)
[2017.08.04-04.11.56:054][449]LogModuleManager: Shutting down and abandoning module MovieSceneTracks (352)
[2017.08.04-04.11.56:054][449]LogModuleManager: Shutting down and abandoning module MovieScene (350)
[2017.08.04-04.11.56:054][449]LogModuleManager: Shutting down and abandoning module Niagara (348)
[2017.08.04-04.11.56:054][449]LogModuleManager: Shutting down and abandoning module NiagaraEditor (347)
[2017.08.04-04.11.56:054][449]LogModuleManager: Shutting down and abandoning module StreamingPauseRendering (344)
[2017.08.04-04.11.56:054][449]LogModuleManager: Shutting down and abandoning module AnalyticsET (342)
[2017.08.04-04.11.56:054][449]LogModuleManager: Shutting down and abandoning module PortalServices (340)
[2017.08.04-04.11.56:054][449]LogModuleManager: Shutting down and abandoning module PortalRpc (338)
[2017.08.04-04.11.56:054][449]LogModuleManager: Shutting down and abandoning module MessagingRpc (336)
[2017.08.04-04.11.56:054][449]LogModuleManager: Shutting down and abandoning module AIModule (334)
[2017.08.04-04.11.56:054][449]LogModuleManager: Shutting down and abandoning module GameplayDebugger (333)
[2017.08.04-04.11.56:054][449]LogModuleManager: Shutting down and abandoning module AITestSuite (331)
[2017.08.04-04.11.56:054][449]LogModuleManager: Shutting down and abandoning module ProfilerService (328)
[2017.08.04-04.11.56:178][449]LogModuleManager: Shutting down and abandoning module TaskGraph (326)
[2017.08.04-04.11.56:178][449]LogModuleManager: Shutting down and abandoning module SteamVRController (324)
[2017.08.04-04.11.56:178][449]LogModuleManager: Shutting down and abandoning module SteamVR (322)
[2017.08.04-04.11.56:178][449]LogModuleManager: Shutting down and abandoning module ProceduralMeshComponentEditor (320)
[2017.08.04-04.11.56:178][449]LogModuleManager: Shutting down and abandoning module ProceduralMeshComponent (318)
[2017.08.04-04.11.56:178][449]LogModuleManager: Shutting down and abandoning module OculusLibrary (316)
[2017.08.04-04.11.56:178][449]LogModuleManager: Shutting down and abandoning module OculusInput (314)
[2017.08.04-04.11.56:178][449]LogModuleManager: Shutting down and abandoning module MobilePatchingUtils (312)
[2017.08.04-04.11.56:178][449]LogModuleManager: Shutting down and abandoning module CustomMeshComponent (310)
[2017.08.04-04.11.56:178][449]LogModuleManager: Shutting down and abandoning module CableComponent (308)
[2017.08.04-04.11.56:178][449]LogModuleManager: Shutting down and abandoning module ArchVisCharacter (306)
[2017.08.04-04.11.56:178][449]LogModuleManager: Shutting down and abandoning module AndroidPermission (304)
[2017.08.04-04.11.56:178][449]LogModuleManager: Shutting down and abandoning module MediaPlayerEditor (300)
[2017.08.04-04.11.56:178][449]LogModuleManager: Shutting down and abandoning module HTML5Networking (298)
[2017.08.04-04.11.56:178][449]LogModuleManager: Shutting down and abandoning module AlembicImporter (296)
[2017.08.04-04.11.56:178][449]LogModuleManager: Shutting down and abandoning module AlembicLibrary (295)
[2017.08.04-04.11.56:178][449]LogModuleManager: Shutting down and abandoning module GeometryCache (294)
[2017.08.04-04.11.56:178][449]LogModuleManager: Shutting down and abandoning module GeometryCacheEd (293)
[2017.08.04-04.11.56:178][449]LogModuleManager: Shutting down and abandoning module SuperSearchEditor (288)
[2017.08.04-04.11.56:178][449]LogModuleManager: Shutting down and abandoning module SuperSearch (287)
[2017.08.04-04.11.56:178][449]LogModuleManager: Shutting down and abandoning module SpeedTreeImporter (284)
[2017.08.04-04.11.56:178][449]LogModuleManager: Shutting down and abandoning module PluginBrowser (282)
[2017.08.04-04.11.56:178][449]LogModuleManager: Shutting down and abandoning module MobileLauncherProfileWizard (280)
[2017.08.04-04.11.56:178][449]LogModuleManager: Shutting down and abandoning module VisualStudioSourceCodeAccess (278)
[2017.08.04-04.11.56:178][449]LogModuleManager: Shutting down and abandoning module DesktopPlatform (277)
[2017.08.04-04.11.56:178][449]LogModuleManager: Shutting down and abandoning module UObjectPlugin (274)
[2017.08.04-04.11.56:178][449]LogModuleManager: Shutting down and abandoning module SubversionSourceControl (272)
[2017.08.04-04.11.56:178][449]LogModuleManager: Shutting down and abandoning module PerforceSourceControl (270)
[2017.08.04-04.11.56:178][449]LogModuleManager: Shutting down and abandoning module GitSourceControl (268)
[2017.08.04-04.11.56:178][449]LogModuleManager: Shutting down and abandoning module SourceControl (267)
[2017.08.04-04.11.56:178][449]LogModuleManager: Shutting down and abandoning module LightPropagationVolumeEditor (264)
[2017.08.04-04.11.56:178][449]LogModuleManager: Shutting down and abandoning module PaperTiledImporter (262)
[2017.08.04-04.11.56:178][449]LogModuleManager: Shutting down and abandoning module PaperSpriteSheetImporter (260)
[2017.08.04-04.11.56:178][449]LogModuleManager: Shutting down and abandoning module Paper2DEditor (258)
[2017.08.04-04.11.56:178][449]LogModuleManager: Shutting down and abandoning module MeshPaint (257)
[2017.08.04-04.11.56:178][449]LogModuleManager: Shutting down and abandoning module LevelEditor (255)
[2017.08.04-04.11.56:179][449]LogModuleManager: Shutting down and abandoning module PixelInspectorModule (254)
[2017.08.04-04.11.56:179][449]LogModuleManager: Shutting down and abandoning module MainFrame (252)
[2017.08.04-04.11.56:179][449]LogModuleManager: Shutting down and abandoning module HotReload (251)
[2017.08.04-04.11.56:180][449]LogModuleManager: Shutting down and abandoning module PhysXVehiclesEditor (246)
[2017.08.04-04.11.56:180][449]LogModuleManager: Shutting down and abandoning module PhysXVehicles (244)
[2017.08.04-04.11.56:180][449]LogModuleManager: Shutting down and abandoning module LocationServicesBPLibrary (242)
[2017.08.04-04.11.56:180][449]LogModuleManager: Shutting down and abandoning module ImmediatePhysicsEditor (240)
[2017.08.04-04.11.56:180][449]LogModuleManager: Shutting down and abandoning module ImmediatePhysics (238)
[2017.08.04-04.11.56:180][449]LogModuleManager: Shutting down and abandoning module UdpMessaging (236)
[2017.08.04-04.11.56:281][449]LogModuleManager: Shutting down and abandoning module TcpMessaging (234)
[2017.08.04-04.11.56:382][449]LogModuleManager: Shutting down and abandoning module GameplayTagsEditor (232)
[2017.08.04-04.11.56:382][449]LogModuleManager: Shutting down and abandoning module FacialAnimationEditor (230)
[2017.08.04-04.11.56:382][449]LogModuleManager: Shutting down and abandoning module FacialAnimation (228)
[2017.08.04-04.11.56:382][449]LogModuleManager: Shutting down and abandoning module AssetManagerEditor (226)
[2017.08.04-04.11.56:382][449]LogModuleManager: Shutting down and abandoning module GraphEditor (225)
[2017.08.04-04.11.56:382][449]LogModuleManager: Shutting down and abandoning module ContentBrowser (223)
[2017.08.04-04.11.56:383][449]LogModuleManager: Shutting down and abandoning module LightPropagationVolumeRuntime (220)
[2017.08.04-04.11.56:383][449]LogModuleManager: Shutting down and abandoning module Paper2D (218)
[2017.08.04-04.11.56:383][449]LogModuleManager: Shutting down and abandoning module WindowsMoviePlayer (216)
[2017.08.04-04.11.56:383][449]LogModuleManager: Shutting down and abandoning module WmfMedia (214)
[2017.08.04-04.11.56:383][449]LogModuleManager: Shutting down and abandoning module ClothingSystemEditor (212)
[2017.08.04-04.11.56:383][449]LogModuleManager: Shutting down and abandoning module ClothingSystemRuntime (210)
[2017.08.04-04.11.56:383][449]LogModuleManager: Shutting down and abandoning module MediaAssets (208)
[2017.08.04-04.11.56:383][449]LogModuleManager: Shutting down and abandoning module GameLiveStreaming (206)
[2017.08.04-04.11.56:383][449]LogModuleManager: Shutting down and abandoning module VREditor (204)
[2017.08.04-04.11.56:383][449]LogModuleManager: Shutting down and abandoning module StringTableEditor (202)
[2017.08.04-04.11.56:383][449]LogModuleManager: Shutting down and abandoning module GameplayTasksEditor (200)
[2017.08.04-04.11.56:383][449]LogModuleManager: Shutting down and abandoning module BehaviorTreeEditor (198)
[2017.08.04-04.11.56:384][449]LogModuleManager: Shutting down and abandoning module FunctionalTesting (196)
[2017.08.04-04.11.56:384][449]LogModuleManager: Shutting down and abandoning module CollisionAnalyzer (194)
[2017.08.04-04.11.56:384][449]LogModuleManager: Shutting down and abandoning module UMG (192)
[2017.08.04-04.11.56:384][449]LogModuleManager: Shutting down and abandoning module UMGEditor (191)
[2017.08.04-04.11.56:384][449]LogModuleManager: Shutting down and abandoning module Sequencer (190)
[2017.08.04-04.11.56:384][449]LogModuleManager: Shutting down and abandoning module AssetTools (188)
[2017.08.04-04.11.56:384][449]LogModuleManager: Shutting down and abandoning module MessageLog (187)
[2017.08.04-04.11.56:384][449]LogModuleManager: Shutting down and abandoning module WorkspaceMenuStructure (186)
[2017.08.04-04.11.56:384][449]LogModuleManager: Shutting down and abandoning module SlateReflector (180)
[2017.08.04-04.11.56:384][449]LogModuleManager: Shutting down and abandoning module Slate (178)
[2017.08.04-04.11.56:384][449]LogModuleManager: Shutting down and abandoning module EditorStyle (176)
[2017.08.04-04.11.56:386][449]LogModuleManager: Shutting down and abandoning module SourceCodeAccess (174)
[2017.08.04-04.11.56:386][449]LogModuleManager: Shutting down and abandoning module HeadMountedDisplay (172)
[2017.08.04-04.11.56:386][449]LogModuleManager: Shutting down and abandoning module XAudio2 (170)
[2017.08.04-04.11.56:386][449]LogModuleManager: Shutting down and abandoning module Networking (168)
[2017.08.04-04.11.56:386][449]LogModuleManager: Shutting down and abandoning module Core (164)
[2017.08.04-04.11.56:386][449]LogModuleManager: Shutting down and abandoning module AssetRegistry (162)
[2017.08.04-04.11.56:585][449]LogDirectoryWatcher: A directory notification for '../../../Engine/Content/' was aborted.
[2017.08.04-04.11.56:585][449]LogDirectoryWatcher: A directory notification for '../../../../../../Users/cdiet/Documents/Udemy/UE4 Develop first 2 games/MyProject/Content/' was aborted.
[2017.08.04-04.11.56:585][449]LogDirectoryWatcher: A directory notification for '../../../Engine/Plugins/2D/Paper2D/Content/' was aborted.
[2017.08.04-04.11.56:585][449]LogDirectoryWatcher: A directory notification for '../../../Engine/Plugins/Runtime/GearVR/Content/' was aborted.
[2017.08.04-04.11.56:587][449]LogModuleManager: Shutting down and abandoning module DirectoryWatcher (161)
[2017.08.04-04.11.56:587][449]LogModuleManager: Shutting down and abandoning module KismetCompiler (158)
[2017.08.04-04.11.56:587][449]LogModuleManager: Shutting down and abandoning module LevelSequence (156)
[2017.08.04-04.11.56:587][449]LogModuleManager: Shutting down and abandoning module PhysXFormats (154)
[2017.08.04-04.11.56:588][449]LogModuleManager: Shutting down and abandoning module MeshUtilities (152)
[2017.08.04-04.11.56:588][449]LogModuleManager: Shutting down and abandoning module SimplygonSwarm (151)
[2017.08.04-04.11.56:588][449]LogModuleManager: Shutting down and abandoning module SimplygonMeshReduction (149)
[2017.08.04-04.11.56:588][449]LogModuleManager: Shutting down and abandoning module QuadricMeshReduction (147)
[2017.08.04-04.11.56:588][449]LogModuleManager: Shutting down and abandoning module DerivedDataCache (144)
[2017.08.04-04.11.56:660][449]LogDerivedDataCache: Shutdown
[2017.08.04-04.11.56:660][449]LogModuleManager: Shutting down and abandoning module TargetPlatform (142)
[2017.08.04-04.11.56:660][449]LogModuleManager: Shutting down and abandoning module VulkanShaderFormat (141)
[2017.08.04-04.11.56:660][449]LogModuleManager: Shutting down and abandoning module ShaderFormatVectorVM (139)
[2017.08.04-04.11.56:660][449]LogModuleManager: Shutting down and abandoning module ShaderFormatOpenGL (137)
[2017.08.04-04.11.56:660][449]LogModuleManager: Shutting down and abandoning module ShaderFormatD3D (135)
[2017.08.04-04.11.56:660][449]LogModuleManager: Shutting down and abandoning module MetalShaderFormat (133)
[2017.08.04-04.11.56:660][449]LogModuleManager: Shutting down and abandoning module TextureFormatUncompressed (131)
[2017.08.04-04.11.56:660][449]LogModuleManager: Shutting down and abandoning module TextureFormatPVR (129)
[2017.08.04-04.11.56:660][449]LogModuleManager: Shutting down and abandoning module TextureFormatDXT (127)
[2017.08.04-04.11.56:661][449]LogModuleManager: Shutting down and abandoning module TextureFormatIntelISPCTexComp (125)
[2017.08.04-04.11.56:661][449]LogModuleManager: Shutting down and abandoning module TextureFormatASTC (123)
[2017.08.04-04.11.56:661][449]LogModuleManager: Shutting down and abandoning module ImageWrapper (122)
[2017.08.04-04.11.56:661][449]LogModuleManager: Shutting down and abandoning module TextureFormatAndroid (119)
[2017.08.04-04.11.56:661][449]LogModuleManager: Shutting down and abandoning module AudioFormatOpus (117)
[2017.08.04-04.11.56:661][449]LogModuleManager: Shutting down and abandoning module AudioFormatOgg (115)
[2017.08.04-04.11.56:661][449]LogModuleManager: Shutting down and abandoning module AudioFormatADPCM (113)
[2017.08.04-04.11.56:661][449]LogModuleManager: Shutting down and abandoning module LinuxTargetPlatform (111)
[2017.08.04-04.11.56:661][449]LogModuleManager: Shutting down and abandoning module LinuxServerTargetPlatform (109)
[2017.08.04-04.11.56:661][449]LogModuleManager: Shutting down and abandoning module LinuxNoEditorTargetPlatform (107)
[2017.08.04-04.11.56:661][449]LogModuleManager: Shutting down and abandoning module LinuxClientTargetPlatform (105)
[2017.08.04-04.11.56:661][449]LogModuleManager: Shutting down and abandoning module TVOSTargetPlatform (103)
[2017.08.04-04.11.56:661][449]LogModuleManager: Shutting down and abandoning module Messaging (101)
[2017.08.04-04.11.56:661][449]LogModuleManager: Shutting down and abandoning module IOSTargetPlatform (99)
[2017.08.04-04.11.56:661][449]LogModuleManager: Shutting down and abandoning module HTML5TargetPlatform (97)
[2017.08.04-04.11.56:661][449]LogModuleManager: Shutting down and abandoning module Android_PVRTCTargetPlatform (95)
[2017.08.04-04.11.56:661][449]LogModuleManager: Shutting down and abandoning module Android_MultiTargetPlatform (93)
[2017.08.04-04.11.56:661][449]LogModuleManager: Shutting down and abandoning module Android_ETC2TargetPlatform (91)
[2017.08.04-04.11.56:661][449]LogModuleManager: Shutting down and abandoning module Android_ETC1TargetPlatform (89)
[2017.08.04-04.11.56:661][449]LogModuleManager: Shutting down and abandoning module Android_DXTTargetPlatform (87)
[2017.08.04-04.11.56:661][449]LogModuleManager: Shutting down and abandoning module Android_ATCTargetPlatform (85)
[2017.08.04-04.11.56:661][449]LogModuleManager: Shutting down and abandoning module Android_ASTCTargetPlatform (83)
[2017.08.04-04.11.56:661][449]LogModuleManager: Shutting down and abandoning module AndroidTargetPlatform (81)
[2017.08.04-04.11.56:661][449]LogModuleManager: Shutting down and abandoning module WindowsTargetPlatform (79)
[2017.08.04-04.11.56:661][449]LogModuleManager: Shutting down and abandoning module WindowsServerTargetPlatform (77)
[2017.08.04-04.11.56:661][449]LogModuleManager: Shutting down and abandoning module WindowsNoEditorTargetPlatform (75)
[2017.08.04-04.11.56:661][449]LogModuleManager: Shutting down and abandoning module WindowsClientTargetPlatform (73)
[2017.08.04-04.11.56:661][449]LogModuleManager: Shutting down and abandoning module MacTargetPlatform (71)
[2017.08.04-04.11.56:661][449]LogModuleManager: Shutting down and abandoning module MacServerTargetPlatform (69)
[2017.08.04-04.11.56:661][449]LogModuleManager: Shutting down and abandoning module MacNoEditorTargetPlatform (67)
[2017.08.04-04.11.56:661][449]LogModuleManager: Shutting down and abandoning module MacClientTargetPlatform (65)
[2017.08.04-04.11.56:661][449]LogModuleManager: Shutting down and abandoning module AllDesktopTargetPlatform (63)
[2017.08.04-04.11.56:661][449]LogModuleManager: Shutting down and abandoning module InputCore (60)
[2017.08.04-04.11.56:661][449]LogModuleManager: Shutting down and abandoning module Settings (58)
[2017.08.04-04.11.56:661][449]LogModuleManager: Shutting down and abandoning module OculusRift (56)
[2017.08.04-04.11.56:661][449]LogModuleManager: Shutting down and abandoning module GearVRController (54)
[2017.08.04-04.11.56:661][449]LogModuleManager: Shutting down and abandoning module GearVR (52)
[2017.08.04-04.11.56:661][449]LogModuleManager: Shutting down and abandoning module ExampleDeviceProfileSelector (50)
[2017.08.04-04.11.56:661][449]LogModuleManager: Shutting down and abandoning module OnlineBlueprintSupport (48)
[2017.08.04-04.11.56:661][449]LogModuleManager: Shutting down and abandoning module OnlineSubsystem (44)
[2017.08.04-04.11.56:661][449]LogOnline:Display: Unloading online subsystem: NULL
[2017.08.04-04.11.56:661][449]LogModuleManager: Shutting down and abandoning module XMPP (43)
[2017.08.04-04.11.56:661][449]LogModuleManager: Shutting down and abandoning module HTTP (41)
[2017.08.04-04.11.56:661][449]LogHttp:Display: Http module shutting down, but needs to wait on 1 outstanding Http requests:
[2017.08.04-04.11.56:661][449]LogHttp:Display: 	verb=[POST] url=[https://datarouter.ol.epicgames.com/datarouter/api/v1/public/data?SessionID=%7B2C23328B-4967-658B-93E9-C2BDB31CEB33%7D&AppID=UEEditor.Rocket.Release&AppVersion=4.16.3-3561208%2B%2B%2BUE4%2BRelease-4.16&UserID=9b9f5df7419e3ba585409db157f103c1%7C4e33115bbcb14cb1bd60bf303c54f5d0%7Cb30303d3-fe26-4ed2-ae10-a8d54ec8d8fc&AppEnvironment=datacollector-binary&UploadType=eteventstream] status=Processing
[2017.08.04-04.11.56:679][449]LogModuleManager: Shutting down and abandoning module SSL (40)
[2017.08.04-04.11.56:683][449]LogModuleManager: Shutting down and abandoning module HTTPChunkInstaller (36)
[2017.08.04-04.11.56:683][449]LogModuleManager: Shutting down and abandoning module AnimationModifiers (34)
[2017.08.04-04.11.56:683][449]LogModuleManager: Shutting down and abandoning module PropertyEditor (33)
[2017.08.04-04.11.56:683][449]LogModuleManager: Shutting down and abandoning module AudioEditor (30)
[2017.08.04-04.11.56:683][449]LogModuleManager: Shutting down and abandoning module TextureCompressor (28)
[2017.08.04-04.11.56:683][449]LogModuleManager: Shutting down and abandoning module ShaderCore (26)
[2017.08.04-04.11.56:683][449]LogModuleManager: Shutting down and abandoning module Landscape (24)
[2017.08.04-04.11.56:683][449]LogModuleManager: Shutting down and abandoning module SlateRHIRenderer (22)
[2017.08.04-04.11.56:686][449]LogModuleManager: Shutting down and abandoning module OpenGLDrv (20)
[2017.08.04-04.11.56:687][449]LogModuleManager: Shutting down and abandoning module D3D11RHI (18)
[2017.08.04-04.11.56:687][449]LogModuleManager: Shutting down and abandoning module AnimGraphRuntime (16)
[2017.08.04-04.11.56:687][449]LogModuleManager: Shutting down and abandoning module Renderer (14)
[2017.08.04-04.11.56:687][449]LogModuleManager: Shutting down and abandoning module Engine (12)
[2017.08.04-04.11.56:687][449]LogModuleManager: Shutting down and abandoning module CoreUObject (10)
[2017.08.04-04.11.56:687][449]LogModuleManager: Shutting down and abandoning module NetworkFile (8)
[2017.08.04-04.11.56:687][449]LogModuleManager: Shutting down and abandoning module StreamingFile (6)
[2017.08.04-04.11.56:687][449]LogModuleManager: Shutting down and abandoning module SandboxFile (4)
[2017.08.04-04.11.56:687][449]LogModuleManager: Shutting down and abandoning module PakFile (2)
[2017.08.04-04.11.56:691][449]LogExit: Exiting.
[2017.08.04-04.11.56:708][449]Log file closed, 08/04/17 00:11:56
