Log file open, 08/05/17 23:49:43
LogInit:Display: Running engine for game: Pinball
LogPlatformFile: Not using cached read wrapper
LogInit:Display: RandInit(-1269970660) SRandInit(-1269970660).
LogTaskGraph: Started task graph with 5 named threads and 8 total threads with 1 sets of task threads.
LogStats: Stats thread started at 0.090711
LogInit: Using libcurl 7.47.1
LogInit:  - built for x86_64-pc-win32
LogInit:  - supports SSL with OpenSSL/1.0.2g
LogInit:  - supports HTTP deflate (compression) using libz 1.2.8
LogInit:  - other features:
LogInit:      CURL_VERSION_SSL
LogInit:      CURL_VERSION_LIBZ
LogInit:      CURL_VERSION_IPV6
LogInit:      CURL_VERSION_ASYNCHDNS
LogInit:      CURL_VERSION_LARGEFILE
LogInit:      CURL_VERSION_IDN
LogInit:  CurlRequestOptions (configurable via config and command line):
LogInit:  - bVerifyPeer = false  - Libcurl will NOT verify peer certificate
LogInit:  - bUseHttpProxy = false  - Libcurl will NOT use HTTP proxy
LogInit:  - bDontReuseConnections = false  - Libcurl will reuse connections
LogInit:  - CertBundlePath = nullptr  - Libcurl will use whatever was configured at build time.
LogInit: Build: ++UE4+Release-4.16-CL-3561208
LogInit: Engine Version: 4.16.3-3561208+++UE4+Release-4.16
LogInit: Compatible Engine Version: 4.16.0-3452394+++UE4+Release-4.16
LogInit: Net CL: 3452394
LogDevObjectVersion: Number of dev versions registered: 16
LogDevObjectVersion:   Dev-Blueprints (B0D832E4-1F89-4F0D-ACCF-7EB736FD4AA2): 9
LogDevObjectVersion:   Dev-Build (E1C64328-A22C-4D53-A36C-8E866417BD8C): 0
LogDevObjectVersion:   Dev-Core (375EC13C-06E4-48FB-B500-84F0262A717E): 2
LogDevObjectVersion:   Dev-Editor (E4B068ED-F494-42E9-A231-DA0B2E46BB41): 17
LogDevObjectVersion:   Dev-Framework (CFFC743F-43B0-4480-9391-14DF171D2073): 23
LogDevObjectVersion:   Dev-Mobile (B02B49B5-BB20-44E9-A304-32B752E40360): 0
LogDevObjectVersion:   Dev-Networking (A4E4105C-59A1-49B5-A7C5-40C4547EDFEE): 0
LogDevObjectVersion:   Dev-Online (39C831C9-5AE6-47DC-9A44-9C173E1C8E7C): 0
LogDevObjectVersion:   Dev-Physics (78F01B33-EBEA-4F98-B9B4-84EACCB95AA2): 0
LogDevObjectVersion:   Dev-Platform (6631380F-2D4D-43E0-8009-CF276956A95A): 0
LogDevObjectVersion:   Dev-Rendering (12F88B9F-8875-4AFC-A67C-D90C383ABD29): 15
LogDevObjectVersion:   Dev-Sequencer (7B5AE74C-D270-4C10-A958-57980B212A5A): 4
LogDevObjectVersion:   Dev-VR (D7296918-1DD6-4BDD-9DE2-64A83CC13884): 0
LogDevObjectVersion:   Dev-LoadTimes (C2A15278-BFE7-4AFE-6C17-90FF531DF755): 1
LogDevObjectVersion:   Private-Geometry (6EACA3D4-40EC-4CC1-B786-8BED09428FC5): 1
LogDevObjectVersion:   Dev-AnimPhys (29E575DD-E0A3-4627-9D10-D276232CDCEA): 3
LogInit: Compiled (64-bit): Jul 28 2017 11:49:47
LogInit: Compiled with Visual C++: 19.00.24215.01
LogInit: Build Configuration: Development
LogInit: Branch Name: ++UE4+Release-4.16
LogInit: Command line: -EpicPortal 
LogInit: Base directory: C:/Program Files/Epic Games/UE_4.16/Engine/Binaries/Win64/
LogInit: Installed Engine Build: 1
LogInit: Presizing for max 8388607 objects, including 0 objects not considered by GC, pre-allocating 0 bytes for permanent pool.
LogInit: Object subsystem initialized
[2017.08.06-03.49.43:933][  0]LogInit: Selected Device Profile: [Windows]
[2017.08.06-03.49.43:933][  0]LogInit: Applying CVar settings loaded from the selected device profile: [Windows]
[2017.08.06-03.49.43:969][  0]LogInit: Computer: DESKTOP-PUP0CHR
[2017.08.06-03.49.43:969][  0]LogInit: User: cdiet
[2017.08.06-03.49.43:969][  0]LogInit: CPU Page size=4096, Cores=4
[2017.08.06-03.49.43:969][  0]LogInit: High frequency timer resolution =2.742191 MHz
[2017.08.06-03.49.43:970][  0]LogMemory: Memory total: Physical=12.0GB (12GB approx)
[2017.08.06-03.49.43:970][  0]LogMemory: Platform Memory Stats for Windows
[2017.08.06-03.49.43:970][  0]LogMemory: Process Physical Memory: 273.59 MB used, 273.59 MB peak
[2017.08.06-03.49.43:970][  0]LogMemory: Process Virtual Memory: 260.94 MB used, 260.94 MB peak
[2017.08.06-03.49.43:970][  0]LogMemory: Physical Memory: 5905.85 MB used,  6335.02 MB free, 12240.87 MB total
[2017.08.06-03.49.43:970][  0]LogMemory: Virtual Memory: 638.22 MB used,  6335.02 MB free, 134217728.00 MB total
[2017.08.06-03.49.44:419][  0]LogInit: Using OS detected language (en-US).
[2017.08.06-03.49.44:419][  0]LogInit: Using OS detected locale (en-US).
[2017.08.06-03.49.44:634][  0]LogTextLocalizationManager: No specific localization for 'en-US' exists, so the 'en' localization will be used.
[2017.08.06-03.49.49:227][  0]LogD3D11RHI: D3D11 adapters:
[2017.08.06-03.49.49:304][  0]LogD3D11RHI:    0. 'NVIDIA GeForce GTX 1060' (Feature Level 11_0)
[2017.08.06-03.49.49:304][  0]LogD3D11RHI:       3019/0/6120 MB DedicatedVideo/DedicatedSystem/SharedSystem, Outputs:1, VendorId:0x10de
[2017.08.06-03.49.49:305][  0]LogD3D11RHI:    1. 'Microsoft Basic Render Driver' (Feature Level 11_0)
[2017.08.06-03.49.49:305][  0]LogD3D11RHI:       0/0/6120 MB DedicatedVideo/DedicatedSystem/SharedSystem, Outputs:0, VendorId:0x1414
[2017.08.06-03.49.49:305][  0]LogD3D11RHI: Chosen D3D11 Adapter: 0
[2017.08.06-03.49.49:312][  0]LogD3D11RHI: Creating new Direct3DDevice
[2017.08.06-03.49.49:312][  0]LogD3D11RHI:     GPU DeviceId: 0x1c60 (for the marketing name, search the web for "GPU Device Id")
[2017.08.06-03.49.49:312][  0]LogWindows: EnumDisplayDevices:
[2017.08.06-03.49.49:312][  0]LogWindows:    0. 'NVIDIA GeForce GTX 1060' (P:1 D:1)
[2017.08.06-03.49.49:312][  0]LogWindows:    1. 'NVIDIA GeForce GTX 1060' (P:0 D:0)
[2017.08.06-03.49.49:312][  0]LogWindows:    2. 'NVIDIA GeForce GTX 1060' (P:0 D:0)
[2017.08.06-03.49.49:312][  0]LogWindows:    3. 'NVIDIA GeForce GTX 1060' (P:0 D:0)
[2017.08.06-03.49.49:312][  0]LogWindows: DebugString: FoundDriverCount:4 
[2017.08.06-03.49.49:312][  0]LogD3D11RHI:     Adapter Name: NVIDIA GeForce GTX 1060
[2017.08.06-03.49.49:312][  0]LogD3D11RHI:   Driver Version: 382.15 (internal:22.21.13.8215, unified:382.15)
[2017.08.06-03.49.49:312][  0]LogD3D11RHI:      Driver Date: 5-8-2017
[2017.08.06-03.49.49:312][  0]LogRHI: Texture pool is 1361 MB (70% of 1945 MB)
[2017.08.06-03.49.49:345][  0]LogD3D11RHI: Async texture creation enabled
[2017.08.06-03.49.49:360][  0]LogD3D11RHI: GPU Timing Frequency: 1000.000000 (Debug: 2 1)
[2017.08.06-03.49.49:402][  0]LogShaderCompilers: Guid format shader working directory is -34 characters bigger than the processId version (../../../../../../Users/cdiet/Documents/Udemy/UE4 Develop first 2 games/Pinball/Intermediate/Shaders/WorkingDirectory/14576/).
[2017.08.06-03.49.49:402][  0]LogShaderCompilers: Cleaned the shader compiler working directory 'C:/Users/cdiet/AppData/Local/Temp/UnrealShaderWorkingDir/12E64CCC4649CFF4F4A02D9E302A7A43/'.
[2017.08.06-03.49.49:402][  0]LogShaderCompilers:Display: Using Local Shader Compiler.
[2017.08.06-03.49.51:105][  0]LogTemp:Display: Loaded TP AllDesktopTargetPlatform
[2017.08.06-03.49.51:153][  0]LogTemp:Display: Loaded TP MacClientTargetPlatform
[2017.08.06-03.49.51:200][  0]LogTemp:Display: Loaded TP MacNoEditorTargetPlatform
[2017.08.06-03.49.51:248][  0]LogTemp:Display: Loaded TP MacServerTargetPlatform
[2017.08.06-03.49.51:306][  0]LogTemp:Display: Loaded TP MacTargetPlatform
[2017.08.06-03.49.51:350][  0]LogTemp:Display: Loaded TP WindowsClientTargetPlatform
[2017.08.06-03.49.51:395][  0]LogTemp:Display: Loaded TP WindowsNoEditorTargetPlatform
[2017.08.06-03.49.51:440][  0]LogTemp:Display: Loaded TP WindowsServerTargetPlatform
[2017.08.06-03.49.51:479][  0]LogTemp:Display: Loaded TP WindowsTargetPlatform
[2017.08.06-03.49.51:536][  0]LogTemp:Display: Loaded TP AndroidTargetPlatform
[2017.08.06-03.49.51:579][  0]LogTemp:Display: Loaded TP Android_ASTCTargetPlatform
[2017.08.06-03.49.51:623][  0]LogTemp:Display: Loaded TP Android_ATCTargetPlatform
[2017.08.06-03.49.51:665][  0]LogTemp:Display: Loaded TP Android_DXTTargetPlatform
[2017.08.06-03.49.51:709][  0]LogTemp:Display: Loaded TP Android_ETC1TargetPlatform
[2017.08.06-03.49.51:752][  0]LogTemp:Display: Loaded TP Android_ETC2TargetPlatform
[2017.08.06-03.49.51:846][  0]LogTemp:Display: Loaded TP Android_MultiTargetPlatform
[2017.08.06-03.49.51:846][  0]LogTemp:Display: Loaded TP Android_PVRTCTargetPlatform
[2017.08.06-03.49.51:881][  0]LogTemp:Display: Loaded TP HTML5TargetPlatform
[2017.08.06-03.49.51:987][  0]LogTemp:Display: Loaded TP IOSTargetPlatform
[2017.08.06-03.49.52:014][  0]LogTemp:Display: Loaded TP TVOSTargetPlatform
[2017.08.06-03.49.52:061][  0]LogTemp:Display: Loaded TP LinuxClientTargetPlatform
[2017.08.06-03.49.52:102][  0]LogTemp:Display: Loaded TP LinuxNoEditorTargetPlatform
[2017.08.06-03.49.52:145][  0]LogTemp:Display: Loaded TP LinuxServerTargetPlatform
[2017.08.06-03.49.52:200][  0]LogTemp:Display: Loaded TP LinuxTargetPlatform
[2017.08.06-03.49.52:200][  0]LogTargetPlatformManager:Display: Building Assets For Windows
[2017.08.06-03.49.52:640][  0]LogDerivedDataCache:Display: Max Cache Size: 512 MB
[2017.08.06-03.49.52:931][  0]LogDerivedDataCache: Loaded boot cache 0.29s 90MB C:/Users/cdiet/AppData/Local/UnrealEngine/4.16/DerivedDataCache/Boot.ddc.
[2017.08.06-03.49.52:931][  0]LogDerivedDataCache:Display: Loaded Boot cache: C:/Users/cdiet/AppData/Local/UnrealEngine/4.16/DerivedDataCache/Boot.ddc
[2017.08.06-03.49.52:931][  0]LogDerivedDataCache: FDerivedDataBackendGraph:  Pak pak cache file ../../../../../../Users/cdiet/Documents/Udemy/UE4 Develop first 2 games/Pinball/DerivedDataCache/DDC.ddp not found, will not use a pak cache.
[2017.08.06-03.49.52:931][  0]LogDerivedDataCache: Unable to find inner node Pak for hierarchical cache Hierarchy.
[2017.08.06-03.49.52:931][  0]LogDerivedDataCache: FDerivedDataBackendGraph:  CompressedPak pak cache file ../../../../../../Users/cdiet/Documents/Udemy/UE4 Develop first 2 games/Pinball/DerivedDataCache/Compressed.ddp not found, will not use a pak cache.
[2017.08.06-03.49.52:931][  0]LogDerivedDataCache: Unable to find inner node CompressedPak for hierarchical cache Hierarchy.
[2017.08.06-03.49.52:946][  0]LogDerivedDataCache:Display: Pak cache opened for reading ../../../Engine/DerivedDataCache/Compressed.ddp.
[2017.08.06-03.49.52:958][  0]LogDerivedDataCache: Using Local data cache path C:/Users/cdiet/AppData/Local/UnrealEngine/Common/DerivedDataCache: Writable
[2017.08.06-03.49.52:967][  0]LogMaterial: Verifying Global Shaders for PCD3D_SM5
[2017.08.06-03.49.52:968][  0]LogSlate: Using Freetype 2.6.0
[2017.08.06-03.49.53:000][  0]LogSlate: SlateFontCache - WITH_FREETYPE: 1, WITH_HARFBUZZ: 1
[2017.08.06-03.49.53:000][  0]LogSlate: SlateFontCache - WITH_FREETYPE: 1, WITH_HARFBUZZ: 1
[2017.08.06-03.49.54:433][  0]LogInit: Selected Device Profile: [Windows]
[2017.08.06-03.49.54:500][  0]LogContentStreaming: Texture pool size is 0.00 MB
[2017.08.06-03.49.54:668][  0]LogMeshUtilities: Using QuadricMeshReduction for automatic static mesh reduction
[2017.08.06-03.49.54:708][  0]LogSimplygon: Simplygon DLL not present - disabling.
[2017.08.06-03.49.54:751][  0]LogMeshUtilities: Using SimplygonSwarm for distributed automatic mesh merging
[2017.08.06-03.49.54:751][  0]LogMeshUtilities: No automatic skeletal mesh reduction module available
[2017.08.06-03.49.54:751][  0]LogMeshUtilities: No automatic mesh merging module available
[2017.08.06-03.49.55:359][  0]LogNetVersion: Pinball , NetCL: 3452394, EngineNetVer: 2, GameNetVer: 0 (Checksum: 512650681)
[2017.08.06-03.49.55:421][  0]LogAssetRegistry: FAssetRegistry took 0.0263 seconds to start up
[2017.08.06-03.49.55:482][  0]LogPackageLocalizationCache: Processed 4 localized package path(s) for 2 prioritized culture(s) in 0.038650 seconds
[2017.08.06-03.49.55:487][  0]LogUObjectArray: 34194 objects as part of root set at end of initial load.
[2017.08.06-03.49.55:487][  0]LogUObjectAllocator: 7260416 out of 0 bytes used by permanent object pool.
[2017.08.06-03.49.55:487][  0]LogUObjectArray: CloseDisregardForGC: 0/0 objects in disregard for GC pool
[2017.08.06-03.49.55:547][  0]LogInit: WinSock: version 1.1 (2.2), MaxSocks=32767, MaxUdp=65467
[2017.08.06-03.50.15:595][  0]LogTcpMessaging: Initializing TcpMessaging bridge
[2017.08.06-03.50.15:635][  0]LogUdpMessaging: Initializing bridge on interface 0.0.0.0:0 to multicast group 230.0.0.1:6666.
[2017.08.06-03.50.16:293][  0]LogMaterial: Uniform references updated for custom material expression Custom.
[2017.08.06-03.50.16:733][  0]SourceControl: Info Source control is disabled
[2017.08.06-03.50.16:765][  0]SourceControl: Info Source control is disabled
[2017.08.06-03.50.16:809][  0]SourceControl: Info Source control is disabled
[2017.08.06-03.50.16:854][  0]SourceControl: Info Source control is disabled
[2017.08.06-03.50.17:609][  0]LogAndroidPermission: UAndroidPermissionCallbackProxy::GetInstance
[2017.08.06-03.50.18:205][  0]LogEngine: Initializing Engine...
[2017.08.06-03.50.18:206][  0]LogHMD: Failed to initialize OpenVR with code 110
[2017.08.06-03.50.18:503][  0]LogStats: UGameplayTagsManager::ConstructGameplayTagTree: Construct from data asset -  0.000 s
[2017.08.06-03.50.18:503][  0]LogStats: UGameplayTagsManager::ConstructGameplayTagTree: GameplayTagTreeChangedEvent.Broadcast -  0.000 s
[2017.08.06-03.50.18:627][  0]LogAIModule: Creating AISystem for world Untitled
[2017.08.06-03.50.18:633][  0]LogInit: XAudio2 using 'Speakers (Realtek High Definition Audio)' : 6 channels at 48 kHz using 32 bits per sample (channel mask 0x3f)
[2017.08.06-03.50.18:703][  0]LogInit: FAudioDevice initialized.
[2017.08.06-03.50.18:744][  0]LogDerivedDataCache: Saved boot cache 0.04s 90MB C:/Users/cdiet/AppData/Local/UnrealEngine/4.16/DerivedDataCache/Boot.ddc.
[2017.08.06-03.50.18:754][  0]LogInit: Texture streaming: Enabled
[2017.08.06-03.50.18:851][  0]LogEngineSessionManager: EngineSessionManager initialized
[2017.08.06-03.50.19:172][  0]LogInit: Transaction tracking system initialized
[2017.08.06-03.50.19:485][  0]BlueprintLog: New page: Editor Load
[2017.08.06-03.50.20:482][  0]LocalizationService: Info Localization service is disabled
[2017.08.06-03.50.21:250][  0]LogConsoleResponse:Display: 
[2017.08.06-03.50.21:657][  0]LogCook:Display: Max memory allowance for cook 16384mb min free memory 0mb
[2017.08.06-03.50.21:657][  0]LogCook:Display: Mobile HDR setting 1
[2017.08.06-03.50.21:895][  0]LogFileCache: Scanning file cache for directory 'C:/Users/cdiet/Documents/Udemy/UE4 Develop first 2 games/Pinball/Content/' took 0.07s
[2017.08.06-03.50.22:900][  0]SourceControl: Info Source control is disabled
[2017.08.06-03.50.22:900][  0]Cmd: MAP LOAD FILE="../../../Engine/Content/Maps/Templates/Template_Default.umap" TEMPLATE=1 SHOWPROGRESS=1 FEATURELEVEL=3
[2017.08.06-03.50.22:901][  0]LightingResults: New page: Lighting Build
[2017.08.06-03.50.22:942][  0]MapCheck: New page: Map Check
[2017.08.06-03.50.22:942][  0]LightingResults: New page: Lighting Build
[2017.08.06-03.50.23:149][  0]LogAIModule: Creating AISystem for world Untitled_1
[2017.08.06-03.50.23:150][  0]LogActorComponent: RegisterComponentWithWorld: (/Temp/Untitled_1.Untitled_1:PersistentLevel.WorldSettings_1.StaticMeshComponent0) Trying to register component with IsPendingKill() == true. Aborting.
[2017.08.06-03.50.23:154][  0]LogEditorServer: Finished looking for orphan Actors (0.000 secs)
[2017.08.06-03.50.23:169][  0]Cmd: MAP CHECKDEP NOCLEARLOG
[2017.08.06-03.50.23:209][  0]MapCheck: Info Map check complete: 0 Error(s), 0 Warning(s), took 40.713ms to complete.
[2017.08.06-03.50.23:209][  0]LogFileHelpers: Loading map 'Template_Default' took 0.309
[2017.08.06-03.50.24:034][  0]LogCollectionManager: Loaded 0 collections in 0.001497 seconds
[2017.08.06-03.50.24:175][  0]LogFileCache: Scanning file cache for directory 'C:/Users/cdiet/Documents/Udemy/UE4 Develop first 2 games/Pinball/Saved/Collections/' took 0.01s
[2017.08.06-03.50.24:175][  0]LogFileCache: Scanning file cache for directory 'C:/Users/cdiet/Documents/Udemy/UE4 Develop first 2 games/Pinball/Content/Developers/cdiet/Collections/' took 0.01s
[2017.08.06-03.50.24:175][  0]LogFileCache: Scanning file cache for directory 'C:/Users/cdiet/Documents/Udemy/UE4 Develop first 2 games/Pinball/Content/Collections/' took 0.01s
[2017.08.06-03.50.24:175][  0]LogCollectionManager: Rebuilt the GUID cache for 0 collections in 0.000001 seconds
[2017.08.06-03.50.24:186][  0]LogContentBrowser: Native class hierarchy populated in 0.0086 seconds. Added 2329 classes and 491 folders.
[2017.08.06-03.50.24:272][  0]LogContentBrowser: Native class hierarchy updated for 'WidgetCarousel' in 0.0004 seconds. Added 0 classes and 0 folders.
[2017.08.06-03.50.25:778][  0]LogContentBrowser: Native class hierarchy updated for 'AddContentDialog' in 0.0008 seconds. Added 0 classes and 0 folders.
[2017.08.06-03.50.25:914][  0]LogContentBrowser: Native class hierarchy updated for 'SceneOutliner' in 0.0006 seconds. Added 1 classes and 2 folders.
[2017.08.06-03.50.26:337][  0]LogCrashTracker: Crashtracker disabled due to settings.
[2017.08.06-03.50.26:485][  0]LogSlate: Took 0.000644 seconds to synchronously load lazily loaded font '../../../Engine/Content/Slate/Fonts/Roboto-Regular.ttf' (155K)
[2017.08.06-03.50.26:490][  0]LogSlate: Took 0.000402 seconds to synchronously load lazily loaded font '../../../Engine/Content/Slate/Fonts/Roboto-Bold.ttf' (160K)
[2017.08.06-03.50.26:561][  0]LogSlate: Took 0.013666 seconds to synchronously load lazily loaded font '../../../Engine/Content/Editor/Slate/Fonts/FontAwesome.ttf' (139K)
[2017.08.06-03.50.27:073][  0]LogRenderer: Reallocating scene render targets to support 964x436 NumSamples 1 (Frame:1).
[2017.08.06-03.50.27:797][  0]LogUObjectGlobals:Warning: Failed to find object 'Class None.'
[2017.08.06-03.50.27:858][  0]LogContentBrowser: Native class hierarchy updated for 'HierarchicalLODOutliner' in 0.0005 seconds. Added 1 classes and 2 folders.
[2017.08.06-03.50.27:859][  0]LogLoad: (Engine Initialization) Total time: 46.08 seconds
[2017.08.06-03.50.27:859][  0]LogLoad: (Engine Initialization) Total Blueprint compile time: 0.14 seconds
[2017.08.06-03.50.27:859][  0]LogExternalProfiler: No external profilers were discovered.  External profiling features will not be available.
[2017.08.06-03.50.27:880][  0]LogWindowsTextInputMethodSystem:Display: IME system now deactivated.
[2017.08.06-03.50.27:880][  0]LogOcInput: OculusInput pre-init called
[2017.08.06-03.50.27:880][  0]LogHMD: Starting GearVRController plugin
[2017.08.06-03.50.27:933][  0]LogContentStreaming: Texture pool size now 1000 MB
[2017.08.06-03.50.28:034][  1]LogAssetRegistry: Asset discovery search completed in 32.6361 seconds
[2017.08.06-03.50.28:036][  1]LogCollectionManager: Rebuilt the object cache for 0 collections in 0.000000 seconds (found 0 objects)
[2017.08.06-03.50.28:036][  1]LogCollectionManager: Fixed up redirectors for 0 collections in 0.000020 seconds (updated 0 objects)
[2017.08.06-03.50.28:927][ 48]LogSlate: Took 0.016983 seconds to synchronously load lazily loaded font '../../../Engine/Content/Slate/Fonts/Roboto-Light.ttf' (159K)
[2017.08.06-03.50.32:120][230]LogSlate: Took 0.000368 seconds to synchronously load lazily loaded font '../../../Engine/Content/Slate/Fonts/Roboto-Light.ttf' (159K)
[2017.08.06-03.50.33:581][310]LogSlate: Took 0.000137 seconds to synchronously load lazily loaded font '../../../Engine/Content/Slate/Fonts/Roboto-Light.ttf' (159K)
[2017.08.06-03.50.33:673][310]LogMaterial: Missing cached shader map for material M_SimpleMetal, compiling. 
[2017.08.06-03.50.34:212][310]LogMaterial: Missing cached shader map for material M_SimpleMetal, compiling. 
[2017.08.06-03.50.34:256][310]LogMaterial: Missing cached shader map for material M_SimpleMetal, compiling. 
[2017.08.06-03.50.34:336][310]LogMaterial: Missing cached shader map for material FMatExpressionPreview MaterialExpressionVectorParameter_0, compiling. 
[2017.08.06-03.50.38:241][310]LogContentBrowser: Native class hierarchy updated for 'BlueprintGraph' in 0.0008 seconds. Added 112 classes and 0 folders.
[2017.08.06-03.50.39:493][310]MaterialEditorStats: Info Base pass shader: 85 instructions
[2017.08.06-03.50.39:493][310]MaterialEditorStats: Info Vertex shader: 29 instructions
[2017.08.06-03.50.39:493][310]MaterialEditorStats: Info Texture samplers: 3/16
[2017.08.06-03.50.39:535][310]LogSlate: Took 0.031658 seconds to synchronously load lazily loaded font '../../../Engine/Content/Editor/Slate/Fonts/Roboto-BoldCondensed.ttf' (158K)
[2017.08.06-03.50.40:009][311]LogSlate: Took 0.032258 seconds to synchronously load lazily loaded font '../../../Engine/Content/Editor/Slate/Fonts/Roboto-Italic.ttf' (157K)
[2017.08.06-03.50.55:221][941]LogRenderer: Reallocating scene render targets to support 1144x708 NumSamples 1 (Frame:77).
[2017.08.06-03.51.04:019][453]Cmd: MAP LOAD FILE="../../../../../../Users/cdiet/Documents/Udemy/UE4 Develop first 2 games/Pinball/Content/PinballLevel.umap" TEMPLATE=0 SHOWPROGRESS=1 FEATURELEVEL=3
[2017.08.06-03.51.04:034][453]LightingResults: New page: Lighting Build
[2017.08.06-03.51.04:034][453]LoadErrors: New page: Loading map: PinballLevel.umap
[2017.08.06-03.51.04:036][453]MapCheck: New page: Map Check
[2017.08.06-03.51.04:036][453]LightingResults: New page: Lighting Build
[2017.08.06-03.51.04:060][453]LogAIModule: Creating AISystem for world PinballLevel
[2017.08.06-03.51.04:074][453]LogEditorServer: Finished looking for orphan Actors (0.000 secs)
[2017.08.06-03.51.04:141][453]Cmd: MAP CHECKDEP NOCLEARLOG
[2017.08.06-03.51.04:185][453]MapCheck: Info Map check complete: 0 Error(s), 0 Warning(s), took 44.146ms to complete.
[2017.08.06-03.51.04:185][453]LogFileHelpers: Loading map 'PinballLevel' took 0.167
[2017.08.06-03.51.06:625][595]LogEditorViewport: Clicking on Actor (LMB): BP_Sky_Sphere_C (Sky Sphere)
[2017.08.06-03.51.07:928][663]LogTemp: Repeting last play command: Simulate
[2017.08.06-03.51.08:171][663]LogPlayLevel: PlayLevel: No blueprints needed recompiling
[2017.08.06-03.51.08:230][663]PIE: New page: SIE session: PinballLevel (Aug 5, 2017, 7:51:08 PM)
[2017.08.06-03.51.08:237][663]LogPlayLevel: Creating play world package: /Game/UEDPIE_0_PinballLevel
[2017.08.06-03.51.08:283][663]LogPlayLevel: PIE: StaticDuplicateObject took: (0.046035s)
[2017.08.06-03.51.08:285][663]LogAIModule: Creating AISystem for world PinballLevel
[2017.08.06-03.51.08:285][663]LogPlayLevel: PIE: World Init took: (0.001500s)
[2017.08.06-03.51.08:299][663]LogPlayLevel: PIE: Created PIE world by copying editor world from /Game/PinballLevel.PinballLevel to /Game/UEDPIE_0_PinballLevel.PinballLevel (0.061785s)
[2017.08.06-03.51.08:370][663]LogInit: XAudio2 using 'Speakers (Realtek High Definition Audio)' : 6 channels at 48 kHz using 32 bits per sample (channel mask 0x3f)
[2017.08.06-03.51.08:404][663]LogInit: FAudioDevice initialized.
[2017.08.06-03.51.08:457][663]LogLoad: Game class is 'GameModeBase'
[2017.08.06-03.51.08:556][663]LogWorld: Bringing World /Game/UEDPIE_0_PinballLevel.PinballLevel up for play (max tick rate 60) at 2017.08.05-23.51.08
[2017.08.06-03.51.08:589][663]LogWorld: Bringing up level for play took: 0.025892
[2017.08.06-03.51.08:800][663]LogContentBrowser: Native class hierarchy updated for 'MovieSceneCapture' in 0.0006 seconds. Added 11 classes and 0 folders.
[2017.08.06-03.51.08:828][663]PIE: Info Play in editor start time for /Game/UEDPIE_0_PinballLevel 0.82
[2017.08.06-03.51.14:795][987]LogTemp: Repeting last play command: Simulate
[2017.08.06-03.51.14:807][987]LogPlayLevel: PlayLevel: No blueprints needed recompiling
[2017.08.06-03.51.14:807][987]PIE: New page: SIE session: PinballLevel (Aug 5, 2017, 7:51:14 PM)
[2017.08.06-03.51.14:807][987]LogPlayLevel: Creating play world package: /Game/UEDPIE_0_PinballLevel
[2017.08.06-03.51.14:809][987]LogPlayLevel: PIE: StaticDuplicateObject took: (0.001284s)
[2017.08.06-03.51.14:809][987]LogAIModule: Creating AISystem for world PinballLevel
[2017.08.06-03.51.14:809][987]LogPlayLevel: PIE: World Init took: (0.000623s)
[2017.08.06-03.51.14:809][987]LogPlayLevel: PIE: Created PIE world by copying editor world from /Game/PinballLevel.PinballLevel to /Game/UEDPIE_0_PinballLevel.PinballLevel (0.002082s)
[2017.08.06-03.51.14:827][987]LogInit: XAudio2 using 'Speakers (Realtek High Definition Audio)' : 6 channels at 48 kHz using 32 bits per sample (channel mask 0x3f)
[2017.08.06-03.51.14:859][987]LogInit: FAudioDevice initialized.
[2017.08.06-03.51.14:890][987]LogLoad: Game class is 'GameModeBase'
[2017.08.06-03.51.14:893][987]LogWorld: Bringing World /Game/UEDPIE_0_PinballLevel.PinballLevel up for play (max tick rate 60) at 2017.08.05-23.51.14
[2017.08.06-03.51.14:893][987]LogWorld: Bringing up level for play took: 0.001242
[2017.08.06-03.51.14:894][987]PIE: Info Play in editor start time for /Game/UEDPIE_0_PinballLevel 0.887
[2017.08.06-03.51.36:222][214]LogTemp: Repeting last play command: Simulate
[2017.08.06-03.51.36:234][214]LogPlayLevel: PlayLevel: No blueprints needed recompiling
[2017.08.06-03.51.36:234][214]PIE: New page: SIE session: PinballLevel (Aug 5, 2017, 7:51:36 PM)
[2017.08.06-03.51.36:234][214]LogPlayLevel: Creating play world package: /Game/UEDPIE_0_PinballLevel
[2017.08.06-03.51.36:235][214]LogPlayLevel: PIE: StaticDuplicateObject took: (0.001514s)
[2017.08.06-03.51.36:236][214]LogAIModule: Creating AISystem for world PinballLevel
[2017.08.06-03.51.36:236][214]LogPlayLevel: PIE: World Init took: (0.000869s)
[2017.08.06-03.51.36:236][214]LogPlayLevel: PIE: Created PIE world by copying editor world from /Game/PinballLevel.PinballLevel to /Game/UEDPIE_0_PinballLevel.PinballLevel (0.002576s)
[2017.08.06-03.51.36:253][214]LogInit: XAudio2 using 'Speakers (Realtek High Definition Audio)' : 6 channels at 48 kHz using 32 bits per sample (channel mask 0x3f)
[2017.08.06-03.51.36:285][214]LogInit: FAudioDevice initialized.
[2017.08.06-03.51.36:317][214]LogLoad: Game class is 'GameModeBase'
[2017.08.06-03.51.36:320][214]LogWorld: Bringing World /Game/UEDPIE_0_PinballLevel.PinballLevel up for play (max tick rate 60) at 2017.08.05-23.51.36
[2017.08.06-03.51.36:320][214]LogWorld: Bringing up level for play took: 0.000964
[2017.08.06-03.51.36:321][214]PIE: Info Play in editor start time for /Game/UEDPIE_0_PinballLevel 0.314
[2017.08.06-03.51.40:352][452]LogTemp: Repeting last play command: Simulate
[2017.08.06-03.51.40:364][452]LogPlayLevel: PlayLevel: No blueprints needed recompiling
[2017.08.06-03.51.40:364][452]PIE: New page: SIE session: PinballLevel (Aug 5, 2017, 7:51:40 PM)
[2017.08.06-03.51.40:364][452]LogPlayLevel: Creating play world package: /Game/UEDPIE_0_PinballLevel
[2017.08.06-03.51.40:366][452]LogPlayLevel: PIE: StaticDuplicateObject took: (0.001505s)
[2017.08.06-03.51.40:367][452]LogAIModule: Creating AISystem for world PinballLevel
[2017.08.06-03.51.40:367][452]LogPlayLevel: PIE: World Init took: (0.001230s)
[2017.08.06-03.51.40:367][452]LogPlayLevel: PIE: Created PIE world by copying editor world from /Game/PinballLevel.PinballLevel to /Game/UEDPIE_0_PinballLevel.PinballLevel (0.002962s)
[2017.08.06-03.51.40:387][452]LogInit: XAudio2 using 'Speakers (Realtek High Definition Audio)' : 6 channels at 48 kHz using 32 bits per sample (channel mask 0x3f)
[2017.08.06-03.51.40:418][452]LogInit: FAudioDevice initialized.
[2017.08.06-03.51.40:450][452]LogLoad: Game class is 'GameModeBase'
[2017.08.06-03.51.40:453][452]LogWorld: Bringing World /Game/UEDPIE_0_PinballLevel.PinballLevel up for play (max tick rate 60) at 2017.08.05-23.51.40
[2017.08.06-03.51.40:453][452]LogWorld: Bringing up level for play took: 0.001370
[2017.08.06-03.51.40:454][452]PIE: Info Play in editor start time for /Game/UEDPIE_0_PinballLevel 0.447
[2017.08.06-06.54.02:771][101]LogD3D11RHI: Timed out while waiting for GPU to catch up. (500 ms)
[2017.08.06-06.54.05:947][101]LogHttp:Warning: 0000029737BF7100: request failed, libcurl error: 6 (Couldn't resolve host name)
[2017.08.06-06.54.05:947][101]LogHttp:Warning: 0000029737BF7100: libcurl info message cache 0 (Connection 0 seems to be dead!)
[2017.08.06-06.54.05:947][101]LogHttp:Warning: 0000029737BF7100: libcurl info message cache 1 (Closing connection 0)
[2017.08.06-06.54.05:947][101]LogHttp:Warning: 0000029737BF7100: libcurl info message cache 2 (TLSv1.2 (OUT), TLS alert, Client hello (1):)
[2017.08.06-06.54.05:947][101]LogHttp:Warning: 0000029737BF7100: libcurl info message cache 3 (Connection 1 seems to be dead!)
[2017.08.06-06.54.05:947][101]LogHttp:Warning: 0000029737BF7100: libcurl info message cache 4 (Closing connection 1)
[2017.08.06-06.54.05:947][101]LogHttp:Warning: 0000029737BF7100: libcurl info message cache 5 (TLSv1.2 (OUT), TLS alert, Client hello (1):)
[2017.08.06-06.54.05:947][101]LogHttp:Warning: 0000029737BF7100: libcurl info message cache 6 (Could not resolve host: datarouter.ol.epicgames.com)
[2017.08.06-06.54.05:947][101]LogHttp:Warning: 0000029737BF7100: libcurl info message cache 7 (Closing connection 2)
[2017.08.06-16.22.00:665][119]LogD3D11RHI: Timed out while waiting for GPU to catch up. (500 ms)
[2017.08.06-16.22.07:656][139]LogHttp:Warning: 000002973C8F5180: request failed, libcurl error: 56 (Failure when receiving data from the peer)
[2017.08.06-16.22.07:656][139]LogHttp:Warning: 000002973C8F5180: libcurl info message cache 0 (  Trying 52.70.206.117...)
[2017.08.06-16.22.07:656][139]LogHttp:Warning: 000002973C8F5180: libcurl info message cache 1 (Connected to datarouter.ol.epicgames.com (52.70.206.117) port 443 (#3))
[2017.08.06-16.22.07:656][139]LogHttp:Warning: 000002973C8F5180: libcurl info message cache 2 (ALPN, offering http/1.1)
[2017.08.06-16.22.07:656][139]LogHttp:Warning: 000002973C8F5180: libcurl info message cache 3 (Cipher selection: ALL:!EXPORT:!EXPORT40:!EXPORT56:!aNULL:!LOW:!RC4:@STRENGTH)
[2017.08.06-16.22.07:656][139]LogHttp:Warning: 000002973C8F5180: libcurl info message cache 4 (SSL re-using session ID)
[2017.08.06-16.22.07:656][139]LogHttp:Warning: 000002973C8F5180: libcurl info message cache 5 (TLSv1.2 (OUT), TLS handshake, Client hello (1):)
[2017.08.06-16.22.07:656][139]LogHttp:Warning: 000002973C8F5180: libcurl info message cache 6 (TLSv1.2 (IN), TLS handshake, Server hello (2):)
[2017.08.06-16.22.07:656][139]LogHttp:Warning: 000002973C8F5180: libcurl info message cache 7 (TLSv1.2 (IN), TLS handshake, Certificate (11):)
[2017.08.06-16.22.07:656][139]LogHttp:Warning: 000002973C8F5180: libcurl info message cache 8 (TLSv1.2 (IN), TLS handshake, Server key exchange (12):)
[2017.08.06-16.22.07:656][139]LogHttp:Warning: 000002973C8F5180: libcurl info message cache 9 (TLSv1.2 (IN), TLS handshake, Server finished (14):)
[2017.08.06-16.22.07:656][139]LogHttp:Warning: 000002973C8F5180: libcurl info message cache 10 (TLSv1.2 (OUT), TLS handshake, Client key exchange (16):)
[2017.08.06-16.22.07:656][139]LogHttp:Warning: 000002973C8F5180: libcurl info message cache 11 (TLSv1.2 (OUT), TLS change cipher, Client hello (1):)
[2017.08.06-16.22.07:656][139]LogHttp:Warning: 000002973C8F5180: libcurl info message cache 12 (TLSv1.2 (OUT), TLS handshake, Finished (20):)
[2017.08.06-16.22.07:656][139]LogHttp:Warning: 000002973C8F5180: libcurl info message cache 13 (TLSv1.2 (IN), TLS change cipher, Client hello (1):)
[2017.08.06-16.22.07:656][139]LogHttp:Warning: 000002973C8F5180: libcurl info message cache 14 (TLSv1.2 (IN), TLS handshake, Finished (20):)
[2017.08.06-16.22.07:656][139]LogHttp:Warning: 000002973C8F5180: libcurl info message cache 15 (SSL connection using TLSv1.2 / ECDHE-RSA-AES128-GCM-SHA256)
[2017.08.06-16.22.07:656][139]LogHttp:Warning: 000002973C8F5180: libcurl info message cache 16 (ALPN, server did not agree to a protocol)
[2017.08.06-16.22.07:656][139]LogHttp:Warning: 000002973C8F5180: libcurl info message cache 17 (old SSL session ID is stale, removing)
[2017.08.06-16.22.07:656][139]LogHttp:Warning: 000002973C8F5180: libcurl info message cache 18 (Server certificate:)
[2017.08.06-16.22.07:656][139]LogHttp:Warning: 000002973C8F5180: libcurl info message cache 19 (	 subject: CN=*.ol.epicgames.com)
[2017.08.06-16.22.07:656][139]LogHttp:Warning: 000002973C8F5180: libcurl info message cache 20 (	 start date: Mar 23 00:00:00 2017 GMT)
[2017.08.06-16.22.07:656][139]LogHttp:Warning: 000002973C8F5180: libcurl info message cache 21 (	 expire date: Apr 23 12:00:00 2018 GMT)
[2017.08.06-16.22.07:656][139]LogHttp:Warning: 000002973C8F5180: libcurl info message cache 22 (	 subjectAltName: datarouter.ol.epicgames.com matched)
[2017.08.06-16.22.07:656][139]LogHttp:Warning: 000002973C8F5180: libcurl info message cache 23 (	 issuer: C=US; O=Amazon; OU=Server CA 1B; CN=Amazon)
[2017.08.06-16.22.07:656][139]LogHttp:Warning: 000002973C8F5180: libcurl info message cache 24 (	 SSL certificate verify ok.)
[2017.08.06-16.22.07:656][139]LogHttp:Warning: 000002973C8F5180: libcurl info message cache 25 (SSL read: error:00000000:lib(0):func(0):reason(0), errno 10054)
[2017.08.06-16.22.07:656][139]LogHttp:Warning: 000002973C8F5180: libcurl info message cache 26 (Closing connection 3)
