Log file open, 09/27/17 17:35:02
LogInit:Display: Running engine for game: Pinball
LogPlatformFile: Not using cached read wrapper
LogInit:Display: RandInit(1651954712) SRandInit(1651954712).
LogTaskGraph: Started task graph with 5 named threads and 8 total threads with 1 sets of task threads.
LogStats: Stats thread started at 0.091723
LogInit: Using libcurl 7.47.1
LogInit:  - built for x86_64-pc-win32
LogInit:  - supports SSL with OpenSSL/1.0.2g
LogInit:  - supports HTTP deflate (compression) using libz 1.2.8
LogInit:  - other features:
LogInit:      CURL_VERSION_SSL
LogInit:      CURL_VERSION_LIBZ
LogInit:      CURL_VERSION_IPV6
LogInit:      CURL_VERSION_ASYNCHDNS
LogInit:      CURL_VERSION_LARGEFILE
LogInit:      CURL_VERSION_IDN
LogInit:  CurlRequestOptions (configurable via config and command line):
LogInit:  - bVerifyPeer = false  - Libcurl will NOT verify peer certificate
LogInit:  - bUseHttpProxy = false  - Libcurl will NOT use HTTP proxy
LogInit:  - bDontReuseConnections = false  - Libcurl will reuse connections
LogInit:  - CertBundlePath = nullptr  - Libcurl will use whatever was configured at build time.
LogInit: Build: ++UE4+Release-4.16-CL-3561208
LogInit: Engine Version: 4.16.3-3561208+++UE4+Release-4.16
LogInit: Compatible Engine Version: 4.16.0-3452394+++UE4+Release-4.16
LogInit: Net CL: 3452394
LogDevObjectVersion: Number of dev versions registered: 16
LogDevObjectVersion:   Dev-Blueprints (B0D832E4-1F89-4F0D-ACCF-7EB736FD4AA2): 9
LogDevObjectVersion:   Dev-Build (E1C64328-A22C-4D53-A36C-8E866417BD8C): 0
LogDevObjectVersion:   Dev-Core (375EC13C-06E4-48FB-B500-84F0262A717E): 2
LogDevObjectVersion:   Dev-Editor (E4B068ED-F494-42E9-A231-DA0B2E46BB41): 17
LogDevObjectVersion:   Dev-Framework (CFFC743F-43B0-4480-9391-14DF171D2073): 23
LogDevObjectVersion:   Dev-Mobile (B02B49B5-BB20-44E9-A304-32B752E40360): 0
LogDevObjectVersion:   Dev-Networking (A4E4105C-59A1-49B5-A7C5-40C4547EDFEE): 0
LogDevObjectVersion:   Dev-Online (39C831C9-5AE6-47DC-9A44-9C173E1C8E7C): 0
LogDevObjectVersion:   Dev-Physics (78F01B33-EBEA-4F98-B9B4-84EACCB95AA2): 0
LogDevObjectVersion:   Dev-Platform (6631380F-2D4D-43E0-8009-CF276956A95A): 0
LogDevObjectVersion:   Dev-Rendering (12F88B9F-8875-4AFC-A67C-D90C383ABD29): 15
LogDevObjectVersion:   Dev-Sequencer (7B5AE74C-D270-4C10-A958-57980B212A5A): 4
LogDevObjectVersion:   Dev-VR (D7296918-1DD6-4BDD-9DE2-64A83CC13884): 0
LogDevObjectVersion:   Dev-LoadTimes (C2A15278-BFE7-4AFE-6C17-90FF531DF755): 1
LogDevObjectVersion:   Private-Geometry (6EACA3D4-40EC-4CC1-B786-8BED09428FC5): 1
LogDevObjectVersion:   Dev-AnimPhys (29E575DD-E0A3-4627-9D10-D276232CDCEA): 3
LogInit: Compiled (64-bit): Jul 28 2017 11:49:47
LogInit: Compiled with Visual C++: 19.00.24215.01
LogInit: Build Configuration: Development
LogInit: Branch Name: ++UE4+Release-4.16
LogInit: Command line: 
LogInit: Base directory: D:/Epic Games/UE_4.16/Engine/Binaries/Win64/
LogInit: Installed Engine Build: 1
LogInit: Presizing for max 8388607 objects, including 0 objects not considered by GC, pre-allocating 0 bytes for permanent pool.
LogInit: Object subsystem initialized
[2017.09.27-21.35.03:016][  0]LogInit: Selected Device Profile: [Windows]
[2017.09.27-21.35.03:016][  0]LogInit: Applying CVar settings loaded from the selected device profile: [Windows]
[2017.09.27-21.35.03:027][  0]LogInit: Computer: CDIETSCHDESKTOP
[2017.09.27-21.35.03:027][  0]LogInit: User: cdietsch
[2017.09.27-21.35.03:027][  0]LogInit: CPU Page size=4096, Cores=4
[2017.09.27-21.35.03:027][  0]LogInit: High frequency timer resolution =3.124093 MHz
[2017.09.27-21.35.03:027][  0]LogMemory: Memory total: Physical=7.9GB (8GB approx)
[2017.09.27-21.35.03:027][  0]LogMemory: Platform Memory Stats for Windows
[2017.09.27-21.35.03:027][  0]LogMemory: Process Physical Memory: 272.80 MB used, 272.80 MB peak
[2017.09.27-21.35.03:027][  0]LogMemory: Process Virtual Memory: 266.44 MB used, 266.44 MB peak
[2017.09.27-21.35.03:027][  0]LogMemory: Physical Memory: 3910.59 MB used,  4201.73 MB free, 8112.32 MB total
[2017.09.27-21.35.03:027][  0]LogMemory: Virtual Memory: 643.54 MB used,  4201.73 MB free, 134217728.00 MB total
[2017.09.27-21.35.03:077][  0]LogInit: Using OS detected language (en-US).
[2017.09.27-21.35.03:077][  0]LogInit: Using OS detected locale (en-US).
[2017.09.27-21.35.03:081][  0]LogTextLocalizationManager: No specific localization for 'en-US' exists, so the 'en' localization will be used.
[2017.09.27-21.35.04:030][  0]LogD3D11RHI: D3D11 adapters:
[2017.09.27-21.35.04:043][  0]LogD3D11RHI:    0. 'AMD Radeon R9 200 / HD 7900 Series' (Feature Level 11_0)
[2017.09.27-21.35.04:043][  0]LogD3D11RHI:       3053/0/4056 MB DedicatedVideo/DedicatedSystem/SharedSystem, Outputs:1, VendorId:0x1002
[2017.09.27-21.35.04:044][  0]LogD3D11RHI:    1. 'Microsoft Basic Render Driver' (Feature Level 11_0)
[2017.09.27-21.35.04:044][  0]LogD3D11RHI:       0/0/4056 MB DedicatedVideo/DedicatedSystem/SharedSystem, Outputs:0, VendorId:0x1414
[2017.09.27-21.35.04:044][  0]LogD3D11RHI: Chosen D3D11 Adapter: 0
[2017.09.27-21.35.04:049][  0]LogD3D11RHI: Creating new Direct3DDevice
[2017.09.27-21.35.04:049][  0]LogD3D11RHI:     GPU DeviceId: 0x6798 (for the marketing name, search the web for "GPU Device Id")
[2017.09.27-21.35.04:049][  0]LogWindows: EnumDisplayDevices:
[2017.09.27-21.35.04:049][  0]LogWindows:    0. 'AMD Radeon R9 200 / HD 7900 Series' (P:1 D:1)
[2017.09.27-21.35.04:050][  0]LogWindows:    1. 'AMD Radeon R9 200 / HD 7900 Series' (P:0 D:0)
[2017.09.27-21.35.04:050][  0]LogWindows:    2. 'AMD Radeon R9 200 / HD 7900 Series' (P:0 D:0)
[2017.09.27-21.35.04:050][  0]LogWindows:    3. 'AMD Radeon R9 200 / HD 7900 Series' (P:0 D:0)
[2017.09.27-21.35.04:050][  0]LogWindows:    4. 'AMD Radeon R9 200 / HD 7900 Series' (P:0 D:0)
[2017.09.27-21.35.04:050][  0]LogWindows:    5. 'AMD Radeon R9 200 / HD 7900 Series' (P:0 D:0)
[2017.09.27-21.35.04:050][  0]LogWindows: DebugString: FoundDriverCount:6 
[2017.09.27-21.35.04:050][  0]LogD3D11RHI:     Adapter Name: AMD Radeon R9 200 / HD 7900 Series
[2017.09.27-21.35.04:050][  0]LogD3D11RHI:   Driver Version: Crimson ReLive 17.4.4 (internal:22.19.162.4, unified:22.19.162.4)
[2017.09.27-21.35.04:050][  0]LogD3D11RHI:      Driver Date: 4-24-2017
[2017.09.27-21.35.04:050][  0]LogRHI: Texture pool is 1361 MB (70% of 1945 MB)
[2017.09.27-21.35.04:083][  0]LogD3D11RHI: Async texture creation enabled
[2017.09.27-21.35.04:094][  0]LogD3D11RHI: GPU Timing Frequency: 27.000000 (Debug: 2 1)
[2017.09.27-21.35.04:094][  0]LogShaderCompilers: Guid format shader working directory is 8 characters bigger than the processId version (../../../../../GameEngines/Udemy/Pinball/Intermediate/Shaders/WorkingDirectory/10996/).
[2017.09.27-21.35.04:094][  0]LogShaderCompilers: Cleaned the shader compiler working directory 'C:/Users/cdietsch/AppData/Local/Temp/UnrealShaderWorkingDir/EE9F0693465431BADFA1D683468AD0E6/'.
[2017.09.27-21.35.04:094][  0]LogShaderCompilers:Display: Using Local Shader Compiler.
[2017.09.27-21.35.05:014][  0]LogTemp:Display: Loaded TP AllDesktopTargetPlatform
[2017.09.27-21.35.05:053][  0]LogTemp:Display: Loaded TP MacClientTargetPlatform
[2017.09.27-21.35.05:091][  0]LogTemp:Display: Loaded TP MacNoEditorTargetPlatform
[2017.09.27-21.35.05:131][  0]LogTemp:Display: Loaded TP MacServerTargetPlatform
[2017.09.27-21.35.05:171][  0]LogTemp:Display: Loaded TP MacTargetPlatform
[2017.09.27-21.35.05:209][  0]LogTemp:Display: Loaded TP WindowsClientTargetPlatform
[2017.09.27-21.35.05:249][  0]LogTemp:Display: Loaded TP WindowsNoEditorTargetPlatform
[2017.09.27-21.35.05:288][  0]LogTemp:Display: Loaded TP WindowsServerTargetPlatform
[2017.09.27-21.35.05:322][  0]LogTemp:Display: Loaded TP WindowsTargetPlatform
[2017.09.27-21.35.05:359][  0]LogTemp:Display: Loaded TP AndroidTargetPlatform
[2017.09.27-21.35.05:397][  0]LogTemp:Display: Loaded TP Android_ASTCTargetPlatform
[2017.09.27-21.35.05:434][  0]LogTemp:Display: Loaded TP Android_ATCTargetPlatform
[2017.09.27-21.35.05:472][  0]LogTemp:Display: Loaded TP Android_DXTTargetPlatform
[2017.09.27-21.35.05:510][  0]LogTemp:Display: Loaded TP Android_ETC1TargetPlatform
[2017.09.27-21.35.05:547][  0]LogTemp:Display: Loaded TP Android_ETC2TargetPlatform
[2017.09.27-21.35.05:623][  0]LogTemp:Display: Loaded TP Android_MultiTargetPlatform
[2017.09.27-21.35.05:623][  0]LogTemp:Display: Loaded TP Android_PVRTCTargetPlatform
[2017.09.27-21.35.05:652][  0]LogTemp:Display: Loaded TP HTML5TargetPlatform
[2017.09.27-21.35.05:727][  0]LogTemp:Display: Loaded TP IOSTargetPlatform
[2017.09.27-21.35.05:749][  0]LogTemp:Display: Loaded TP TVOSTargetPlatform
[2017.09.27-21.35.05:788][  0]LogTemp:Display: Loaded TP LinuxClientTargetPlatform
[2017.09.27-21.35.05:828][  0]LogTemp:Display: Loaded TP LinuxNoEditorTargetPlatform
[2017.09.27-21.35.05:869][  0]LogTemp:Display: Loaded TP LinuxServerTargetPlatform
[2017.09.27-21.35.05:909][  0]LogTemp:Display: Loaded TP LinuxTargetPlatform
[2017.09.27-21.35.05:909][  0]LogTargetPlatformManager:Display: Building Assets For Windows
[2017.09.27-21.35.06:291][  0]LogDerivedDataCache:Display: Max Cache Size: 512 MB
[2017.09.27-21.35.06:394][  0]LogDerivedDataCache: Loaded boot cache 0.10s 90MB C:/Users/cdietsch/AppData/Local/UnrealEngine/4.16/DerivedDataCache/Boot.ddc.
[2017.09.27-21.35.06:394][  0]LogDerivedDataCache:Display: Loaded Boot cache: C:/Users/cdietsch/AppData/Local/UnrealEngine/4.16/DerivedDataCache/Boot.ddc
[2017.09.27-21.35.06:394][  0]LogDerivedDataCache: FDerivedDataBackendGraph:  Pak pak cache file ../../../../../GameEngines/Udemy/Pinball/DerivedDataCache/DDC.ddp not found, will not use a pak cache.
[2017.09.27-21.35.06:394][  0]LogDerivedDataCache: Unable to find inner node Pak for hierarchical cache Hierarchy.
[2017.09.27-21.35.06:394][  0]LogDerivedDataCache: FDerivedDataBackendGraph:  CompressedPak pak cache file ../../../../../GameEngines/Udemy/Pinball/DerivedDataCache/Compressed.ddp not found, will not use a pak cache.
[2017.09.27-21.35.06:394][  0]LogDerivedDataCache: Unable to find inner node CompressedPak for hierarchical cache Hierarchy.
[2017.09.27-21.35.06:410][  0]LogDerivedDataCache:Display: Pak cache opened for reading ../../../Engine/DerivedDataCache/Compressed.ddp.
[2017.09.27-21.35.06:422][  0]LogDerivedDataCache: Using Local data cache path C:/Users/cdietsch/AppData/Local/UnrealEngine/Common/DerivedDataCache: Writable
[2017.09.27-21.35.06:431][  0]LogMaterial: Verifying Global Shaders for PCD3D_SM5
[2017.09.27-21.35.06:431][  0]LogSlate: Using Freetype 2.6.0
[2017.09.27-21.35.06:432][  0]LogSlate: SlateFontCache - WITH_FREETYPE: 1, WITH_HARFBUZZ: 1
[2017.09.27-21.35.06:432][  0]LogSlate: SlateFontCache - WITH_FREETYPE: 1, WITH_HARFBUZZ: 1
[2017.09.27-21.35.06:742][  0]LogInit: Selected Device Profile: [Windows]
[2017.09.27-21.35.06:837][  0]LogContentStreaming: Texture pool size is 0.00 MB
[2017.09.27-21.35.06:982][  0]LogMeshUtilities: Using QuadricMeshReduction for automatic static mesh reduction
[2017.09.27-21.35.07:017][  0]LogSimplygon: Simplygon DLL not present - disabling.
[2017.09.27-21.35.07:063][  0]LogMeshUtilities: Using SimplygonSwarm for distributed automatic mesh merging
[2017.09.27-21.35.07:063][  0]LogMeshUtilities: No automatic skeletal mesh reduction module available
[2017.09.27-21.35.07:063][  0]LogMeshUtilities: No automatic mesh merging module available
[2017.09.27-21.35.07:546][  0]LogNetVersion: Pinball , NetCL: 3452394, EngineNetVer: 2, GameNetVer: 0 (Checksum: 512650681)
[2017.09.27-21.35.07:600][  0]LogAssetRegistry: FAssetRegistry took 0.0258 seconds to start up
[2017.09.27-21.35.07:650][  0]LogPackageLocalizationCache: Processed 4 localized package path(s) for 2 prioritized culture(s) in 0.035177 seconds
[2017.09.27-21.35.07:655][  0]LogUObjectArray: 34194 objects as part of root set at end of initial load.
[2017.09.27-21.35.07:655][  0]LogUObjectAllocator: 7260416 out of 0 bytes used by permanent object pool.
[2017.09.27-21.35.07:655][  0]LogUObjectArray: CloseDisregardForGC: 0/0 objects in disregard for GC pool
[2017.09.27-21.35.07:699][  0]LogInit: WinSock: version 1.1 (2.2), MaxSocks=32767, MaxUdp=65467
[2017.09.27-21.35.09:878][  0]LogTcpMessaging: Initializing TcpMessaging bridge
[2017.09.27-21.35.09:914][  0]LogUdpMessaging: Initializing bridge on interface 0.0.0.0:0 to multicast group 230.0.0.1:6666.
[2017.09.27-21.35.10:348][  0]LogMaterial: Uniform references updated for custom material expression Custom.
[2017.09.27-21.35.10:677][  0]SourceControl: Info Source control is disabled
[2017.09.27-21.35.10:706][  0]SourceControl: Info Source control is disabled
[2017.09.27-21.35.10:746][  0]SourceControl: Info Source control is disabled
[2017.09.27-21.35.10:785][  0]SourceControl: Info Source control is disabled
[2017.09.27-21.35.11:328][  0]LogAndroidPermission: UAndroidPermissionCallbackProxy::GetInstance
[2017.09.27-21.35.11:813][  0]LogEngine: Initializing Engine...
[2017.09.27-21.35.11:814][  0]LogHMD: Failed to initialize OpenVR with code 100
[2017.09.27-21.35.12:001][  0]LogStats: UGameplayTagsManager::ConstructGameplayTagTree: Construct from data asset -  0.000 s
[2017.09.27-21.35.12:001][  0]LogStats: UGameplayTagsManager::ConstructGameplayTagTree: GameplayTagTreeChangedEvent.Broadcast -  0.000 s
[2017.09.27-21.35.12:097][  0]LogAIModule: Creating AISystem for world Untitled
[2017.09.27-21.35.12:108][  0]LogInit: XAudio2 using '1 - SAMSUNG (AMD High Definition Audio Device)' : 2 channels at 48 kHz using 16 bits per sample (channel mask 0x3)
[2017.09.27-21.35.12:125][  0]LogInit: FAudioDevice initialized.
[2017.09.27-21.35.12:171][  0]LogDerivedDataCache: Saved boot cache 0.05s 90MB C:/Users/cdietsch/AppData/Local/UnrealEngine/4.16/DerivedDataCache/Boot.ddc.
[2017.09.27-21.35.12:185][  0]LogInit: Texture streaming: Enabled
[2017.09.27-21.35.12:251][  0]LogEngineSessionManager: EngineSessionManager initialized
[2017.09.27-21.35.12:251][  0]LogEngineSessionManager: EngineSessionManager sent abnormal shutdown report. Type=Crashed, SessionId={53350244-441A-5C57-8255-F586D955D1DF}
[2017.09.27-21.35.12:416][  0]LogInit: Transaction tracking system initialized
[2017.09.27-21.35.12:645][  0]BlueprintLog: New page: Editor Load
[2017.09.27-21.35.13:370][  0]LocalizationService: Info Localization service is disabled
[2017.09.27-21.35.13:916][  0]LogConsoleResponse:Display: 
[2017.09.27-21.35.14:039][  0]LogCook:Display: Max memory allowance for cook 16384mb min free memory 0mb
[2017.09.27-21.35.14:039][  0]LogCook:Display: Mobile HDR setting 1
[2017.09.27-21.35.14:863][  0]LogFileCache: Scanning file cache for directory 'D:/GameEngines/Udemy/Pinball/Content/' took 0.01s
[2017.09.27-21.35.14:863][  0]SourceControl: Info Source control is disabled
[2017.09.27-21.35.14:863][  0]Cmd: MAP LOAD FILE="../../../Engine/Content/Maps/Templates/Template_Default.umap" TEMPLATE=1 SHOWPROGRESS=1 FEATURELEVEL=3
[2017.09.27-21.35.14:864][  0]LightingResults: New page: Lighting Build
[2017.09.27-21.35.14:896][  0]MapCheck: New page: Map Check
[2017.09.27-21.35.14:896][  0]LightingResults: New page: Lighting Build
[2017.09.27-21.35.15:087][  0]LogAIModule: Creating AISystem for world Untitled_1
[2017.09.27-21.35.15:088][  0]LogActorComponent: RegisterComponentWithWorld: (/Temp/Untitled_1.Untitled_1:PersistentLevel.WorldSettings_1.StaticMeshComponent0) Trying to register component with IsPendingKill() == true. Aborting.
[2017.09.27-21.35.15:093][  0]LogEditorServer: Finished looking for orphan Actors (0.000 secs)
[2017.09.27-21.35.15:108][  0]Cmd: MAP CHECKDEP NOCLEARLOG
[2017.09.27-21.35.15:159][  0]MapCheck: Info Map check complete: 0 Error(s), 0 Warning(s), took 51.514ms to complete.
[2017.09.27-21.35.15:159][  0]LogFileHelpers: Loading map 'Template_Default' took 0.296
[2017.09.27-21.35.15:282][  0]LogCollectionManager: Loaded 0 collections in 0.001506 seconds
[2017.09.27-21.35.15:353][  0]LogFileCache: Scanning file cache for directory 'D:/GameEngines/Udemy/Pinball/Saved/Collections/' took 0.01s
[2017.09.27-21.35.15:353][  0]LogFileCache: Scanning file cache for directory 'D:/GameEngines/Udemy/Pinball/Content/Developers/cdietsch/Collections/' took 0.01s
[2017.09.27-21.35.15:353][  0]LogFileCache: Scanning file cache for directory 'D:/GameEngines/Udemy/Pinball/Content/Collections/' took 0.01s
[2017.09.27-21.35.15:353][  0]LogCollectionManager: Rebuilt the GUID cache for 0 collections in 0.000002 seconds
[2017.09.27-21.35.15:362][  0]LogContentBrowser: Native class hierarchy populated in 0.0088 seconds. Added 2329 classes and 491 folders.
[2017.09.27-21.35.15:414][  0]LogContentBrowser: Native class hierarchy updated for 'WidgetCarousel' in 0.0008 seconds. Added 0 classes and 0 folders.
[2017.09.27-21.35.15:466][  0]LogContentBrowser: Native class hierarchy updated for 'AddContentDialog' in 0.0006 seconds. Added 0 classes and 0 folders.
[2017.09.27-21.35.15:503][  0]LogContentBrowser: Native class hierarchy updated for 'SceneOutliner' in 0.0007 seconds. Added 1 classes and 2 folders.
[2017.09.27-21.35.15:572][  0]LogCrashTracker: Crashtracker disabled due to settings.
[2017.09.27-21.35.15:576][  0]LogSlate: Took 0.000271 seconds to synchronously load lazily loaded font '../../../Engine/Content/Slate/Fonts/Roboto-Regular.ttf' (155K)
[2017.09.27-21.35.15:578][  0]LogSlate: Took 0.000245 seconds to synchronously load lazily loaded font '../../../Engine/Content/Slate/Fonts/Roboto-Bold.ttf' (160K)
[2017.09.27-21.35.15:583][  0]LogSlate: Took 0.000232 seconds to synchronously load lazily loaded font '../../../Engine/Content/Editor/Slate/Fonts/FontAwesome.ttf' (139K)
[2017.09.27-21.35.15:668][  0]LogRenderer: Reallocating scene render targets to support 816x444 NumSamples 1 (Frame:1).
[2017.09.27-21.35.15:791][  0]LogUObjectGlobals:Warning: Failed to find object 'Class None.'
[2017.09.27-21.35.15:857][  0]LogContentBrowser: Native class hierarchy updated for 'HierarchicalLODOutliner' in 0.0007 seconds. Added 1 classes and 2 folders.
[2017.09.27-21.35.15:857][  0]LogLoad: (Engine Initialization) Total time: 14.33 seconds
[2017.09.27-21.35.15:857][  0]LogLoad: (Engine Initialization) Total Blueprint compile time: 0.07 seconds
[2017.09.27-21.35.15:857][  0]LogExternalProfiler: Found external profiler: VSPerf
[2017.09.27-21.35.15:857][  0]LogExternalProfiler: Using external profiler: VSPerf
[2017.09.27-21.35.16:196][  0]LogOcInput: OculusInput pre-init called
[2017.09.27-21.35.16:196][  0]LogHMD: Starting GearVRController plugin
[2017.09.27-21.35.16:223][  0]LogContentStreaming: Texture pool size now 1000 MB
[2017.09.27-21.35.16:278][  0]LogSlate: Took 0.000163 seconds to synchronously load lazily loaded font '../../../Engine/Content/Slate/Fonts/Roboto-Light.ttf' (159K)
[2017.09.27-21.35.16:540][  1]LogAssetRegistry: Asset discovery search completed in 8.9623 seconds
[2017.09.27-21.35.16:541][  1]LogCollectionManager: Rebuilt the object cache for 0 collections in 0.000000 seconds (found 0 objects)
[2017.09.27-21.35.16:541][  1]LogCollectionManager: Fixed up redirectors for 0 collections in 0.000033 seconds (updated 0 objects)
[2017.09.27-21.35.17:203][  3]LogSlate: Took 0.000406 seconds to synchronously load lazily loaded font '../../../Engine/Content/Slate/Fonts/Roboto-Light.ttf' (159K)
[2017.09.27-21.35.28:828][295]LogSlate: Took 0.000197 seconds to synchronously load lazily loaded font '../../../Engine/Content/Slate/Fonts/Roboto-Light.ttf' (159K)
[2017.09.27-21.35.29:158][295]LogContentBrowser: Native class hierarchy updated for 'BlueprintGraph' in 0.0010 seconds. Added 112 classes and 0 folders.
[2017.09.27-21.35.29:728][295]LogMaterial:Warning: Material /Game/Assets/M_SimpleMetal.M_SimpleMetal needed to have new flag set bUsedWithSplineMeshes !
[2017.09.27-21.35.29:730][295]LogMaterial: Missing cached shader map for material M_SimpleMetal, compiling. 
[2017.09.27-21.35.30:289][295]LogCrashTracker: 


[2017.09.27-21.35.30:289][295]LogCrashTracker: 


[2017.09.27-21.35.30:289][295]LogWindows:Error: === Critical error: ===
[2017.09.27-21.35.30:289][295]LogWindows:Error: 
[2017.09.27-21.35.30:289][295]LogWindows:Error: Fatal error!
[2017.09.27-21.35.30:289][295]LogWindows:Error: 
[2017.09.27-21.35.30:289][295]LogWindows:Error: Unhandled Exception: EXCEPTION_ACCESS_VIOLATION reading address 0x00000210
[2017.09.27-21.35.30:289][295]LogWindows:Error: 
[2017.09.27-21.35.30:289][295]LogWindows:Error: UE4Editor-Engine.dll!0x000000009C5A7BD0
[2017.09.27-21.35.30:289][295]LogWindows:Error: UE4Editor-Engine.dll!0x000000009BBB99B4
[2017.09.27-21.35.30:289][295]LogWindows:Error: UE4Editor-Engine.dll!0x000000009BBFDF7D
[2017.09.27-21.35.30:289][295]LogWindows:Error: UE4Editor-Engine.dll!0x000000009BC05A00
[2017.09.27-21.35.30:289][295]LogWindows:Error: UE4Editor-CoreUObject.dll!0x000000009EA38734
[2017.09.27-21.35.30:289][295]LogWindows:Error: UE4Editor-CoreUObject.dll!0x000000009EBF6DD4
[2017.09.27-21.35.30:289][295]LogWindows:Error: UE4Editor-CoreUObject.dll!0x000000009EC0BDA1
[2017.09.27-21.35.30:289][295]LogWindows:Error: UE4Editor-CoreUObject.dll!0x000000009EC0DFD2
[2017.09.27-21.35.30:289][295]LogWindows:Error: UE4Editor-CoreUObject.dll!0x000000009EA38734
[2017.09.27-21.35.30:289][295]LogWindows:Error: UE4Editor-CoreUObject.dll!0x000000009EC0D366
[2017.09.27-21.35.30:289][295]LogWindows:Error: UE4Editor-Engine.dll!0x000000009B6B3F27
[2017.09.27-21.35.30:289][295]LogWindows:Error: UE4Editor-Engine.dll!0x000000009C8EA367
[2017.09.27-21.35.30:289][295]LogWindows:Error: UE4Editor-Engine.dll!0x000000009B6B42F3
[2017.09.27-21.35.30:289][295]LogWindows:Error: UE4Editor-Engine.dll!0x000000009B68AB2A
[2017.09.27-21.35.30:289][295]LogWindows:Error: UE4Editor-Engine.dll!0x000000009B690551
[2017.09.27-21.35.30:289][295]LogWindows:Error: UE4Editor-Engine.dll!0x000000009B6B358E
[2017.09.27-21.35.30:289][295]LogWindows:Error: UE4Editor-Engine.dll!0x000000009BF25DC7
[2017.09.27-21.35.30:289][295]LogWindows:Error: UE4Editor-Engine.dll!0x000000009BF261A7
[2017.09.27-21.35.30:289][295]LogWindows:Error: UE4Editor-Kismet.dll!0x000000009773AC75
[2017.09.27-21.35.30:289][295]LogWindows:Error: UE4Editor-Kismet.dll!0x0000000097734533
[2017.09.27-21.35.30:289][295]LogWindows:Error: UE4Editor-UnrealEd.dll!0x00000000999347C5
[2017.09.27-21.35.30:289][295]LogWindows:Error: UE4Editor-UnrealEd.dll!0x0000000099932496
[2017.09.27-21.35.30:289][295]LogWindows:Error: UE4Editor-UnrealEd.dll!0x000000009A158D86
[2017.09.27-21.35.30:289][295]LogWindows:Error: UE4Editor.exe!0x00000000BF6FE2B2
[2017.09.27-21.35.30:289][295]LogWindows:Error: UE4Editor.exe!0x00000000BF6EF0B0
[2017.09.27-21.35.30:289][295]LogWindows:Error: UE4Editor.exe!0x00000000BF6EF12A
[2017.09.27-21.35.30:289][295]LogWindows:Error: UE4Editor.exe!0x00000000BF700CF9
[2017.09.27-21.35.30:289][295]LogWindows:Error: UE4Editor.exe!0x00000000BF7025F7
[2017.09.27-21.35.30:289][295]LogWindows:Error: KERNEL32.DLL!0x00000000DF7B2774
[2017.09.27-21.35.30:289][295]LogWindows:Error: ntdll.dll!0x00000000DFA60D51
[2017.09.27-21.35.30:289][295]LogWindows:Error: ntdll.dll!0x00000000DFA60D51
[2017.09.27-21.35.30:289][295]LogWindows:Error: 
[2017.09.27-21.35.30:298][295]LogExit: Executing StaticShutdownAfterError
[2017.09.27-21.35.30:300][295]LogWindows: FPlatformMisc::RequestExit(1)
[2017.09.27-21.35.30:300][295]Log file closed, 09/27/17 17:35:30
