Log file open, 09/28/17 17:09:10
LogInit:Display: Running engine for game: Pinball
LogPlatformFile: Not using cached read wrapper
LogInit:Display: RandInit(1033187495) SRandInit(1033187495).
LogTaskGraph: Started task graph with 5 named threads and 8 total threads with 1 sets of task threads.
LogStats: Stats thread started at 0.158855
LogInit: Using libcurl 7.47.1
LogInit:  - built for x86_64-pc-win32
LogInit:  - supports SSL with OpenSSL/1.0.2g
LogInit:  - supports HTTP deflate (compression) using libz 1.2.8
LogInit:  - other features:
LogInit:      CURL_VERSION_SSL
LogInit:      CURL_VERSION_LIBZ
LogInit:      CURL_VERSION_IPV6
LogInit:      CURL_VERSION_ASYNCHDNS
LogInit:      CURL_VERSION_LARGEFILE
LogInit:      CURL_VERSION_IDN
LogInit:  CurlRequestOptions (configurable via config and command line):
LogInit:  - bVerifyPeer = false  - Libcurl will NOT verify peer certificate
LogInit:  - bUseHttpProxy = false  - Libcurl will NOT use HTTP proxy
LogInit:  - bDontReuseConnections = false  - Libcurl will reuse connections
LogInit:  - CertBundlePath = nullptr  - Libcurl will use whatever was configured at build time.
LogInit: Build: ++UE4+Release-4.16-CL-3561208
LogInit: Engine Version: 4.16.3-3561208+++UE4+Release-4.16
LogInit: Compatible Engine Version: 4.16.0-3452394+++UE4+Release-4.16
LogInit: Net CL: 3452394
LogDevObjectVersion: Number of dev versions registered: 16
LogDevObjectVersion:   Dev-Blueprints (B0D832E4-1F89-4F0D-ACCF-7EB736FD4AA2): 9
LogDevObjectVersion:   Dev-Build (E1C64328-A22C-4D53-A36C-8E866417BD8C): 0
LogDevObjectVersion:   Dev-Core (375EC13C-06E4-48FB-B500-84F0262A717E): 2
LogDevObjectVersion:   Dev-Editor (E4B068ED-F494-42E9-A231-DA0B2E46BB41): 17
LogDevObjectVersion:   Dev-Framework (CFFC743F-43B0-4480-9391-14DF171D2073): 23
LogDevObjectVersion:   Dev-Mobile (B02B49B5-BB20-44E9-A304-32B752E40360): 0
LogDevObjectVersion:   Dev-Networking (A4E4105C-59A1-49B5-A7C5-40C4547EDFEE): 0
LogDevObjectVersion:   Dev-Online (39C831C9-5AE6-47DC-9A44-9C173E1C8E7C): 0
LogDevObjectVersion:   Dev-Physics (78F01B33-EBEA-4F98-B9B4-84EACCB95AA2): 0
LogDevObjectVersion:   Dev-Platform (6631380F-2D4D-43E0-8009-CF276956A95A): 0
LogDevObjectVersion:   Dev-Rendering (12F88B9F-8875-4AFC-A67C-D90C383ABD29): 15
LogDevObjectVersion:   Dev-Sequencer (7B5AE74C-D270-4C10-A958-57980B212A5A): 4
LogDevObjectVersion:   Dev-VR (D7296918-1DD6-4BDD-9DE2-64A83CC13884): 0
LogDevObjectVersion:   Dev-LoadTimes (C2A15278-BFE7-4AFE-6C17-90FF531DF755): 1
LogDevObjectVersion:   Private-Geometry (6EACA3D4-40EC-4CC1-B786-8BED09428FC5): 1
LogDevObjectVersion:   Dev-AnimPhys (29E575DD-E0A3-4627-9D10-D276232CDCEA): 3
LogInit: Compiled (64-bit): Jul 28 2017 11:49:47
LogInit: Compiled with Visual C++: 19.00.24215.01
LogInit: Build Configuration: Development
LogInit: Branch Name: ++UE4+Release-4.16
LogInit: Command line:  
LogInit: Base directory: D:/Epic Games/UE_4.16/Engine/Binaries/Win64/
LogInit: Installed Engine Build: 1
LogInit: Presizing for max 8388607 objects, including 0 objects not considered by GC, pre-allocating 0 bytes for permanent pool.
LogInit: Object subsystem initialized
[2017.09.28-21.09.11:892][  0]LogInit: Selected Device Profile: [Windows]
[2017.09.28-21.09.11:892][  0]LogInit: Applying CVar settings loaded from the selected device profile: [Windows]
[2017.09.28-21.09.12:043][  0]LogInit: Computer: CDIETSCHDESKTOP
[2017.09.28-21.09.12:043][  0]LogInit: User: cdietsch
[2017.09.28-21.09.12:043][  0]LogInit: CPU Page size=4096, Cores=4
[2017.09.28-21.09.12:043][  0]LogInit: High frequency timer resolution =3.124098 MHz
[2017.09.28-21.09.12:053][  0]LogMemory: Memory total: Physical=7.9GB (8GB approx)
[2017.09.28-21.09.12:053][  0]LogMemory: Platform Memory Stats for Windows
[2017.09.28-21.09.12:053][  0]LogMemory: Process Physical Memory: 272.94 MB used, 272.94 MB peak
[2017.09.28-21.09.12:053][  0]LogMemory: Process Virtual Memory: 266.58 MB used, 266.58 MB peak
[2017.09.28-21.09.12:053][  0]LogMemory: Physical Memory: 5013.23 MB used,  3099.09 MB free, 8112.32 MB total
[2017.09.28-21.09.12:053][  0]LogMemory: Virtual Memory: 643.54 MB used,  3099.09 MB free, 134217728.00 MB total
[2017.09.28-21.09.12:832][  0]LogInit: Using OS detected language (en-US).
[2017.09.28-21.09.12:832][  0]LogInit: Using OS detected locale (en-US).
[2017.09.28-21.09.13:069][  0]LogTextLocalizationManager: No specific localization for 'en-US' exists, so the 'en' localization will be used.
[2017.09.28-21.09.17:170][  0]LogD3D11RHI: D3D11 adapters:
[2017.09.28-21.09.17:184][  0]LogD3D11RHI:    0. 'AMD Radeon R9 200 / HD 7900 Series' (Feature Level 11_0)
[2017.09.28-21.09.17:184][  0]LogD3D11RHI:       3053/0/4056 MB DedicatedVideo/DedicatedSystem/SharedSystem, Outputs:1, VendorId:0x1002
[2017.09.28-21.09.17:191][  0]LogD3D11RHI:    1. 'Microsoft Basic Render Driver' (Feature Level 11_0)
[2017.09.28-21.09.17:191][  0]LogD3D11RHI:       0/0/4056 MB DedicatedVideo/DedicatedSystem/SharedSystem, Outputs:0, VendorId:0x1414
[2017.09.28-21.09.17:191][  0]LogD3D11RHI: Chosen D3D11 Adapter: 0
[2017.09.28-21.09.17:197][  0]LogD3D11RHI: Creating new Direct3DDevice
[2017.09.28-21.09.17:197][  0]LogD3D11RHI:     GPU DeviceId: 0x6798 (for the marketing name, search the web for "GPU Device Id")
[2017.09.28-21.09.17:197][  0]LogWindows: EnumDisplayDevices:
[2017.09.28-21.09.17:197][  0]LogWindows:    0. 'AMD Radeon R9 200 / HD 7900 Series' (P:1 D:1)
[2017.09.28-21.09.17:197][  0]LogWindows:    1. 'AMD Radeon R9 200 / HD 7900 Series' (P:0 D:0)
[2017.09.28-21.09.17:198][  0]LogWindows:    2. 'AMD Radeon R9 200 / HD 7900 Series' (P:0 D:0)
[2017.09.28-21.09.17:198][  0]LogWindows:    3. 'AMD Radeon R9 200 / HD 7900 Series' (P:0 D:0)
[2017.09.28-21.09.17:198][  0]LogWindows:    4. 'AMD Radeon R9 200 / HD 7900 Series' (P:0 D:0)
[2017.09.28-21.09.17:198][  0]LogWindows:    5. 'AMD Radeon R9 200 / HD 7900 Series' (P:0 D:0)
[2017.09.28-21.09.17:198][  0]LogWindows: DebugString: FoundDriverCount:6 
[2017.09.28-21.09.17:198][  0]LogD3D11RHI:     Adapter Name: AMD Radeon R9 200 / HD 7900 Series
[2017.09.28-21.09.17:198][  0]LogD3D11RHI:   Driver Version: Crimson ReLive 17.4.4 (internal:22.19.162.4, unified:22.19.162.4)
[2017.09.28-21.09.17:198][  0]LogD3D11RHI:      Driver Date: 4-24-2017
[2017.09.28-21.09.17:198][  0]LogRHI: Texture pool is 1361 MB (70% of 1945 MB)
[2017.09.28-21.09.17:250][  0]LogD3D11RHI: Async texture creation enabled
[2017.09.28-21.09.17:463][  0]LogD3D11RHI: GPU Timing Frequency: 27.000000 (Debug: 2 1)
[2017.09.28-21.09.17:500][  0]LogShaderCompilers: Guid format shader working directory is 9 characters bigger than the processId version (../../../../../GameEngines/Udemy/Pinball/Intermediate/Shaders/WorkingDirectory/2704/).
[2017.09.28-21.09.17:500][  0]LogShaderCompilers: Cleaned the shader compiler working directory 'C:/Users/cdietsch/AppData/Local/Temp/UnrealShaderWorkingDir/EF868B8E483142837A8058A167E69BDE/'.
[2017.09.28-21.09.17:510][  0]LogShaderCompilers:Display: Using Local Shader Compiler.
[2017.09.28-21.09.21:983][  0]LogTemp:Display: Loaded TP AllDesktopTargetPlatform
[2017.09.28-21.09.22:099][  0]LogTemp:Display: Loaded TP MacClientTargetPlatform
[2017.09.28-21.09.22:146][  0]LogTemp:Display: Loaded TP MacNoEditorTargetPlatform
[2017.09.28-21.09.22:188][  0]LogTemp:Display: Loaded TP MacServerTargetPlatform
[2017.09.28-21.09.22:253][  0]LogTemp:Display: Loaded TP MacTargetPlatform
[2017.09.28-21.09.22:296][  0]LogTemp:Display: Loaded TP WindowsClientTargetPlatform
[2017.09.28-21.09.22:339][  0]LogTemp:Display: Loaded TP WindowsNoEditorTargetPlatform
[2017.09.28-21.09.22:383][  0]LogTemp:Display: Loaded TP WindowsServerTargetPlatform
[2017.09.28-21.09.22:438][  0]LogTemp:Display: Loaded TP WindowsTargetPlatform
[2017.09.28-21.09.22:541][  0]LogTemp:Display: Loaded TP AndroidTargetPlatform
[2017.09.28-21.09.22:599][  0]LogTemp:Display: Loaded TP Android_ASTCTargetPlatform
[2017.09.28-21.09.22:648][  0]LogTemp:Display: Loaded TP Android_ATCTargetPlatform
[2017.09.28-21.09.22:704][  0]LogTemp:Display: Loaded TP Android_DXTTargetPlatform
[2017.09.28-21.09.22:768][  0]LogTemp:Display: Loaded TP Android_ETC1TargetPlatform
[2017.09.28-21.09.22:836][  0]LogTemp:Display: Loaded TP Android_ETC2TargetPlatform
[2017.09.28-21.09.22:995][  0]LogTemp:Display: Loaded TP Android_MultiTargetPlatform
[2017.09.28-21.09.22:995][  0]LogTemp:Display: Loaded TP Android_PVRTCTargetPlatform
[2017.09.28-21.09.23:046][  0]LogTemp:Display: Loaded TP HTML5TargetPlatform
[2017.09.28-21.09.23:306][  0]LogTemp:Display: Loaded TP IOSTargetPlatform
[2017.09.28-21.09.23:347][  0]LogTemp:Display: Loaded TP TVOSTargetPlatform
[2017.09.28-21.09.23:396][  0]LogTemp:Display: Loaded TP LinuxClientTargetPlatform
[2017.09.28-21.09.23:439][  0]LogTemp:Display: Loaded TP LinuxNoEditorTargetPlatform
[2017.09.28-21.09.23:486][  0]LogTemp:Display: Loaded TP LinuxServerTargetPlatform
[2017.09.28-21.09.23:549][  0]LogTemp:Display: Loaded TP LinuxTargetPlatform
[2017.09.28-21.09.23:549][  0]LogTargetPlatformManager:Display: Building Assets For Windows
[2017.09.28-21.09.24:784][  0]LogDerivedDataCache:Display: Max Cache Size: 512 MB
[2017.09.28-21.09.25:337][  0]LogDerivedDataCache: Loaded boot cache 0.55s 90MB C:/Users/cdietsch/AppData/Local/UnrealEngine/4.16/DerivedDataCache/Boot.ddc.
[2017.09.28-21.09.25:337][  0]LogDerivedDataCache:Display: Loaded Boot cache: C:/Users/cdietsch/AppData/Local/UnrealEngine/4.16/DerivedDataCache/Boot.ddc
[2017.09.28-21.09.25:338][  0]LogDerivedDataCache: FDerivedDataBackendGraph:  Pak pak cache file ../../../../../GameEngines/Udemy/Pinball/DerivedDataCache/DDC.ddp not found, will not use a pak cache.
[2017.09.28-21.09.25:338][  0]LogDerivedDataCache: Unable to find inner node Pak for hierarchical cache Hierarchy.
[2017.09.28-21.09.25:338][  0]LogDerivedDataCache: FDerivedDataBackendGraph:  CompressedPak pak cache file ../../../../../GameEngines/Udemy/Pinball/DerivedDataCache/Compressed.ddp not found, will not use a pak cache.
[2017.09.28-21.09.25:338][  0]LogDerivedDataCache: Unable to find inner node CompressedPak for hierarchical cache Hierarchy.
[2017.09.28-21.09.25:444][  0]LogDerivedDataCache:Display: Pak cache opened for reading ../../../Engine/DerivedDataCache/Compressed.ddp.
[2017.09.28-21.09.25:529][  0]LogDerivedDataCache: Using Local data cache path C:/Users/cdietsch/AppData/Local/UnrealEngine/Common/DerivedDataCache: Writable
[2017.09.28-21.09.25:608][  0]LogMaterial: Verifying Global Shaders for PCD3D_SM5
[2017.09.28-21.09.25:643][  0]LogSlate: Using Freetype 2.6.0
[2017.09.28-21.09.25:713][  0]LogSlate: SlateFontCache - WITH_FREETYPE: 1, WITH_HARFBUZZ: 1
[2017.09.28-21.09.25:713][  0]LogSlate: SlateFontCache - WITH_FREETYPE: 1, WITH_HARFBUZZ: 1
[2017.09.28-21.09.34:332][  0]LogInit: Selected Device Profile: [Windows]
[2017.09.28-21.09.35:215][  0]LogContentStreaming: Texture pool size is 0.00 MB
[2017.09.28-21.09.35:801][  0]LogMeshUtilities: Using QuadricMeshReduction for automatic static mesh reduction
[2017.09.28-21.09.35:975][  0]LogSimplygon: Simplygon DLL not present - disabling.
[2017.09.28-21.09.36:054][  0]LogMeshUtilities: Using SimplygonSwarm for distributed automatic mesh merging
[2017.09.28-21.09.36:054][  0]LogMeshUtilities: No automatic skeletal mesh reduction module available
[2017.09.28-21.09.36:054][  0]LogMeshUtilities: No automatic mesh merging module available
[2017.09.28-21.09.42:280][  0]LogNetVersion: Pinball , NetCL: 3452394, EngineNetVer: 2, GameNetVer: 0 (Checksum: 512650681)
[2017.09.28-21.09.42:543][  0]LogAssetRegistry: FAssetRegistry took 0.0270 seconds to start up
[2017.09.28-21.09.42:822][  0]LogPackageLocalizationCache: Processed 4 localized package path(s) for 2 prioritized culture(s) in 0.196214 seconds
[2017.09.28-21.09.42:842][  0]LogUObjectArray: 34194 objects as part of root set at end of initial load.
[2017.09.28-21.09.42:842][  0]LogUObjectAllocator: 7260416 out of 0 bytes used by permanent object pool.
[2017.09.28-21.09.42:842][  0]LogUObjectArray: CloseDisregardForGC: 0/0 objects in disregard for GC pool
[2017.09.28-21.09.42:906][  0]LogInit: WinSock: version 1.1 (2.2), MaxSocks=32767, MaxUdp=65467
[2017.09.28-21.09.59:070][  0]LogTcpMessaging: Initializing TcpMessaging bridge
[2017.09.28-21.09.59:125][  0]LogUdpMessaging: Initializing bridge on interface 0.0.0.0:0 to multicast group 230.0.0.1:6666.
[2017.09.28-21.10.00:431][  0]LogMaterial: Uniform references updated for custom material expression Custom.
[2017.09.28-21.10.01:331][  0]SourceControl: Info Source control is disabled
[2017.09.28-21.10.01:439][  0]SourceControl: Info Source control is disabled
[2017.09.28-21.10.01:568][  0]SourceControl: Info Source control is disabled
[2017.09.28-21.10.01:653][  0]SourceControl: Info Source control is disabled
[2017.09.28-21.10.02:907][  0]LogAndroidPermission: UAndroidPermissionCallbackProxy::GetInstance
[2017.09.28-21.10.04:138][  0]LogEngine: Initializing Engine...
[2017.09.28-21.10.04:170][  0]LogHMD: Failed to initialize OpenVR with code 100
[2017.09.28-21.10.04:884][  0]LogStats: UGameplayTagsManager::ConstructGameplayTagTree: Construct from data asset -  0.000 s
[2017.09.28-21.10.04:885][  0]LogStats: UGameplayTagsManager::ConstructGameplayTagTree: GameplayTagTreeChangedEvent.Broadcast -  0.000 s
[2017.09.28-21.10.05:335][  0]LogAIModule: Creating AISystem for world Untitled
[2017.09.28-21.10.05:410][  0]LogInit: XAudio2 using '1 - SAMSUNG (AMD High Definition Audio Device)' : 2 channels at 48 kHz using 16 bits per sample (channel mask 0x3)
[2017.09.28-21.10.05:431][  0]LogInit: FAudioDevice initialized.
[2017.09.28-21.10.05:481][  0]LogDerivedDataCache: Saved boot cache 0.05s 90MB C:/Users/cdietsch/AppData/Local/UnrealEngine/4.16/DerivedDataCache/Boot.ddc.
[2017.09.28-21.10.05:497][  0]LogInit: Texture streaming: Enabled
[2017.09.28-21.10.05:642][  0]LogEngineSessionManager: EngineSessionManager initialized
[2017.09.28-21.10.06:161][  0]LogInit: Transaction tracking system initialized
[2017.09.28-21.10.06:710][  0]BlueprintLog: New page: Editor Load
[2017.09.28-21.10.08:367][  0]LocalizationService: Info Localization service is disabled
[2017.09.28-21.10.09:554][  0]LogConsoleResponse:Display: 
[2017.09.28-21.10.11:396][  0]LogFileCache: Scanning file cache for directory 'D:/GameEngines/Udemy/Pinball/Content/' took 0.02s
[2017.09.28-21.10.11:396][  0]LogCook:Display: Max memory allowance for cook 16384mb min free memory 0mb
[2017.09.28-21.10.11:396][  0]LogCook:Display: Mobile HDR setting 1
[2017.09.28-21.10.14:053][  0]SourceControl: Info Source control is disabled
[2017.09.28-21.10.14:114][  0]Cmd: MAP LOAD FILE="../../../Engine/Content/Maps/Templates/Template_Default.umap" TEMPLATE=1 SHOWPROGRESS=1 FEATURELEVEL=3
[2017.09.28-21.10.14:168][  0]LightingResults: New page: Lighting Build
[2017.09.28-21.10.14:404][  0]MapCheck: New page: Map Check
[2017.09.28-21.10.14:404][  0]LightingResults: New page: Lighting Build
[2017.09.28-21.10.15:559][  0]LogAIModule: Creating AISystem for world Untitled_1
[2017.09.28-21.10.15:604][  0]LogActorComponent: RegisterComponentWithWorld: (/Temp/Untitled_1.Untitled_1:PersistentLevel.WorldSettings_1.StaticMeshComponent0) Trying to register component with IsPendingKill() == true. Aborting.
[2017.09.28-21.10.15:931][  0]LogEditorServer: Finished looking for orphan Actors (0.000 secs)
[2017.09.28-21.10.15:984][  0]Cmd: MAP CHECKDEP NOCLEARLOG
[2017.09.28-21.10.16:042][  0]MapCheck: Info Map check complete: 0 Error(s), 0 Warning(s), took 52.143ms to complete.
[2017.09.28-21.10.16:042][  0]LogFileHelpers: Loading map 'Template_Default' took 1.954
[2017.09.28-21.10.17:105][  0]LogCollectionManager: Loaded 0 collections in 0.001451 seconds
[2017.09.28-21.10.17:249][  0]LogFileCache: Scanning file cache for directory 'D:/GameEngines/Udemy/Pinball/Saved/Collections/' took 0.01s
[2017.09.28-21.10.17:249][  0]LogFileCache: Scanning file cache for directory 'D:/GameEngines/Udemy/Pinball/Content/Developers/cdietsch/Collections/' took 0.01s
[2017.09.28-21.10.17:249][  0]LogFileCache: Scanning file cache for directory 'D:/GameEngines/Udemy/Pinball/Content/Collections/' took 0.01s
[2017.09.28-21.10.17:249][  0]LogCollectionManager: Rebuilt the GUID cache for 0 collections in 0.000002 seconds
[2017.09.28-21.10.17:259][  0]LogContentBrowser: Native class hierarchy populated in 0.0091 seconds. Added 2329 classes and 491 folders.
[2017.09.28-21.10.17:373][  0]LogContentBrowser: Native class hierarchy updated for 'WidgetCarousel' in 0.0007 seconds. Added 0 classes and 0 folders.
[2017.09.28-21.10.18:745][  0]LogContentBrowser: Native class hierarchy updated for 'AddContentDialog' in 0.0007 seconds. Added 0 classes and 0 folders.
[2017.09.28-21.10.18:875][  0]LogContentBrowser: Native class hierarchy updated for 'SceneOutliner' in 0.0007 seconds. Added 1 classes and 2 folders.
[2017.09.28-21.10.19:415][  0]LogCrashTracker: Crashtracker disabled due to settings.
[2017.09.28-21.10.19:494][  0]LogSlate: Took 0.011257 seconds to synchronously load lazily loaded font '../../../Engine/Content/Slate/Fonts/Roboto-Regular.ttf' (155K)
[2017.09.28-21.10.19:512][  0]LogSlate: Took 0.015603 seconds to synchronously load lazily loaded font '../../../Engine/Content/Slate/Fonts/Roboto-Bold.ttf' (160K)
[2017.09.28-21.10.19:559][  0]LogSlate: Took 0.019727 seconds to synchronously load lazily loaded font '../../../Engine/Content/Editor/Slate/Fonts/FontAwesome.ttf' (139K)
[2017.09.28-21.10.19:894][  0]LogRenderer: Reallocating scene render targets to support 816x444 NumSamples 1 (Frame:1).
[2017.09.28-21.10.20:312][  0]LogUObjectGlobals:Warning: Failed to find object 'Class None.'
[2017.09.28-21.10.20:426][  0]LogContentBrowser: Native class hierarchy updated for 'HierarchicalLODOutliner' in 0.0007 seconds. Added 1 classes and 2 folders.
[2017.09.28-21.10.20:427][  0]LogLoad: (Engine Initialization) Total time: 75.61 seconds
[2017.09.28-21.10.20:427][  0]LogLoad: (Engine Initialization) Total Blueprint compile time: 0.58 seconds
[2017.09.28-21.10.20:427][  0]LogExternalProfiler: Found external profiler: VSPerf
[2017.09.28-21.10.20:427][  0]LogExternalProfiler: Using external profiler: VSPerf
[2017.09.28-21.10.20:460][  0]LogOcInput: OculusInput pre-init called
[2017.09.28-21.10.20:460][  0]LogHMD: Starting GearVRController plugin
[2017.09.28-21.10.20:508][  0]LogContentStreaming: Texture pool size now 1000 MB
[2017.09.28-21.10.20:664][  1]LogAssetRegistry: Asset discovery search completed in 38.1438 seconds
[2017.09.28-21.10.20:666][  1]LogCollectionManager: Rebuilt the object cache for 0 collections in 0.000000 seconds (found 0 objects)
[2017.09.28-21.10.20:666][  1]LogCollectionManager: Fixed up redirectors for 0 collections in 0.000026 seconds (updated 0 objects)
[2017.09.28-21.10.21:484][ 80]LogSlate: Took 0.022794 seconds to synchronously load lazily loaded font '../../../Engine/Content/Slate/Fonts/Roboto-Light.ttf' (159K)
[2017.09.28-21.10.24:184][349]LogSlate: Took 0.000189 seconds to synchronously load lazily loaded font '../../../Engine/Content/Slate/Fonts/Roboto-Light.ttf' (159K)
[2017.09.28-21.10.25:242][349]LogContentBrowser: Native class hierarchy updated for 'BlueprintGraph' in 0.0011 seconds. Added 112 classes and 0 folders.
[2017.09.28-21.10.26:678][349]LogSlate: Took 0.016288 seconds to synchronously load lazily loaded font '../../../Engine/Content/Editor/Slate/Fonts/Roboto-BoldCondensed.ttf' (158K)
[2017.09.28-21.10.26:787][349]LogSlate: Took 0.000248 seconds to synchronously load lazily loaded font '../../../Engine/Content/Slate/Fonts/Roboto-Light.ttf' (159K)
[2017.09.28-21.10.27:490][350]LogSlate: Took 0.019564 seconds to synchronously load lazily loaded font '../../../Engine/Content/Editor/Slate/Fonts/Roboto-Italic.ttf' (157K)
[2017.09.28-21.11.52:882][898]LogRenderer: Reallocating scene render targets to support 912x684 NumSamples 1 (Frame:1).
[2017.09.28-21.11.57:958][417]Cmd: MAP LOAD FILE="../../../../../GameEngines/Udemy/Pinball/Content/PinballLevel.umap" TEMPLATE=0 SHOWPROGRESS=1 FEATURELEVEL=3
[2017.09.28-21.11.58:048][417]LogSlate:Warning: Prevented a slow task dialog from being summoned while a context menu was open
[2017.09.28-21.11.58:048][417]LightingResults: New page: Lighting Build
[2017.09.28-21.11.58:049][417]LoadErrors: New page: Loading map: PinballLevel.umap
[2017.09.28-21.11.58:132][417]MapCheck: New page: Map Check
[2017.09.28-21.11.58:132][417]LightingResults: New page: Lighting Build
[2017.09.28-21.12.00:882][417]LogAIModule: Creating AISystem for world PinballLevel
[2017.09.28-21.12.01:173][417]LogEditorServer: Finished looking for orphan Actors (0.000 secs)
[2017.09.28-21.12.01:323][417]Cmd: MAP CHECKDEP NOCLEARLOG
[2017.09.28-21.12.01:388][417]MapCheck: Info Map check complete: 0 Error(s), 0 Warning(s), took 65.097ms to complete.
[2017.09.28-21.12.01:388][417]LogFileHelpers: Loading map 'PinballLevel' took 3.644
[2017.09.28-21.12.08:452][562]LogEditorViewport: Clicking on Actor (LMB): BP_Rail_C (BP_Rail)
[2017.09.28-21.13.14:595][298]LogEditorViewport: Clicking on Actor (LMB): BP_Rail_C (BP_Rail)
[2017.09.28-21.13.24:173][196]Cmd: OBJ SAVEPACKAGE PACKAGE="/Game/PinballLevel" FILE="../../../../../GameEngines/Udemy/Pinball/Content/PinballLevel.umap" SILENT=true AUTOSAVING=false KEEPDIRTY=false
[2017.09.28-21.13.25:195][196]LogSavePackage: Save=257.78ms
[2017.09.28-21.13.25:195][196]LogSavePackage: Moving '../../../../../GameEngines/Udemy/Pinball/Saved/PinballLevel0127514F46C744CDE531F8857F6F839E.tmp' to '../../../../../GameEngines/Udemy/Pinball/Content/PinballLevel.umap'
[2017.09.28-21.13.25:218][196]LogSavePackage:Display: Finished SavePackage ../../../../../GameEngines/Udemy/Pinball/Content/PinballLevel.umap
[2017.09.28-21.13.25:307][196]LogSlate: Took 0.012325 seconds to synchronously load lazily loaded font '../../../Engine/Content/Slate/Fonts/Roboto-Regular.ttf' (155K)
[2017.09.28-21.13.25:310][196]LogFileHelpers: Saving map 'PinballLevel' took 1.278
[2017.09.28-21.15.11:267][750]LogFactory: FactoryCreateFile: StaticMesh with FbxFactory (0 0 D:\GameEngines\Udemy\PinballAssets\SM_BandExtender.FBX)
[2017.09.28-21.15.11:354][750]LogFbx: ItemName: GlobalSettings, ItemCount : 1
[2017.09.28-21.15.11:354][750]LogFbx: ItemName: AnimationStack, ItemCount : 1
[2017.09.28-21.15.11:354][750]LogFbx: ItemName: AnimationLayer, ItemCount : 1
[2017.09.28-21.15.11:354][750]LogFbx: ItemName: Model, ItemCount : 1
[2017.09.28-21.15.11:354][750]LogFbx: ItemName: Geometry, ItemCount : 1
[2017.09.28-21.15.11:354][750]LogFbx: ItemName: Material, ItemCount : 1
[2017.09.28-21.15.11:363][750]LogFbx: Loading FBX Scene from D:\GameEngines\Udemy\PinballAssets\SM_BandExtender.FBX
[2017.09.28-21.15.11:381][750]LogFbx: FBX Scene Loaded Succesfully
[2017.09.28-21.15.19:251][750]LogFbx: Loading FBX Scene from D:\GameEngines\Udemy\PinballAssets\SM_BandExtender.FBX
[2017.09.28-21.15.19:257][750]LogFbx: FBX Scene Loaded Succesfully
[2017.09.28-21.15.19:341][750]LogStaticMesh: Building static mesh SM_BandExtender...
[2017.09.28-21.15.19:409][750]LogStaticMesh: Built static mesh [0.07s] /Game/Assets/SM_BandExtender.SM_BandExtender
[2017.09.28-21.15.19:455][750]FBXImport:Warning: Warning No smoothing group information was found in this FBX scene.  Please make sure to enable the 'Export Smoothing Groups' option in the FBX Exporter plug-in before exporting the file.  Even for tools that don't support smoothing groups, the FBX Exporter will generate appropriate smoothing data at export-time so that correct vertex normals can be inferred while importing. 
[2017.09.28-21.15.19:545][750]LogFactory: FactoryCreateFile: StaticMesh with FbxFactory (0 0 D:\GameEngines\Udemy\PinballAssets\SM_PostHalf.FBX)
[2017.09.28-21.15.19:554][750]LogFbx: Loading FBX Scene from D:\GameEngines\Udemy\PinballAssets\SM_PostHalf.FBX
[2017.09.28-21.15.19:606][750]LogFbx: FBX Scene Loaded Succesfully
[2017.09.28-21.15.19:612][750]LogStaticMesh: Building static mesh SM_PostHalf...
[2017.09.28-21.15.19:620][750]LogStaticMesh: Built static mesh [0.01s] /Game/Assets/SM_PostHalf.SM_PostHalf
[2017.09.28-21.15.19:631][750]FBXImport:Warning: Warning No smoothing group information was found in this FBX scene.  Please make sure to enable the 'Export Smoothing Groups' option in the FBX Exporter plug-in before exporting the file.  Even for tools that don't support smoothing groups, the FBX Exporter will generate appropriate smoothing data at export-time so that correct vertex normals can be inferred while importing. 
[2017.09.28-21.15.30:004][350]LogRenderer: Reallocating scene render targets to support 1144x708 NumSamples 1 (Frame:1).
[2017.09.28-21.16.47:099][762]BlueprintLog: New page: Compile BP_VariableBand
[2017.09.28-21.16.48:431][826]Cmd: OBJ SAVEPACKAGE PACKAGE="/Game/Blueprints/BP_VariableBand" FILE="../../../../../GameEngines/Udemy/Pinball/Content/Blueprints/BP_VariableBand.uasset" SILENT=true
[2017.09.28-21.16.48:521][826]LogSavePackage: Save=88.29ms
[2017.09.28-21.16.48:521][826]LogSavePackage: Moving '../../../../../GameEngines/Udemy/Pinball/Saved/BP_VariableBand0A1F96C74851C2B7F274858F2DF98367.tmp' to '../../../../../GameEngines/Udemy/Pinball/Content/Blueprints/BP_VariableBand.uasset'
[2017.09.28-21.16.48:524][826]LogSavePackage:Display: Finished SavePackage ../../../../../GameEngines/Udemy/Pinball/Content/Blueprints/BP_VariableBand.uasset
[2017.09.28-21.17.25:226][251]LogSlate: Took 0.032582 seconds to synchronously load lazily loaded font '../../../Engine/Content/Editor/Slate/Fonts/Roboto-BoldCondensedItalic.ttf' (160K)
[2017.09.28-21.17.29:332][722]BlueprintLog: New page: Compile BP_VariableBand
[2017.09.28-21.17.30:310][804]Cmd: OBJ SAVEPACKAGE PACKAGE="/Game/Blueprints/BP_VariableBand" FILE="../../../../../GameEngines/Udemy/Pinball/Content/Blueprints/BP_VariableBand.uasset" SILENT=true
[2017.09.28-21.17.30:938][804]LogSavePackage: Save=46.11ms
[2017.09.28-21.17.30:938][804]LogSavePackage: Moving '../../../../../GameEngines/Udemy/Pinball/Saved/BP_VariableBand21C992414011F58B8F4C0E97ECA0BDA5.tmp' to '../../../../../GameEngines/Udemy/Pinball/Content/Blueprints/BP_VariableBand.uasset'
[2017.09.28-21.17.30:941][804]LogSavePackage:Display: Finished SavePackage ../../../../../GameEngines/Udemy/Pinball/Content/Blueprints/BP_VariableBand.uasset
[2017.09.28-21.17.50:109][154]BlueprintLog: New page: Compile BP_VariableBand
[2017.09.28-21.17.50:775][201]Cmd: OBJ SAVEPACKAGE PACKAGE="/Game/Blueprints/BP_VariableBand" FILE="../../../../../GameEngines/Udemy/Pinball/Content/Blueprints/BP_VariableBand.uasset" SILENT=true
[2017.09.28-21.17.50:802][201]LogSavePackage: Save=19.39ms
[2017.09.28-21.17.50:802][201]LogSavePackage: Moving '../../../../../GameEngines/Udemy/Pinball/Saved/BP_VariableBandAC82D83C4D6F836E65A5E780376A31C2.tmp' to '../../../../../GameEngines/Udemy/Pinball/Content/Blueprints/BP_VariableBand.uasset'
[2017.09.28-21.17.50:805][201]LogSavePackage:Display: Finished SavePackage ../../../../../GameEngines/Udemy/Pinball/Content/Blueprints/BP_VariableBand.uasset
[2017.09.28-21.18.13:587][512]Cmd: TRANSACTION UNDO
[2017.09.28-21.18.13:587][512]LogEditorTransaction: Undo Move Actors
[2017.09.28-21.18.14:921][641]Cmd: TRANSACTION UNDO
[2017.09.28-21.18.14:921][641]LogEditorTransaction: Undo Move Actors
[2017.09.28-21.18.16:119][779]Cmd: TRANSACTION UNDO
[2017.09.28-21.18.16:119][779]LogEditorTransaction: Undo Create Actors
[2017.09.28-21.19.50:153][441]BlueprintLog: New page: Compile BP_VariableBand
[2017.09.28-21.19.54:283][683]Cmd: OBJ SAVEPACKAGE PACKAGE="/Game/Blueprints/BP_VariableBand" FILE="../../../../../GameEngines/Udemy/Pinball/Content/Blueprints/BP_VariableBand.uasset" SILENT=true
[2017.09.28-21.19.54:495][683]LogSavePackage: Save=46.58ms
[2017.09.28-21.19.54:495][683]LogSavePackage: Moving '../../../../../GameEngines/Udemy/Pinball/Saved/BP_VariableBand644EB0FC4893DA958FD89B9D826E63D2.tmp' to '../../../../../GameEngines/Udemy/Pinball/Content/Blueprints/BP_VariableBand.uasset'
[2017.09.28-21.19.54:500][683]LogSavePackage:Display: Finished SavePackage ../../../../../GameEngines/Udemy/Pinball/Content/Blueprints/BP_VariableBand.uasset
[2017.09.28-21.20.57:077][765]BlueprintLog: New page: Compile BP_VariableBand
[2017.09.28-21.20.57:981][855]Cmd: OBJ SAVEPACKAGE PACKAGE="/Game/Blueprints/BP_VariableBand" FILE="../../../../../GameEngines/Udemy/Pinball/Content/Blueprints/BP_VariableBand.uasset" SILENT=true
[2017.09.28-21.20.58:083][855]LogSavePackage: Save=58.99ms
[2017.09.28-21.20.58:083][855]LogSavePackage: Moving '../../../../../GameEngines/Udemy/Pinball/Saved/BP_VariableBand14948A274AECA174F9705C844508AF2A.tmp' to '../../../../../GameEngines/Udemy/Pinball/Content/Blueprints/BP_VariableBand.uasset'
[2017.09.28-21.20.58:087][855]LogSavePackage:Display: Finished SavePackage ../../../../../GameEngines/Udemy/Pinball/Content/Blueprints/BP_VariableBand.uasset
[2017.09.28-21.22.28:401][731]BlueprintLog: New page: Compile BP_VariableBand
[2017.09.28-21.22.28:983][781]Cmd: OBJ SAVEPACKAGE PACKAGE="/Game/Blueprints/BP_VariableBand" FILE="../../../../../GameEngines/Udemy/Pinball/Content/Blueprints/BP_VariableBand.uasset" SILENT=true
[2017.09.28-21.22.29:447][781]LogSavePackage: Save=33.06ms
[2017.09.28-21.22.29:447][781]LogSavePackage: Moving '../../../../../GameEngines/Udemy/Pinball/Saved/BP_VariableBand61A1063D4FCA664DBF5EA6A7816549D7.tmp' to '../../../../../GameEngines/Udemy/Pinball/Content/Blueprints/BP_VariableBand.uasset'
[2017.09.28-21.22.29:450][781]LogSavePackage:Display: Finished SavePackage ../../../../../GameEngines/Udemy/Pinball/Content/Blueprints/BP_VariableBand.uasset
[2017.09.28-21.23.01:093][671]BlueprintLog: New page: Compile BP_VariableBand
[2017.09.28-21.23.21:779][823]BlueprintLog: New page: Compile BP_VariableBand
[2017.09.28-21.23.22:563][900]Cmd: OBJ SAVEPACKAGE PACKAGE="/Game/Blueprints/BP_VariableBand" FILE="../../../../../GameEngines/Udemy/Pinball/Content/Blueprints/BP_VariableBand.uasset" SILENT=true
[2017.09.28-21.23.22:613][900]LogSavePackage: Save=38.05ms
[2017.09.28-21.23.22:613][900]LogSavePackage: Moving '../../../../../GameEngines/Udemy/Pinball/Saved/BP_VariableBand278469C941D24429A12613924F8E84E1.tmp' to '../../../../../GameEngines/Udemy/Pinball/Content/Blueprints/BP_VariableBand.uasset'
[2017.09.28-21.23.22:616][900]LogSavePackage:Display: Finished SavePackage ../../../../../GameEngines/Udemy/Pinball/Content/Blueprints/BP_VariableBand.uasset
[2017.09.28-21.24.25:283][536]Cmd: OBJ SAVEPACKAGE PACKAGE="/Game/PinballLevel" FILE="../../../../../GameEngines/Udemy/Pinball/Saved/Autosaves/Game/PinballLevel_Auto1.umap" SILENT=true AUTOSAVING=true KEEPDIRTY=false
[2017.09.28-21.24.25:491][536]LogSavePackage: Save=111.01ms
[2017.09.28-21.24.25:491][536]LogSavePackage: Moving '../../../../../GameEngines/Udemy/Pinball/Saved/PinballLevel_Auto15CB378A843F25417F18E3384C91B5076.tmp' to '../../../../../GameEngines/Udemy/Pinball/Saved/Autosaves/Game/PinballLevel_Auto1.umap'
[2017.09.28-21.24.25:496][536]LogSavePackage:Display: Finished SavePackage ../../../../../GameEngines/Udemy/Pinball/Saved/Autosaves/Game/PinballLevel_Auto1.umap
[2017.09.28-21.24.25:500][536]LogFileHelpers: Editor autosave (incl. sublevels) for '/Game/PinballLevel' took 0.310
[2017.09.28-21.24.25:500][536]LogFileHelpers: Editor autosave (incl. sublevels) for all levels took 0.310
[2017.09.28-21.24.25:509][536]OBJ SavePackage: Generating thumbnails for [1] asset(s) in package [/Game/Assets/SM_BandExtender] ([1] browsable assets)...
[2017.09.28-21.24.25:527][536]OBJ SavePackage:     Rendered thumbnail for [StaticMesh /Game/Assets/SM_BandExtender.SM_BandExtender]
[2017.09.28-21.24.25:527][536]OBJ SavePackage: Finished generating thumbnails for package [/Game/Assets/SM_BandExtender]
[2017.09.28-21.24.25:527][536]Cmd: OBJ SAVEPACKAGE PACKAGE="/Game/Assets/SM_BandExtender" FILE="../../../../../GameEngines/Udemy/Pinball/Saved/Autosaves/Game/Assets/SM_BandExtender_Auto1.uasset" SILENT=false AUTOSAVING=true
[2017.09.28-21.24.25:589][536]LogSavePackage: Save=48.61ms
[2017.09.28-21.24.25:589][536]LogSavePackage: Moving '../../../../../GameEngines/Udemy/Pinball/Saved/SM_BandExtender_Auto12D6BBF51497C16F6A00FB4B0D6216CCD.tmp' to '../../../../../GameEngines/Udemy/Pinball/Saved/Autosaves/Game/Assets/SM_BandExtender_Auto1.uasset'
[2017.09.28-21.24.25:590][536]LogSavePackage:Display: Finished SavePackage ../../../../../GameEngines/Udemy/Pinball/Saved/Autosaves/Game/Assets/SM_BandExtender_Auto1.uasset
[2017.09.28-21.24.25:591][536]OBJ SavePackage: Generating thumbnails for [1] asset(s) in package [/Game/Assets/SM_PostHalf] ([1] browsable assets)...
[2017.09.28-21.24.25:605][536]OBJ SavePackage:     Rendered thumbnail for [StaticMesh /Game/Assets/SM_PostHalf.SM_PostHalf]
[2017.09.28-21.24.25:605][536]OBJ SavePackage: Finished generating thumbnails for package [/Game/Assets/SM_PostHalf]
[2017.09.28-21.24.25:605][536]Cmd: OBJ SAVEPACKAGE PACKAGE="/Game/Assets/SM_PostHalf" FILE="../../../../../GameEngines/Udemy/Pinball/Saved/Autosaves/Game/Assets/SM_PostHalf_Auto1.uasset" SILENT=false AUTOSAVING=true
[2017.09.28-21.24.25:621][536]LogSavePackage: Save=14.26ms
[2017.09.28-21.24.25:621][536]LogSavePackage: Moving '../../../../../GameEngines/Udemy/Pinball/Saved/SM_PostHalf_Auto12716E1AE4311C9BE99130B85ACCE1602.tmp' to '../../../../../GameEngines/Udemy/Pinball/Saved/Autosaves/Game/Assets/SM_PostHalf_Auto1.uasset'
[2017.09.28-21.24.25:622][536]LogSavePackage:Display: Finished SavePackage ../../../../../GameEngines/Udemy/Pinball/Saved/Autosaves/Game/Assets/SM_PostHalf_Auto1.uasset
[2017.09.28-21.24.25:622][536]LogFileHelpers: Auto-saving content packages took 0.121
[2017.09.28-21.28.07:418][ 23]LogEditorTransaction: Undo Add Node
[2017.09.28-21.28.38:652][725]BlueprintLog: New page: Compile BP_VariableBand
[2017.09.28-21.28.39:511][794]Cmd: OBJ SAVEPACKAGE PACKAGE="/Game/Blueprints/BP_VariableBand" FILE="../../../../../GameEngines/Udemy/Pinball/Content/Blueprints/BP_VariableBand.uasset" SILENT=true
[2017.09.28-21.28.40:278][794]LogSavePackage: Save=119.35ms
[2017.09.28-21.28.40:278][794]LogSavePackage: Moving '../../../../../GameEngines/Udemy/Pinball/Saved/BP_VariableBand933A8DCB498EF581537739A328E27961.tmp' to '../../../../../GameEngines/Udemy/Pinball/Content/Blueprints/BP_VariableBand.uasset'
[2017.09.28-21.28.40:286][794]LogSavePackage:Display: Finished SavePackage ../../../../../GameEngines/Udemy/Pinball/Content/Blueprints/BP_VariableBand.uasset
[2017.09.28-21.29.27:027][ 26]Cmd: OBJ SAVEPACKAGE PACKAGE="/Game/Assets/SM_BandExtender" FILE="../../../../../GameEngines/Udemy/Pinball/Content/Assets/SM_BandExtender.uasset" SILENT=true
[2017.09.28-21.29.27:044][ 26]LogSavePackage: Save=12.61ms
[2017.09.28-21.29.27:044][ 26]LogSavePackage: Moving '../../../../../GameEngines/Udemy/Pinball/Saved/SM_BandExtenderE76A056D487A1408FFC996B9189CCDD6.tmp' to '../../../../../GameEngines/Udemy/Pinball/Content/Assets/SM_BandExtender.uasset'
[2017.09.28-21.29.27:049][ 26]LogSavePackage:Display: Finished SavePackage ../../../../../GameEngines/Udemy/Pinball/Content/Assets/SM_BandExtender.uasset
[2017.09.28-21.30.10:750][421]Cmd: OBJ SAVEPACKAGE PACKAGE="/Game/Assets/SM_PostHalf" FILE="../../../../../GameEngines/Udemy/Pinball/Content/Assets/SM_PostHalf.uasset" SILENT=true
[2017.09.28-21.30.10:845][421]LogSavePackage: Save=93.50ms
[2017.09.28-21.30.10:845][421]LogSavePackage: Moving '../../../../../GameEngines/Udemy/Pinball/Saved/SM_PostHalfE2B99D7B4B08A5FFC1F83F94FF3D39D7.tmp' to '../../../../../GameEngines/Udemy/Pinball/Content/Assets/SM_PostHalf.uasset'
[2017.09.28-21.30.10:852][421]LogSavePackage:Display: Finished SavePackage ../../../../../GameEngines/Udemy/Pinball/Content/Assets/SM_PostHalf.uasset
[2017.09.28-21.30.19:979][204]LogMaterial: Missing cached shader map for material M_SimplePlastic, compiling. 
[2017.09.28-21.30.20:348][204]LogMaterial: Missing cached shader map for material M_SimplePlastic, compiling. 
[2017.09.28-21.30.20:363][204]LogMaterial: Missing cached shader map for material M_SimplePlastic, compiling. 
[2017.09.28-21.30.20:416][204]LogMaterial: Missing cached shader map for material FMatExpressionPreview MaterialExpressionVectorParameter_0, compiling. 
[2017.09.28-21.30.28:255][ 23]LogMaterial: Missing cached shader map for material M_SimplePlastic, compiling. 
[2017.09.28-21.30.28:270][ 23]LogMaterial: Missing cached shader map for material FMatExpressionPreview MaterialExpressionVectorParameter_0, compiling. 
[2017.09.28-21.30.29:542][169]LogMaterial: Missing cached shader map for material M_SimplePlastic, compiling. 
[2017.09.28-21.30.29:560][169]LogMaterial: Missing cached shader map for material FMatExpressionPreview MaterialExpressionVectorParameter_0, compiling. 
[2017.09.28-21.30.32:003][455]LogMaterial: Missing cached shader map for material M_SimplePlastic, compiling. 
[2017.09.28-21.30.32:015][455]LogMaterial: Missing cached shader map for material FMatExpressionPreview MaterialExpressionVectorParameter_0, compiling. 
[2017.09.28-21.30.35:268][838]LogMaterialEditor: Saving and Compiling material M_SimplePlastic
[2017.09.28-21.30.37:065][838]LogMaterial: Missing cached shader map for material M_SimplePlastic, compiling. 
[2017.09.28-21.30.37:122][838]LogMaterial: Missing cached shader map for material M_SimplePlastic, compiling. 
[2017.09.28-21.30.37:159][838]LogMaterial: Missing cached shader map for material M_SimplePlastic, compiling. 
[2017.09.28-21.30.37:215][838]LogMaterial: Missing cached shader map for material FDebugViewModeMaterialProxy M_SimplePlastic, compiling. 
[2017.09.28-21.30.37:884][838]TextureStreamingBuild:Display: Compiling optional shaders took 0.677 seconds.
[2017.09.28-21.30.39:937][838]Cmd: OBJ SAVEPACKAGE PACKAGE="/Game/Assets/M_SimplePlastic" FILE="../../../../../GameEngines/Udemy/Pinball/Content/Assets/M_SimplePlastic.uasset" SILENT=true
[2017.09.28-21.30.40:011][838]LogSavePackage: Save=15.52ms
[2017.09.28-21.30.40:011][838]LogSavePackage: Moving '../../../../../GameEngines/Udemy/Pinball/Saved/M_SimplePlastic0F6BCFD3489FBC5A3C809FBE27F037CE.tmp' to '../../../../../GameEngines/Udemy/Pinball/Content/Assets/M_SimplePlastic.uasset'
[2017.09.28-21.30.40:026][838]LogSavePackage:Display: Finished SavePackage ../../../../../GameEngines/Udemy/Pinball/Content/Assets/M_SimplePlastic.uasset
[2017.09.28-21.31.06:224][966]Cmd: OBJ SAVEPACKAGE PACKAGE="/Game/PinballLevel" FILE="../../../../../GameEngines/Udemy/Pinball/Content/PinballLevel.umap" SILENT=true AUTOSAVING=false KEEPDIRTY=false
[2017.09.28-21.31.06:365][966]LogSavePackage: Save=86.40ms
[2017.09.28-21.31.06:365][966]LogSavePackage: Moving '../../../../../GameEngines/Udemy/Pinball/Saved/PinballLevel4A84F25B464EA92E446367B695644C70.tmp' to '../../../../../GameEngines/Udemy/Pinball/Content/PinballLevel.umap'
[2017.09.28-21.31.06:388][966]LogSavePackage:Display: Finished SavePackage ../../../../../GameEngines/Udemy/Pinball/Content/PinballLevel.umap
[2017.09.28-21.31.06:438][966]LogFileHelpers: Saving map 'PinballLevel' took 0.381
