Log file open, 09/27/17 18:04:39
LogInit:Display: Running engine for game: Pinball
LogPlatformFile: Not using cached read wrapper
LogInit:Display: RandInit(-1386772064) SRandInit(-1386772064).
LogTaskGraph: Started task graph with 5 named threads and 8 total threads with 1 sets of task threads.
LogStats: Stats thread started at 0.092217
LogInit: Using libcurl 7.47.1
LogInit:  - built for x86_64-pc-win32
LogInit:  - supports SSL with OpenSSL/1.0.2g
LogInit:  - supports HTTP deflate (compression) using libz 1.2.8
LogInit:  - other features:
LogInit:      CURL_VERSION_SSL
LogInit:      CURL_VERSION_LIBZ
LogInit:      CURL_VERSION_IPV6
LogInit:      CURL_VERSION_ASYNCHDNS
LogInit:      CURL_VERSION_LARGEFILE
LogInit:      CURL_VERSION_IDN
LogInit:  CurlRequestOptions (configurable via config and command line):
LogInit:  - bVerifyPeer = false  - Libcurl will NOT verify peer certificate
LogInit:  - bUseHttpProxy = false  - Libcurl will NOT use HTTP proxy
LogInit:  - bDontReuseConnections = false  - Libcurl will reuse connections
LogInit:  - CertBundlePath = nullptr  - Libcurl will use whatever was configured at build time.
LogInit: Build: ++UE4+Release-4.16-CL-3561208
LogInit: Engine Version: 4.16.3-3561208+++UE4+Release-4.16
LogInit: Compatible Engine Version: 4.16.0-3452394+++UE4+Release-4.16
LogInit: Net CL: 3452394
LogDevObjectVersion: Number of dev versions registered: 16
LogDevObjectVersion:   Dev-Blueprints (B0D832E4-1F89-4F0D-ACCF-7EB736FD4AA2): 9
LogDevObjectVersion:   Dev-Build (E1C64328-A22C-4D53-A36C-8E866417BD8C): 0
LogDevObjectVersion:   Dev-Core (375EC13C-06E4-48FB-B500-84F0262A717E): 2
LogDevObjectVersion:   Dev-Editor (E4B068ED-F494-42E9-A231-DA0B2E46BB41): 17
LogDevObjectVersion:   Dev-Framework (CFFC743F-43B0-4480-9391-14DF171D2073): 23
LogDevObjectVersion:   Dev-Mobile (B02B49B5-BB20-44E9-A304-32B752E40360): 0
LogDevObjectVersion:   Dev-Networking (A4E4105C-59A1-49B5-A7C5-40C4547EDFEE): 0
LogDevObjectVersion:   Dev-Online (39C831C9-5AE6-47DC-9A44-9C173E1C8E7C): 0
LogDevObjectVersion:   Dev-Physics (78F01B33-EBEA-4F98-B9B4-84EACCB95AA2): 0
LogDevObjectVersion:   Dev-Platform (6631380F-2D4D-43E0-8009-CF276956A95A): 0
LogDevObjectVersion:   Dev-Rendering (12F88B9F-8875-4AFC-A67C-D90C383ABD29): 15
LogDevObjectVersion:   Dev-Sequencer (7B5AE74C-D270-4C10-A958-57980B212A5A): 4
LogDevObjectVersion:   Dev-VR (D7296918-1DD6-4BDD-9DE2-64A83CC13884): 0
LogDevObjectVersion:   Dev-LoadTimes (C2A15278-BFE7-4AFE-6C17-90FF531DF755): 1
LogDevObjectVersion:   Private-Geometry (6EACA3D4-40EC-4CC1-B786-8BED09428FC5): 1
LogDevObjectVersion:   Dev-AnimPhys (29E575DD-E0A3-4627-9D10-D276232CDCEA): 3
LogInit: Compiled (64-bit): Jul 28 2017 11:49:47
LogInit: Compiled with Visual C++: 19.00.24215.01
LogInit: Build Configuration: Development
LogInit: Branch Name: ++UE4+Release-4.16
LogInit: Command line:  
LogInit: Base directory: D:/Epic Games/UE_4.16/Engine/Binaries/Win64/
LogInit: Installed Engine Build: 1
LogInit: Presizing for max 8388607 objects, including 0 objects not considered by GC, pre-allocating 0 bytes for permanent pool.
LogInit: Object subsystem initialized
[2017.09.27-22.04.40:022][  0]LogInit: Selected Device Profile: [Windows]
[2017.09.27-22.04.40:022][  0]LogInit: Applying CVar settings loaded from the selected device profile: [Windows]
[2017.09.27-22.04.40:037][  0]LogInit: Computer: CDIETSCHDESKTOP
[2017.09.27-22.04.40:037][  0]LogInit: User: cdietsch
[2017.09.27-22.04.40:037][  0]LogInit: CPU Page size=4096, Cores=4
[2017.09.27-22.04.40:037][  0]LogInit: High frequency timer resolution =3.124093 MHz
[2017.09.27-22.04.40:037][  0]LogMemory: Memory total: Physical=7.9GB (8GB approx)
[2017.09.27-22.04.40:037][  0]LogMemory: Platform Memory Stats for Windows
[2017.09.27-22.04.40:037][  0]LogMemory: Process Physical Memory: 272.86 MB used, 272.86 MB peak
[2017.09.27-22.04.40:037][  0]LogMemory: Process Virtual Memory: 266.50 MB used, 266.50 MB peak
[2017.09.27-22.04.40:037][  0]LogMemory: Physical Memory: 5145.92 MB used,  2966.40 MB free, 8112.32 MB total
[2017.09.27-22.04.40:037][  0]LogMemory: Virtual Memory: 643.54 MB used,  2966.40 MB free, 134217728.00 MB total
[2017.09.27-22.04.40:093][  0]LogInit: Using OS detected language (en-US).
[2017.09.27-22.04.40:093][  0]LogInit: Using OS detected locale (en-US).
[2017.09.27-22.04.40:097][  0]LogTextLocalizationManager: No specific localization for 'en-US' exists, so the 'en' localization will be used.
[2017.09.27-22.04.41:086][  0]LogD3D11RHI: D3D11 adapters:
[2017.09.27-22.04.41:097][  0]LogD3D11RHI:    0. 'AMD Radeon R9 200 / HD 7900 Series' (Feature Level 11_0)
[2017.09.27-22.04.41:097][  0]LogD3D11RHI:       3053/0/4056 MB DedicatedVideo/DedicatedSystem/SharedSystem, Outputs:1, VendorId:0x1002
[2017.09.27-22.04.41:098][  0]LogD3D11RHI:    1. 'Microsoft Basic Render Driver' (Feature Level 11_0)
[2017.09.27-22.04.41:098][  0]LogD3D11RHI:       0/0/4056 MB DedicatedVideo/DedicatedSystem/SharedSystem, Outputs:0, VendorId:0x1414
[2017.09.27-22.04.41:098][  0]LogD3D11RHI: Chosen D3D11 Adapter: 0
[2017.09.27-22.04.41:103][  0]LogD3D11RHI: Creating new Direct3DDevice
[2017.09.27-22.04.41:103][  0]LogD3D11RHI:     GPU DeviceId: 0x6798 (for the marketing name, search the web for "GPU Device Id")
[2017.09.27-22.04.41:103][  0]LogWindows: EnumDisplayDevices:
[2017.09.27-22.04.41:103][  0]LogWindows:    0. 'AMD Radeon R9 200 / HD 7900 Series' (P:1 D:1)
[2017.09.27-22.04.41:104][  0]LogWindows:    1. 'AMD Radeon R9 200 / HD 7900 Series' (P:0 D:0)
[2017.09.27-22.04.41:104][  0]LogWindows:    2. 'AMD Radeon R9 200 / HD 7900 Series' (P:0 D:0)
[2017.09.27-22.04.41:104][  0]LogWindows:    3. 'AMD Radeon R9 200 / HD 7900 Series' (P:0 D:0)
[2017.09.27-22.04.41:104][  0]LogWindows:    4. 'AMD Radeon R9 200 / HD 7900 Series' (P:0 D:0)
[2017.09.27-22.04.41:104][  0]LogWindows:    5. 'AMD Radeon R9 200 / HD 7900 Series' (P:0 D:0)
[2017.09.27-22.04.41:104][  0]LogWindows: DebugString: FoundDriverCount:6 
[2017.09.27-22.04.41:104][  0]LogD3D11RHI:     Adapter Name: AMD Radeon R9 200 / HD 7900 Series
[2017.09.27-22.04.41:104][  0]LogD3D11RHI:   Driver Version: Crimson ReLive 17.4.4 (internal:22.19.162.4, unified:22.19.162.4)
[2017.09.27-22.04.41:104][  0]LogD3D11RHI:      Driver Date: 4-24-2017
[2017.09.27-22.04.41:104][  0]LogRHI: Texture pool is 1361 MB (70% of 1945 MB)
[2017.09.27-22.04.41:138][  0]LogD3D11RHI: Async texture creation enabled
[2017.09.27-22.04.41:149][  0]LogD3D11RHI: GPU Timing Frequency: 27.000000 (Debug: 2 1)
[2017.09.27-22.04.41:149][  0]LogShaderCompilers: Guid format shader working directory is 8 characters bigger than the processId version (../../../../../GameEngines/Udemy/Pinball/Intermediate/Shaders/WorkingDirectory/16052/).
[2017.09.27-22.04.41:149][  0]LogShaderCompilers: Cleaned the shader compiler working directory 'C:/Users/cdietsch/AppData/Local/Temp/UnrealShaderWorkingDir/1BD337BB4EBA64EC879E5E9FECB7DDEE/'.
[2017.09.27-22.04.41:149][  0]LogShaderCompilers:Display: Using Local Shader Compiler.
[2017.09.27-22.04.42:219][  0]LogTemp:Display: Loaded TP AllDesktopTargetPlatform
[2017.09.27-22.04.42:260][  0]LogTemp:Display: Loaded TP MacClientTargetPlatform
[2017.09.27-22.04.42:303][  0]LogTemp:Display: Loaded TP MacNoEditorTargetPlatform
[2017.09.27-22.04.42:345][  0]LogTemp:Display: Loaded TP MacServerTargetPlatform
[2017.09.27-22.04.42:387][  0]LogTemp:Display: Loaded TP MacTargetPlatform
[2017.09.27-22.04.42:429][  0]LogTemp:Display: Loaded TP WindowsClientTargetPlatform
[2017.09.27-22.04.42:471][  0]LogTemp:Display: Loaded TP WindowsNoEditorTargetPlatform
[2017.09.27-22.04.42:512][  0]LogTemp:Display: Loaded TP WindowsServerTargetPlatform
[2017.09.27-22.04.42:548][  0]LogTemp:Display: Loaded TP WindowsTargetPlatform
[2017.09.27-22.04.42:590][  0]LogTemp:Display: Loaded TP AndroidTargetPlatform
[2017.09.27-22.04.42:631][  0]LogTemp:Display: Loaded TP Android_ASTCTargetPlatform
[2017.09.27-22.04.42:672][  0]LogTemp:Display: Loaded TP Android_ATCTargetPlatform
[2017.09.27-22.04.42:712][  0]LogTemp:Display: Loaded TP Android_DXTTargetPlatform
[2017.09.27-22.04.42:752][  0]LogTemp:Display: Loaded TP Android_ETC1TargetPlatform
[2017.09.27-22.04.42:795][  0]LogTemp:Display: Loaded TP Android_ETC2TargetPlatform
[2017.09.27-22.04.42:877][  0]LogTemp:Display: Loaded TP Android_MultiTargetPlatform
[2017.09.27-22.04.42:877][  0]LogTemp:Display: Loaded TP Android_PVRTCTargetPlatform
[2017.09.27-22.04.42:909][  0]LogTemp:Display: Loaded TP HTML5TargetPlatform
[2017.09.27-22.04.42:988][  0]LogTemp:Display: Loaded TP IOSTargetPlatform
[2017.09.27-22.04.43:012][  0]LogTemp:Display: Loaded TP TVOSTargetPlatform
[2017.09.27-22.04.43:055][  0]LogTemp:Display: Loaded TP LinuxClientTargetPlatform
[2017.09.27-22.04.43:098][  0]LogTemp:Display: Loaded TP LinuxNoEditorTargetPlatform
[2017.09.27-22.04.43:140][  0]LogTemp:Display: Loaded TP LinuxServerTargetPlatform
[2017.09.27-22.04.43:185][  0]LogTemp:Display: Loaded TP LinuxTargetPlatform
[2017.09.27-22.04.43:186][  0]LogTargetPlatformManager:Display: Building Assets For Windows
[2017.09.27-22.04.43:568][  0]LogDerivedDataCache:Display: Max Cache Size: 512 MB
[2017.09.27-22.04.43:674][  0]LogDerivedDataCache: Loaded boot cache 0.11s 90MB C:/Users/cdietsch/AppData/Local/UnrealEngine/4.16/DerivedDataCache/Boot.ddc.
[2017.09.27-22.04.43:674][  0]LogDerivedDataCache:Display: Loaded Boot cache: C:/Users/cdietsch/AppData/Local/UnrealEngine/4.16/DerivedDataCache/Boot.ddc
[2017.09.27-22.04.43:674][  0]LogDerivedDataCache: FDerivedDataBackendGraph:  Pak pak cache file ../../../../../GameEngines/Udemy/Pinball/DerivedDataCache/DDC.ddp not found, will not use a pak cache.
[2017.09.27-22.04.43:674][  0]LogDerivedDataCache: Unable to find inner node Pak for hierarchical cache Hierarchy.
[2017.09.27-22.04.43:674][  0]LogDerivedDataCache: FDerivedDataBackendGraph:  CompressedPak pak cache file ../../../../../GameEngines/Udemy/Pinball/DerivedDataCache/Compressed.ddp not found, will not use a pak cache.
[2017.09.27-22.04.43:674][  0]LogDerivedDataCache: Unable to find inner node CompressedPak for hierarchical cache Hierarchy.
[2017.09.27-22.04.43:691][  0]LogDerivedDataCache:Display: Pak cache opened for reading ../../../Engine/DerivedDataCache/Compressed.ddp.
[2017.09.27-22.04.43:703][  0]LogDerivedDataCache: Using Local data cache path C:/Users/cdietsch/AppData/Local/UnrealEngine/Common/DerivedDataCache: Writable
[2017.09.27-22.04.43:713][  0]LogMaterial: Verifying Global Shaders for PCD3D_SM5
[2017.09.27-22.04.43:713][  0]LogSlate: Using Freetype 2.6.0
[2017.09.27-22.04.43:714][  0]LogSlate: SlateFontCache - WITH_FREETYPE: 1, WITH_HARFBUZZ: 1
[2017.09.27-22.04.43:714][  0]LogSlate: SlateFontCache - WITH_FREETYPE: 1, WITH_HARFBUZZ: 1
[2017.09.27-22.04.44:047][  0]LogInit: Selected Device Profile: [Windows]
[2017.09.27-22.04.44:148][  0]LogContentStreaming: Texture pool size is 0.00 MB
[2017.09.27-22.04.44:316][  0]LogMeshUtilities: Using QuadricMeshReduction for automatic static mesh reduction
[2017.09.27-22.04.44:356][  0]LogSimplygon: Simplygon DLL not present - disabling.
[2017.09.27-22.04.44:464][  0]LogMeshUtilities: Using SimplygonSwarm for distributed automatic mesh merging
[2017.09.27-22.04.44:464][  0]LogMeshUtilities: No automatic skeletal mesh reduction module available
[2017.09.27-22.04.44:464][  0]LogMeshUtilities: No automatic mesh merging module available
[2017.09.27-22.04.45:058][  0]LogNetVersion: Pinball , NetCL: 3452394, EngineNetVer: 2, GameNetVer: 0 (Checksum: 512650681)
[2017.09.27-22.04.45:174][  0]LogAssetRegistry: FAssetRegistry took 0.0548 seconds to start up
[2017.09.27-22.04.45:249][  0]LogPackageLocalizationCache: Processed 4 localized package path(s) for 2 prioritized culture(s) in 0.059332 seconds
[2017.09.27-22.04.45:271][  0]LogUObjectArray: 34194 objects as part of root set at end of initial load.
[2017.09.27-22.04.45:271][  0]LogUObjectAllocator: 7260424 out of 0 bytes used by permanent object pool.
[2017.09.27-22.04.45:271][  0]LogUObjectArray: CloseDisregardForGC: 0/0 objects in disregard for GC pool
[2017.09.27-22.04.45:355][  0]LogInit: WinSock: version 1.1 (2.2), MaxSocks=32767, MaxUdp=65467
[2017.09.27-22.04.48:450][  0]LogTcpMessaging: Initializing TcpMessaging bridge
[2017.09.27-22.04.48:508][  0]LogUdpMessaging: Initializing bridge on interface 0.0.0.0:0 to multicast group 230.0.0.1:6666.
[2017.09.27-22.04.49:133][  0]LogMaterial: Uniform references updated for custom material expression Custom.
[2017.09.27-22.04.49:599][  0]SourceControl: Info Source control is disabled
[2017.09.27-22.04.49:653][  0]SourceControl: Info Source control is disabled
[2017.09.27-22.04.49:718][  0]SourceControl: Info Source control is disabled
[2017.09.27-22.04.49:770][  0]SourceControl: Info Source control is disabled
[2017.09.27-22.04.50:581][  0]LogAndroidPermission: UAndroidPermissionCallbackProxy::GetInstance
[2017.09.27-22.04.51:132][  0]LogEngine: Initializing Engine...
[2017.09.27-22.04.51:133][  0]LogHMD: Failed to initialize OpenVR with code 100
[2017.09.27-22.04.51:415][  0]LogStats: UGameplayTagsManager::ConstructGameplayTagTree: Construct from data asset -  0.000 s
[2017.09.27-22.04.51:415][  0]LogStats: UGameplayTagsManager::ConstructGameplayTagTree: GameplayTagTreeChangedEvent.Broadcast -  0.000 s
[2017.09.27-22.04.51:526][  0]LogAIModule: Creating AISystem for world Untitled
[2017.09.27-22.04.51:539][  0]LogInit: XAudio2 using '1 - SAMSUNG (AMD High Definition Audio Device)' : 2 channels at 48 kHz using 16 bits per sample (channel mask 0x3)
[2017.09.27-22.04.51:550][  0]LogInit: FAudioDevice initialized.
[2017.09.27-22.04.52:228][  0]LogDerivedDataCache: Saved boot cache 0.68s 90MB C:/Users/cdietsch/AppData/Local/UnrealEngine/4.16/DerivedDataCache/Boot.ddc.
[2017.09.27-22.04.52:245][  0]LogInit: Texture streaming: Enabled
[2017.09.27-22.04.52:327][  0]LogEngineSessionManager: EngineSessionManager initialized
[2017.09.27-22.04.52:327][  0]LogEngineSessionManager: EngineSessionManager sent abnormal shutdown report. Type=Crashed, SessionId={DB6058AB-4F4E-DF52-5894-3DBF350CC530}
[2017.09.27-22.04.52:516][  0]LogInit: Transaction tracking system initialized
[2017.09.27-22.04.52:784][  0]BlueprintLog: New page: Editor Load
[2017.09.27-22.04.53:572][  0]LocalizationService: Info Localization service is disabled
[2017.09.27-22.04.54:179][  0]LogConsoleResponse:Display: 
[2017.09.27-22.04.54:318][  0]LogCook:Display: Max memory allowance for cook 16384mb min free memory 0mb
[2017.09.27-22.04.54:318][  0]LogCook:Display: Mobile HDR setting 1
[2017.09.27-22.04.54:681][  0]LogFileCache: Scanning file cache for directory 'D:/GameEngines/Udemy/Pinball/Content/' took 0.01s
[2017.09.27-22.04.55:210][  0]SourceControl: Info Source control is disabled
[2017.09.27-22.04.55:210][  0]Cmd: MAP LOAD FILE="../../../Engine/Content/Maps/Templates/Template_Default.umap" TEMPLATE=1 SHOWPROGRESS=1 FEATURELEVEL=3
[2017.09.27-22.04.55:211][  0]LightingResults: New page: Lighting Build
[2017.09.27-22.04.55:243][  0]MapCheck: New page: Map Check
[2017.09.27-22.04.55:243][  0]LightingResults: New page: Lighting Build
[2017.09.27-22.04.55:434][  0]LogAIModule: Creating AISystem for world Untitled_1
[2017.09.27-22.04.55:435][  0]LogActorComponent: RegisterComponentWithWorld: (/Temp/Untitled_1.Untitled_1:PersistentLevel.WorldSettings_1.StaticMeshComponent0) Trying to register component with IsPendingKill() == true. Aborting.
[2017.09.27-22.04.55:439][  0]LogEditorServer: Finished looking for orphan Actors (0.000 secs)
[2017.09.27-22.04.55:453][  0]Cmd: MAP CHECKDEP NOCLEARLOG
[2017.09.27-22.04.55:505][  0]MapCheck: Info Map check complete: 0 Error(s), 0 Warning(s), took 51.818ms to complete.
[2017.09.27-22.04.55:505][  0]LogFileHelpers: Loading map 'Template_Default' took 0.294
[2017.09.27-22.04.55:646][  0]LogCollectionManager: Loaded 0 collections in 0.001529 seconds
[2017.09.27-22.04.55:716][  0]LogFileCache: Scanning file cache for directory 'D:/GameEngines/Udemy/Pinball/Saved/Collections/' took 0.01s
[2017.09.27-22.04.55:716][  0]LogFileCache: Scanning file cache for directory 'D:/GameEngines/Udemy/Pinball/Content/Developers/cdietsch/Collections/' took 0.01s
[2017.09.27-22.04.55:716][  0]LogFileCache: Scanning file cache for directory 'D:/GameEngines/Udemy/Pinball/Content/Collections/' took 0.01s
[2017.09.27-22.04.55:716][  0]LogCollectionManager: Rebuilt the GUID cache for 0 collections in 0.000002 seconds
[2017.09.27-22.04.55:726][  0]LogContentBrowser: Native class hierarchy populated in 0.0099 seconds. Added 2329 classes and 491 folders.
[2017.09.27-22.04.55:776][  0]LogContentBrowser: Native class hierarchy updated for 'WidgetCarousel' in 0.0007 seconds. Added 0 classes and 0 folders.
[2017.09.27-22.04.55:832][  0]LogContentBrowser: Native class hierarchy updated for 'AddContentDialog' in 0.0007 seconds. Added 0 classes and 0 folders.
[2017.09.27-22.04.55:868][  0]LogContentBrowser: Native class hierarchy updated for 'SceneOutliner' in 0.0007 seconds. Added 1 classes and 2 folders.
[2017.09.27-22.04.55:943][  0]LogCrashTracker: Crashtracker disabled due to settings.
[2017.09.27-22.04.55:947][  0]LogSlate: Took 0.000273 seconds to synchronously load lazily loaded font '../../../Engine/Content/Slate/Fonts/Roboto-Regular.ttf' (155K)
[2017.09.27-22.04.55:949][  0]LogSlate: Took 0.000292 seconds to synchronously load lazily loaded font '../../../Engine/Content/Slate/Fonts/Roboto-Bold.ttf' (160K)
[2017.09.27-22.04.55:955][  0]LogSlate: Took 0.000297 seconds to synchronously load lazily loaded font '../../../Engine/Content/Editor/Slate/Fonts/FontAwesome.ttf' (139K)
[2017.09.27-22.04.56:044][  0]LogRenderer: Reallocating scene render targets to support 816x444 NumSamples 1 (Frame:1).
[2017.09.27-22.04.56:158][  0]LogUObjectGlobals:Warning: Failed to find object 'Class None.'
[2017.09.27-22.04.56:217][  0]LogContentBrowser: Native class hierarchy updated for 'HierarchicalLODOutliner' in 0.0013 seconds. Added 1 classes and 2 folders.
[2017.09.27-22.04.56:217][  0]LogLoad: (Engine Initialization) Total time: 17.79 seconds
[2017.09.27-22.04.56:217][  0]LogLoad: (Engine Initialization) Total Blueprint compile time: 0.09 seconds
[2017.09.27-22.04.56:217][  0]LogExternalProfiler: Found external profiler: VSPerf
[2017.09.27-22.04.56:217][  0]LogExternalProfiler: Using external profiler: VSPerf
[2017.09.27-22.04.56:228][  0]LogWindowsTextInputMethodSystem:Display: IME system now deactivated.
[2017.09.27-22.04.56:229][  0]LogOcInput: OculusInput pre-init called
[2017.09.27-22.04.56:229][  0]LogHMD: Starting GearVRController plugin
[2017.09.27-22.04.56:245][  0]LogAssetRegistry: Asset discovery search completed in 11.1222 seconds
[2017.09.27-22.04.56:247][  0]LogCollectionManager: Rebuilt the object cache for 0 collections in 0.000001 seconds (found 0 objects)
[2017.09.27-22.04.56:247][  0]LogCollectionManager: Fixed up redirectors for 0 collections in 0.000028 seconds (updated 0 objects)
[2017.09.27-22.04.56:249][  0]LogContentStreaming: Texture pool size now 1000 MB
[2017.09.27-22.04.56:294][  0]LogSlate: Took 0.000193 seconds to synchronously load lazily loaded font '../../../Engine/Content/Slate/Fonts/Roboto-Light.ttf' (159K)
[2017.09.27-22.05.01:534][610]Cmd: MAP LOAD FILE="../../../../../GameEngines/Udemy/Pinball/Content/PinballLevel.umap" TEMPLATE=0 SHOWPROGRESS=1 FEATURELEVEL=3
[2017.09.27-22.05.01:534][610]LogSlate:Warning: Prevented a slow task dialog from being summoned while a context menu was open
[2017.09.27-22.05.01:534][610]LightingResults: New page: Lighting Build
[2017.09.27-22.05.01:535][610]LoadErrors: New page: Loading map: PinballLevel.umap
[2017.09.27-22.05.01:547][610]MapCheck: New page: Map Check
[2017.09.27-22.05.01:547][610]LightingResults: New page: Lighting Build
[2017.09.27-22.05.02:047][610]LogAIModule: Creating AISystem for world PinballLevel
[2017.09.27-22.05.02:116][610]LogEditorServer: Finished looking for orphan Actors (0.000 secs)
[2017.09.27-22.05.02:493][610]Cmd: MAP CHECKDEP NOCLEARLOG
[2017.09.27-22.05.02:551][610]MapCheck: Info Map check complete: 0 Error(s), 0 Warning(s), took 58.243ms to complete.
[2017.09.27-22.05.02:551][610]LogFileHelpers: Loading map 'PinballLevel' took 1.018
[2017.09.27-22.05.19:033][948]LogSlate: Took 0.000218 seconds to synchronously load lazily loaded font '../../../Engine/Content/Slate/Fonts/Roboto-Light.ttf' (159K)
[2017.09.27-22.05.19:735][948]LogMetaData: Removing '/Game/Blueprints/BP_Rail.BP_Rail:UserConstructionScript.K2Node_FunctionEntry_0' ref from Metadata '/Game/Assets/BP_Rail.PackageMetaData'
[2017.09.27-22.05.19:735][948]LogMetaData: Removing '/Game/Blueprints/BP_Rail.BP_Rail_C:UserConstructionScript' ref from Metadata '/Game/Assets/BP_Rail.PackageMetaData'
[2017.09.27-22.05.19:735][948]LogMetaData: Removing '/Game/Blueprints/BP_Rail.BP_Rail_C:MySpline' ref from Metadata '/Game/Assets/BP_Rail.PackageMetaData'
[2017.09.27-22.05.19:735][948]LogMetaData: Removing '/Game/Blueprints/BP_Rail.BP_Rail_C' ref from Metadata '/Game/Assets/BP_Rail.PackageMetaData'
[2017.09.27-22.05.19:735][948]LogMetaData: Removing '/Game/Blueprints/BP_Rail.BP_Rail:EventGraph.K2Node_Event_0' ref from Metadata '/Game/Assets/BP_Rail.PackageMetaData'
[2017.09.27-22.05.19:735][948]LogMetaData: Removing '/Game/Blueprints/BP_Rail.BP_Rail:EventGraph.K2Node_Event_1' ref from Metadata '/Game/Assets/BP_Rail.PackageMetaData'
[2017.09.27-22.05.19:735][948]LogMetaData: Removing '/Game/Blueprints/BP_Rail.BP_Rail:EventGraph.K2Node_Event_2' ref from Metadata '/Game/Assets/BP_Rail.PackageMetaData'
[2017.09.27-22.05.19:735][948]LogMetaData: Removing '/Game/Blueprints/BP_Rail.SKEL_BP_Rail_C:MySpline' ref from Metadata '/Game/Assets/BP_Rail.PackageMetaData'
[2017.09.27-22.05.19:735][948]LogMetaData: Removing '/Game/Blueprints/BP_Rail.SKEL_BP_Rail_C:UserConstructionScript' ref from Metadata '/Game/Assets/BP_Rail.PackageMetaData'
[2017.09.27-22.05.19:735][948]LogMetaData: Removing '/Game/Blueprints/BP_Rail.SKEL_BP_Rail_C' ref from Metadata '/Game/Assets/BP_Rail.PackageMetaData'
[2017.09.27-22.05.19:926][948]Cmd: OBJ SAVEPACKAGE PACKAGE="/Game/Blueprints/BP_Rail" FILE="../../../../../GameEngines/Udemy/Pinball/Content/Blueprints/BP_Rail.uasset" SILENT=true
[2017.09.27-22.05.20:067][948]LogSavePackage: Save=120.29ms
[2017.09.27-22.05.20:067][948]LogSavePackage: Moving '../../../../../GameEngines/Udemy/Pinball/Saved/BP_Rail4217A8344ED1941D6D626C9A45E1D43D.tmp' to '../../../../../GameEngines/Udemy/Pinball/Content/Blueprints/BP_Rail.uasset'
[2017.09.27-22.05.20:081][948]LogSavePackage:Display: Finished SavePackage ../../../../../GameEngines/Udemy/Pinball/Content/Blueprints/BP_Rail.uasset
[2017.09.27-22.05.29:713][691]LogSlate: Took 0.000213 seconds to synchronously load lazily loaded font '../../../Engine/Content/Slate/Fonts/Roboto-Regular.ttf' (155K)
[2017.09.27-22.05.34:637][691]LogContentBrowser: Native class hierarchy updated for 'BlueprintGraph' in 0.0011 seconds. Added 112 classes and 0 folders.
[2017.09.27-22.05.36:928][691]LogSlate: Took 0.016140 seconds to synchronously load lazily loaded font '../../../Engine/Content/Editor/Slate/Fonts/Roboto-BoldCondensed.ttf' (158K)
[2017.09.27-22.05.38:082][692]LogSlate: Took 0.021741 seconds to synchronously load lazily loaded font '../../../Engine/Content/Editor/Slate/Fonts/Roboto-Italic.ttf' (157K)
[2017.09.27-22.08.44:553][277]BlueprintLog: New page: Compile BP_Rail
[2017.09.27-22.08.53:989][288]LogSlate: Took 0.015477 seconds to synchronously load lazily loaded font '../../../Engine/Content/Slate/Fonts/Roboto-Light.ttf' (159K)
[2017.09.27-22.09.08:688][981]BlueprintLog: New page: Compile BP_Rail
[2017.09.27-22.09.09:572][ 70]Cmd: OBJ SAVEPACKAGE PACKAGE="/Game/Blueprints/BP_Rail" FILE="../../../../../GameEngines/Udemy/Pinball/Content/Blueprints/BP_Rail.uasset" SILENT=true
[2017.09.27-22.09.10:339][ 70]LogSavePackage: Save=54.55ms
[2017.09.27-22.09.10:339][ 70]LogSavePackage: Moving '../../../../../GameEngines/Udemy/Pinball/Saved/BP_Rail465AC14D44BFA2F758576B8EC5B38870.tmp' to '../../../../../GameEngines/Udemy/Pinball/Content/Blueprints/BP_Rail.uasset'
[2017.09.27-22.09.10:416][ 70]LogSavePackage:Display: Finished SavePackage ../../../../../GameEngines/Udemy/Pinball/Content/Blueprints/BP_Rail.uasset
[2017.09.27-22.10.12:447][430]BlueprintLog: New page: Compile BP_Rail
[2017.09.27-22.10.16:910][937]BlueprintLog: New page: Compile BP_Rail
[2017.09.27-22.10.35:727][161]Cmd: OBJ SAVEPACKAGE PACKAGE="/Game/Blueprints/BP_Rail" FILE="../../../../../GameEngines/Udemy/Pinball/Content/Blueprints/BP_Rail.uasset" SILENT=true
[2017.09.27-22.10.36:139][161]LogSavePackage: Save=42.66ms
[2017.09.27-22.10.36:139][161]LogSavePackage: Moving '../../../../../GameEngines/Udemy/Pinball/Saved/BP_Rail0B5415A64ED8DC92F2B57CB57D4A503E.tmp' to '../../../../../GameEngines/Udemy/Pinball/Content/Blueprints/BP_Rail.uasset'
[2017.09.27-22.10.36:144][161]LogSavePackage:Display: Finished SavePackage ../../../../../GameEngines/Udemy/Pinball/Content/Blueprints/BP_Rail.uasset
[2017.09.27-22.10.53:001][601]LogRenderer: Reallocating scene render targets to support 912x684 NumSamples 1 (Frame:1).
[2017.09.27-22.11.01:185][570]BlueprintLog: New page: Compile BP_Rail
[2017.09.27-22.11.05:264][ 40]BlueprintLog: New page: Compile BP_Rail
[2017.09.27-22.11.09:169][456]BlueprintLog: New page: Compile BP_Rail
[2017.09.27-22.11.44:114][550]Cmd: OBJ SAVEPACKAGE PACKAGE="/Game/Blueprints/BP_Rail" FILE="../../../../../GameEngines/Udemy/Pinball/Content/Blueprints/BP_Rail.uasset" SILENT=true
[2017.09.27-22.11.44:461][550]LogSavePackage: Save=43.60ms
[2017.09.27-22.11.44:461][550]LogSavePackage: Moving '../../../../../GameEngines/Udemy/Pinball/Saved/BP_Rail08DFA00641D5C8A2DD875A9A6A9E6689.tmp' to '../../../../../GameEngines/Udemy/Pinball/Content/Blueprints/BP_Rail.uasset'
[2017.09.27-22.11.44:466][550]LogSavePackage:Display: Finished SavePackage ../../../../../GameEngines/Udemy/Pinball/Content/Blueprints/BP_Rail.uasset
[2017.09.27-22.14.34:047][340]LogRenderer: Reallocating scene render targets to support 1144x708 NumSamples 1 (Frame:1).
[2017.09.27-22.14.37:405][686]LogMaterial:Warning: Material /Game/Assets/M_Bumper.M_Bumper needed to have new flag set bUsedWithSplineMeshes !
[2017.09.27-22.14.37:420][686]LogMaterial: Missing cached shader map for material M_Bumper, compiling. 
[2017.09.27-22.14.39:686][874]Cmd: OBJ SAVEPACKAGE PACKAGE="/Game/Assets/SM_RailMouth" FILE="../../../../../GameEngines/Udemy/Pinball/Content/Assets/SM_RailMouth.uasset" SILENT=true
[2017.09.27-22.14.40:031][874]LogSavePackage: Save=333.83ms
[2017.09.27-22.14.40:031][874]LogSavePackage: Moving '../../../../../GameEngines/Udemy/Pinball/Saved/SM_RailMouth24D604A14741AF38B720598E765A4E3F.tmp' to '../../../../../GameEngines/Udemy/Pinball/Content/Assets/SM_RailMouth.uasset'
[2017.09.27-22.14.40:056][874]LogSavePackage:Display: Finished SavePackage ../../../../../GameEngines/Udemy/Pinball/Content/Assets/SM_RailMouth.uasset
[2017.09.27-22.14.50:188][978]Cmd: OBJ SAVEPACKAGE PACKAGE="/Game/Assets/SM_RailMouth" FILE="../../../../../GameEngines/Udemy/Pinball/Content/Assets/SM_RailMouth.uasset" SILENT=true
[2017.09.27-22.14.50:211][978]LogSavePackage: Save=13.45ms
[2017.09.27-22.14.50:211][978]LogSavePackage: Moving '../../../../../GameEngines/Udemy/Pinball/Saved/SM_RailMouthFFA24C78441EF04A6AAAD38A0B56F16E.tmp' to '../../../../../GameEngines/Udemy/Pinball/Content/Assets/SM_RailMouth.uasset'
[2017.09.27-22.14.50:216][978]LogSavePackage:Display: Finished SavePackage ../../../../../GameEngines/Udemy/Pinball/Content/Assets/SM_RailMouth.uasset
[2017.09.27-22.15.46:659][554]Cmd: OBJ SAVEPACKAGE PACKAGE="/Game/PinballLevel" FILE="../../../../../GameEngines/Udemy/Pinball/Content/PinballLevel.umap" SILENT=true AUTOSAVING=false KEEPDIRTY=false
[2017.09.27-22.15.46:800][554]LogSavePackage: Save=104.55ms
[2017.09.27-22.15.46:800][554]LogSavePackage: Moving '../../../../../GameEngines/Udemy/Pinball/Saved/PinballLevelEC97DE504A639AE5CDEFD3AA63A4BA49.tmp' to '../../../../../GameEngines/Udemy/Pinball/Content/PinballLevel.umap'
[2017.09.27-22.15.46:805][554]LogSavePackage:Display: Finished SavePackage ../../../../../GameEngines/Udemy/Pinball/Content/PinballLevel.umap
[2017.09.27-22.15.46:876][554]LogFileHelpers: Saving map 'PinballLevel' took 0.404
[2017.09.27-22.15.46:900][554]Cmd: OBJ SAVEPACKAGE PACKAGE="/Game/Assets/M_Bumper" FILE="../../../../../GameEngines/Udemy/Pinball/Content/Assets/M_Bumper.uasset" SILENT=true
[2017.09.27-22.15.46:952][554]LogSavePackage: Save=42.46ms
[2017.09.27-22.15.46:952][554]LogSavePackage: Moving '../../../../../GameEngines/Udemy/Pinball/Saved/M_Bumper28EEEF154919BB98A9FD8699871D2AFB.tmp' to '../../../../../GameEngines/Udemy/Pinball/Content/Assets/M_Bumper.uasset'
[2017.09.27-22.15.46:954][554]LogSavePackage:Display: Finished SavePackage ../../../../../GameEngines/Udemy/Pinball/Content/Assets/M_Bumper.uasset
[2017.09.27-22.18.02:304][318]BlueprintLog: New page: Compile BP_Rail
[2017.09.27-22.18.38:563][558]BlueprintLog: New page: Compile BP_Rail
[2017.09.27-22.18.39:280][624]Cmd: OBJ SAVEPACKAGE PACKAGE="/Game/Blueprints/BP_Rail" FILE="../../../../../GameEngines/Udemy/Pinball/Content/Blueprints/BP_Rail.uasset" SILENT=true
[2017.09.27-22.18.39:897][624]LogSavePackage: Save=48.12ms
[2017.09.27-22.18.39:897][624]LogSavePackage: Moving '../../../../../GameEngines/Udemy/Pinball/Saved/BP_RailDABCBA444ABEBAA663FF449A90C0A1D9.tmp' to '../../../../../GameEngines/Udemy/Pinball/Content/Blueprints/BP_Rail.uasset'
[2017.09.27-22.18.39:902][624]LogSavePackage:Display: Finished SavePackage ../../../../../GameEngines/Udemy/Pinball/Content/Blueprints/BP_Rail.uasset
[2017.09.27-22.19.31:470][ 28]LogFactory: FactoryCreateFile: StaticMesh with FbxFactory (0 0 D:\GameEngines\Udemy\PinballAssets\SM_PlasticRamp_End.FBX)
[2017.09.27-22.19.31:574][ 28]LogFbx: ItemName: GlobalSettings, ItemCount : 1
[2017.09.27-22.19.31:574][ 28]LogFbx: ItemName: AnimationStack, ItemCount : 1
[2017.09.27-22.19.31:574][ 28]LogFbx: ItemName: AnimationLayer, ItemCount : 1
[2017.09.27-22.19.31:574][ 28]LogFbx: ItemName: Model, ItemCount : 1
[2017.09.27-22.19.31:574][ 28]LogFbx: ItemName: Geometry, ItemCount : 1
[2017.09.27-22.19.31:574][ 28]LogFbx: ItemName: Material, ItemCount : 2
[2017.09.27-22.19.31:583][ 28]LogFbx: Loading FBX Scene from D:\GameEngines\Udemy\PinballAssets\SM_PlasticRamp_End.FBX
[2017.09.27-22.19.31:602][ 28]LogFbx: FBX Scene Loaded Succesfully
[2017.09.27-22.19.35:432][ 28]LogFbx: Loading FBX Scene from D:\GameEngines\Udemy\PinballAssets\SM_PlasticRamp_End.FBX
[2017.09.27-22.19.35:439][ 28]LogFbx: FBX Scene Loaded Succesfully
[2017.09.27-22.19.35:509][ 28]LogStaticMesh: Building static mesh SM_PlasticRamp_End...
[2017.09.27-22.19.35:554][ 28]LogStaticMesh: Built static mesh [0.05s] /Game/Assets/SM_PlasticRamp_End.SM_PlasticRamp_End
[2017.09.27-22.19.35:728][ 28]FBXImport:Warning: Warning No smoothing group information was found in this FBX scene.  Please make sure to enable the 'Export Smoothing Groups' option in the FBX Exporter plug-in before exporting the file.  Even for tools that don't support smoothing groups, the FBX Exporter will generate appropriate smoothing data at export-time so that correct vertex normals can be inferred while importing. 
[2017.09.27-22.19.36:125][ 28]LogFactory: FactoryCreateFile: StaticMesh with FbxFactory (0 0 D:\GameEngines\Udemy\PinballAssets\SM_PlasticRamp.FBX)
[2017.09.27-22.19.36:135][ 28]LogFbx: Loading FBX Scene from D:\GameEngines\Udemy\PinballAssets\SM_PlasticRamp.FBX
[2017.09.27-22.19.36:141][ 28]LogFbx: FBX Scene Loaded Succesfully
[2017.09.27-22.19.36:148][ 28]LogStaticMesh: Building static mesh SM_PlasticRamp...
[2017.09.27-22.19.36:169][ 28]LogStaticMesh: Built static mesh [0.02s] /Game/Assets/SM_PlasticRamp.SM_PlasticRamp
[2017.09.27-22.19.36:183][ 28]FBXImport:Warning: Warning No smoothing group information was found in this FBX scene.  Please make sure to enable the 'Export Smoothing Groups' option in the FBX Exporter plug-in before exporting the file.  Even for tools that don't support smoothing groups, the FBX Exporter will generate appropriate smoothing data at export-time so that correct vertex normals can be inferred while importing. 
[2017.09.27-22.20.34:396][897]LogFactory: FactoryCreateFile: StaticMesh with FbxFactory (0 0 D:\GameEngines\Udemy\PinballAssets\SM_RampNoTop.FBX)
[2017.09.27-22.20.34:403][897]LogFbx: ItemName: GlobalSettings, ItemCount : 1
[2017.09.27-22.20.34:403][897]LogFbx: ItemName: AnimationStack, ItemCount : 1
[2017.09.27-22.20.34:403][897]LogFbx: ItemName: AnimationLayer, ItemCount : 1
[2017.09.27-22.20.34:403][897]LogFbx: ItemName: Model, ItemCount : 1
[2017.09.27-22.20.34:403][897]LogFbx: ItemName: Geometry, ItemCount : 1
[2017.09.27-22.20.34:403][897]LogFbx: ItemName: Material, ItemCount : 1
[2017.09.27-22.20.34:408][897]LogFbx: Loading FBX Scene from D:\GameEngines\Udemy\PinballAssets\SM_RampNoTop.FBX
[2017.09.27-22.20.34:415][897]LogFbx: FBX Scene Loaded Succesfully
[2017.09.27-22.20.35:991][897]LogFbx: Loading FBX Scene from D:\GameEngines\Udemy\PinballAssets\SM_RampNoTop.FBX
[2017.09.27-22.20.35:997][897]LogFbx: FBX Scene Loaded Succesfully
[2017.09.27-22.20.36:005][897]LogStaticMesh: Building static mesh SM_RampNoTop...
[2017.09.27-22.20.36:025][897]LogStaticMesh: Built static mesh [0.02s] /Game/Assets/SM_RampNoTop.SM_RampNoTop
[2017.09.27-22.20.36:041][897]FBXImport:Warning: Warning No smoothing group information was found in this FBX scene.  Please make sure to enable the 'Export Smoothing Groups' option in the FBX Exporter plug-in before exporting the file.  Even for tools that don't support smoothing groups, the FBX Exporter will generate appropriate smoothing data at export-time so that correct vertex normals can be inferred while importing. 
[2017.09.27-22.20.40:993][348]Cmd: OBJ SAVEPACKAGE PACKAGE="/Game/PinballLevel" FILE="../../../../../GameEngines/Udemy/Pinball/Content/PinballLevel.umap" SILENT=true AUTOSAVING=false KEEPDIRTY=false
[2017.09.27-22.20.41:514][348]LogSavePackage: Save=79.23ms
[2017.09.27-22.20.41:514][348]LogSavePackage: Moving '../../../../../GameEngines/Udemy/Pinball/Saved/PinballLevel678191394612AC920D12E8A3218BCE82.tmp' to '../../../../../GameEngines/Udemy/Pinball/Content/PinballLevel.umap'
[2017.09.27-22.20.41:521][348]LogSavePackage:Display: Finished SavePackage ../../../../../GameEngines/Udemy/Pinball/Content/PinballLevel.umap
[2017.09.27-22.20.41:571][348]LogFileHelpers: Saving map 'PinballLevel' took 0.707
[2017.09.27-22.20.41:588][348]Cmd: OBJ SAVEPACKAGE PACKAGE="/Game/Assets/SM_PlasticRamp_End" FILE="../../../../../GameEngines/Udemy/Pinball/Content/Assets/SM_PlasticRamp_End.uasset" SILENT=true
[2017.09.27-22.20.41:606][348]LogSavePackage: Save=15.95ms
[2017.09.27-22.20.41:606][348]LogSavePackage: Moving '../../../../../GameEngines/Udemy/Pinball/Saved/SM_PlasticRamp_EndB27A02494554CA23CED777AA1ECCCA8E.tmp' to '../../../../../GameEngines/Udemy/Pinball/Content/Assets/SM_PlasticRamp_End.uasset'
[2017.09.27-22.20.41:609][348]LogSavePackage:Display: Finished SavePackage ../../../../../GameEngines/Udemy/Pinball/Content/Assets/SM_PlasticRamp_End.uasset
[2017.09.27-22.20.41:624][348]Cmd: OBJ SAVEPACKAGE PACKAGE="/Game/Assets/SM_PlasticRamp" FILE="../../../../../GameEngines/Udemy/Pinball/Content/Assets/SM_PlasticRamp.uasset" SILENT=true
[2017.09.27-22.20.41:640][348]LogSavePackage: Save=13.94ms
[2017.09.27-22.20.41:640][348]LogSavePackage: Moving '../../../../../GameEngines/Udemy/Pinball/Saved/SM_PlasticRampD4EB923B4EE3A62D61D18E96EB85A1D3.tmp' to '../../../../../GameEngines/Udemy/Pinball/Content/Assets/SM_PlasticRamp.uasset'
[2017.09.27-22.20.41:643][348]LogSavePackage:Display: Finished SavePackage ../../../../../GameEngines/Udemy/Pinball/Content/Assets/SM_PlasticRamp.uasset
[2017.09.27-22.20.41:659][348]Cmd: OBJ SAVEPACKAGE PACKAGE="/Game/Assets/SM_RampNoTop" FILE="../../../../../GameEngines/Udemy/Pinball/Content/Assets/SM_RampNoTop.uasset" SILENT=true
[2017.09.27-22.20.41:674][348]LogSavePackage: Save=12.99ms
[2017.09.27-22.20.41:674][348]LogSavePackage: Moving '../../../../../GameEngines/Udemy/Pinball/Saved/SM_RampNoTop2A019BAC45F36ED2A09F02859DB439CF.tmp' to '../../../../../GameEngines/Udemy/Pinball/Content/Assets/SM_RampNoTop.uasset'
[2017.09.27-22.20.41:677][348]LogSavePackage:Display: Finished SavePackage ../../../../../GameEngines/Udemy/Pinball/Content/Assets/SM_RampNoTop.uasset
[2017.09.27-22.21.32:154][ 88]Cmd: TRANSACTION UNDO
[2017.09.27-22.21.32:154][ 88]LogEditorTransaction: Undo Scale Actors
[2017.09.27-22.22.01:236][440]Cmd: SELECT NONE
[2017.09.27-22.23.00:311][890]Cmd: OBJ SAVEPACKAGE PACKAGE="/Game/Assets/SM_RampNoTop" FILE="../../../../../GameEngines/Udemy/Pinball/Content/Assets/SM_RampNoTop.uasset" SILENT=true
[2017.09.27-22.23.01:230][890]LogSavePackage: Save=8.54ms
[2017.09.27-22.23.01:230][890]LogSavePackage: Moving '../../../../../GameEngines/Udemy/Pinball/Saved/SM_RampNoTop18D190E141B1B33301E2DC8AACEC56D0.tmp' to '../../../../../GameEngines/Udemy/Pinball/Content/Assets/SM_RampNoTop.uasset'
[2017.09.27-22.23.01:268][890]LogSavePackage:Display: Finished SavePackage ../../../../../GameEngines/Udemy/Pinball/Content/Assets/SM_RampNoTop.uasset
[2017.09.27-22.23.49:104][770]Cmd: OBJ SAVEPACKAGE PACKAGE="/Game/Assets/SM_PlasticRamp" FILE="../../../../../GameEngines/Udemy/Pinball/Content/Assets/SM_PlasticRamp.uasset" SILENT=true
[2017.09.27-22.23.49:247][770]LogSavePackage: Save=14.59ms
[2017.09.27-22.23.49:247][770]LogSavePackage: Moving '../../../../../GameEngines/Udemy/Pinball/Saved/SM_PlasticRampF8D86E6149A1E40DA24AAA85DD086BD4.tmp' to '../../../../../GameEngines/Udemy/Pinball/Content/Assets/SM_PlasticRamp.uasset'
[2017.09.27-22.23.49:250][770]LogSavePackage:Display: Finished SavePackage ../../../../../GameEngines/Udemy/Pinball/Content/Assets/SM_PlasticRamp.uasset
[2017.09.27-22.24.02:435][620]LogMaterial:Warning: Material /Game/Assets/M_SimplePlastic.M_SimplePlastic needed to have new flag set bUsedWithSplineMeshes !
[2017.09.27-22.24.02:439][620]LogMaterial: Missing cached shader map for material M_SimplePlastic, compiling. 
[2017.09.27-22.24.10:912][402]Cmd: OBJ SAVEPACKAGE PACKAGE="/Game/Assets/SM_RampNoTop" FILE="../../../../../GameEngines/Udemy/Pinball/Content/Assets/SM_RampNoTop.uasset" SILENT=true
[2017.09.27-22.24.10:932][402]LogSavePackage: Save=13.23ms
[2017.09.27-22.24.10:932][402]LogSavePackage: Moving '../../../../../GameEngines/Udemy/Pinball/Saved/SM_RampNoTop185A873A4A2196A3A75E53B46F6BC2E4.tmp' to '../../../../../GameEngines/Udemy/Pinball/Content/Assets/SM_RampNoTop.uasset'
[2017.09.27-22.24.10:935][402]LogSavePackage:Display: Finished SavePackage ../../../../../GameEngines/Udemy/Pinball/Content/Assets/SM_RampNoTop.uasset
[2017.09.27-22.25.03:876][374]Cmd: OBJ SAVEPACKAGE PACKAGE="/Game/Assets/SM_PlasticRamp_End" FILE="../../../../../GameEngines/Udemy/Pinball/Content/Assets/SM_PlasticRamp_End.uasset" SILENT=true
[2017.09.27-22.25.03:954][374]LogSavePackage: Save=26.49ms
[2017.09.27-22.25.03:954][374]LogSavePackage: Moving '../../../../../GameEngines/Udemy/Pinball/Saved/SM_PlasticRamp_End5ADA03174147F317FE8C239DE1983863.tmp' to '../../../../../GameEngines/Udemy/Pinball/Content/Assets/SM_PlasticRamp_End.uasset'
[2017.09.27-22.25.03:958][374]LogSavePackage:Display: Finished SavePackage ../../../../../GameEngines/Udemy/Pinball/Content/Assets/SM_PlasticRamp_End.uasset
[2017.09.27-22.25.24:645][205]Cmd: OBJ SAVEPACKAGE PACKAGE="/Game/Assets/SM_PlasticRamp" FILE="../../../../../GameEngines/Udemy/Pinball/Content/Assets/SM_PlasticRamp.uasset" SILENT=true
[2017.09.27-22.25.24:665][205]LogSavePackage: Save=13.93ms
[2017.09.27-22.25.24:665][205]LogSavePackage: Moving '../../../../../GameEngines/Udemy/Pinball/Saved/SM_PlasticRampAD2C5DE247E4BADF1EBAB5858C13971A.tmp' to '../../../../../GameEngines/Udemy/Pinball/Content/Assets/SM_PlasticRamp.uasset'
[2017.09.27-22.25.24:668][205]LogSavePackage:Display: Finished SavePackage ../../../../../GameEngines/Udemy/Pinball/Content/Assets/SM_PlasticRamp.uasset
[2017.09.27-22.25.43:447][ 75]Cmd: OBJ SAVEPACKAGE PACKAGE="/Game/Assets/SM_PlasticRamp_End" FILE="../../../../../GameEngines/Udemy/Pinball/Content/Assets/SM_PlasticRamp_End.uasset" SILENT=true
[2017.09.27-22.25.43:468][ 75]LogSavePackage: Save=13.38ms
[2017.09.27-22.25.43:468][ 75]LogSavePackage: Moving '../../../../../GameEngines/Udemy/Pinball/Saved/SM_PlasticRamp_End5BE68F8641BB48E2B1F74B9D1E3F5F14.tmp' to '../../../../../GameEngines/Udemy/Pinball/Content/Assets/SM_PlasticRamp_End.uasset'
[2017.09.27-22.25.43:470][ 75]LogSavePackage:Display: Finished SavePackage ../../../../../GameEngines/Udemy/Pinball/Content/Assets/SM_PlasticRamp_End.uasset
[2017.09.27-22.25.49:785][672]Cmd: OBJ SAVEPACKAGE PACKAGE="/Game/Assets/SM_PlasticRamp" FILE="../../../../../GameEngines/Udemy/Pinball/Content/Assets/SM_PlasticRamp.uasset" SILENT=true
[2017.09.27-22.25.49:805][672]LogSavePackage: Save=13.53ms
[2017.09.27-22.25.49:805][672]LogSavePackage: Moving '../../../../../GameEngines/Udemy/Pinball/Saved/SM_PlasticRamp6ACEC790418E75E96ACBE09A4EBD9D0A.tmp' to '../../../../../GameEngines/Udemy/Pinball/Content/Assets/SM_PlasticRamp.uasset'
[2017.09.27-22.25.49:808][672]LogSavePackage:Display: Finished SavePackage ../../../../../GameEngines/Udemy/Pinball/Content/Assets/SM_PlasticRamp.uasset
[2017.09.27-22.26.21:924][153]BlueprintLog: New page: Compile BP_Rail
[2017.09.27-22.26.22:657][220]Cmd: OBJ SAVEPACKAGE PACKAGE="/Game/Blueprints/BP_Rail" FILE="../../../../../GameEngines/Udemy/Pinball/Content/Blueprints/BP_Rail.uasset" SILENT=true
[2017.09.27-22.26.22:714][220]LogSavePackage: Save=45.63ms
[2017.09.27-22.26.22:714][220]LogSavePackage: Moving '../../../../../GameEngines/Udemy/Pinball/Saved/BP_Rail4C5EFD614F7172A3A2E852B270F338EC.tmp' to '../../../../../GameEngines/Udemy/Pinball/Content/Blueprints/BP_Rail.uasset'
[2017.09.27-22.26.22:717][220]LogSavePackage:Display: Finished SavePackage ../../../../../GameEngines/Udemy/Pinball/Content/Blueprints/BP_Rail.uasset
[2017.09.27-22.26.46:554][ 49]LogEditorViewport: Clicking on Actor (LMB): BP_Rail_C (BP_Rail)
[2017.09.27-22.27.12:691][735]LogTemp: Repeting last play command: Selected Viewport
[2017.09.27-22.27.14:639][735]LogPlayLevel: PlayLevel: No blueprints needed recompiling
[2017.09.27-22.27.14:857][735]PIE: New page: PIE session: PinballLevel (Sep 27, 2017, 2:27:14 PM)
[2017.09.27-22.27.14:869][735]LogPlayLevel: Creating play world package: /Game/UEDPIE_0_PinballLevel
[2017.09.27-22.27.15:056][735]LogPlayLevel: PIE: StaticDuplicateObject took: (0.186869s)
[2017.09.27-22.27.15:057][735]LogAIModule: Creating AISystem for world PinballLevel
[2017.09.27-22.27.15:057][735]LogPlayLevel: PIE: World Init took: (0.000955s)
[2017.09.27-22.27.15:066][735]LogPlayLevel: PIE: Created PIE world by copying editor world from /Game/PinballLevel.PinballLevel to /Game/UEDPIE_0_PinballLevel.PinballLevel (0.197373s)
[2017.09.27-22.27.15:177][735]LogInit: XAudio2 using '1 - SAMSUNG (AMD High Definition Audio Device)' : 2 channels at 48 kHz using 16 bits per sample (channel mask 0x3)
[2017.09.27-22.27.15:184][735]LogInit: FAudioDevice initialized.
[2017.09.27-22.27.15:349][735]LogLoad: Game class is 'PinballGameMode_C'
[2017.09.27-22.27.15:469][735]LogWorld: Bringing World /Game/UEDPIE_0_PinballLevel.PinballLevel up for play (max tick rate 0) at 2017.09.27-18.27.15
[2017.09.27-22.27.15:566][735]LogWorld: Bringing up level for play took: 0.084591
[2017.09.27-22.27.19:038][735]LogContentBrowser: Native class hierarchy updated for 'MovieSceneCapture' in 0.0009 seconds. Added 11 classes and 0 folders.
[2017.09.27-22.27.19:519][735]PIE: Info Play in editor start time for /Game/UEDPIE_0_PinballLevel 4.297
[2017.09.27-22.27.32:110][ 41]Cmd: OBJ SAVEPACKAGE PACKAGE="/Game/PinballLevel" FILE="../../../../../GameEngines/Udemy/Pinball/Content/PinballLevel.umap" SILENT=true AUTOSAVING=false KEEPDIRTY=false
[2017.09.27-22.27.33:184][ 41]LogSavePackage: Save=81.01ms
[2017.09.27-22.27.33:184][ 41]LogSavePackage: Moving '../../../../../GameEngines/Udemy/Pinball/Saved/PinballLevel710DE1224F3474E9ABB4A4BDFA862083.tmp' to '../../../../../GameEngines/Udemy/Pinball/Content/PinballLevel.umap'
[2017.09.27-22.27.33:187][ 41]LogSavePackage:Display: Finished SavePackage ../../../../../GameEngines/Udemy/Pinball/Content/PinballLevel.umap
[2017.09.27-22.27.33:234][ 41]LogFileHelpers: Saving map 'PinballLevel' took 1.186
[2017.09.27-22.27.33:376][ 41]Cmd: OBJ SAVEPACKAGE PACKAGE="/Game/Assets/M_SimplePlastic" FILE="../../../../../GameEngines/Udemy/Pinball/Content/Assets/M_SimplePlastic.uasset" SILENT=true
[2017.09.27-22.27.33:402][ 41]LogSavePackage: Save=14.70ms
[2017.09.27-22.27.33:402][ 41]LogSavePackage: Moving '../../../../../GameEngines/Udemy/Pinball/Saved/M_SimplePlastic0449327C4BC62FBA3C7C5081FD6AA1F4.tmp' to '../../../../../GameEngines/Udemy/Pinball/Content/Assets/M_SimplePlastic.uasset'
[2017.09.27-22.27.33:405][ 41]LogSavePackage:Display: Finished SavePackage ../../../../../GameEngines/Udemy/Pinball/Content/Assets/M_SimplePlastic.uasset
[2017.09.27-22.27.33:424][ 41]Cmd: OBJ SAVEPACKAGE PACKAGE="/Game/Assets/MI_SimplePlastic_Yellow" FILE="../../../../../GameEngines/Udemy/Pinball/Content/Assets/MI_SimplePlastic_Yellow.uasset" SILENT=true
[2017.09.27-22.27.33:449][ 41]LogSavePackage: Save=13.36ms
[2017.09.27-22.27.33:449][ 41]LogSavePackage: Moving '../../../../../GameEngines/Udemy/Pinball/Saved/MI_SimplePlastic_Yellow662C8354438655CFC649E8810D564E90.tmp' to '../../../../../GameEngines/Udemy/Pinball/Content/Assets/MI_SimplePlastic_Yellow.uasset'
[2017.09.27-22.27.33:452][ 41]LogSavePackage:Display: Finished SavePackage ../../../../../GameEngines/Udemy/Pinball/Content/Assets/MI_SimplePlastic_Yellow.uasset
[2017.09.27-22.28.12:178][992]Cmd: QUIT_EDITOR
[2017.09.27-22.28.13:248][992]LogWindowsTextInputMethodSystem:Display: IME system now deactivated.
[2017.09.27-22.28.13:306][992]LogExit: Preparing to exit.
[2017.09.27-22.28.14:489][992]LogDirectoryWatcher: A directory notification for 'D:/GameEngines/Udemy/Pinball/Content/' was aborted.
[2017.09.27-22.28.14:642][992]LogExit: Editor shut down
[2017.09.27-22.28.14:645][992]LogExit: Transaction tracking system shut down
[2017.09.27-22.28.16:739][992]LogObj: Freed 0b from 0 cluster array pools.
[2017.09.27-22.28.16:739][992]LogExit: Object subsystem successfully closed.
[2017.09.27-22.28.17:110][992]LogD3D11RHI: Shutdown
[2017.09.27-22.28.17:110][992]LogD3D11RHI: CleanupD3DDevice
[2017.09.27-22.28.17:246][992]LogD3D11RHI: ~FD3D11DynamicRHI
[2017.09.27-22.28.18:916][992]LogModuleManager: Shutting down and abandoning module MovieSceneCapture (532)
[2017.09.27-22.28.18:916][992]LogModuleManager: Shutting down and abandoning module StaticMeshEditor (530)
[2017.09.27-22.28.18:916][992]LogModuleManager: Shutting down and abandoning module BlueprintGraph (528)
[2017.09.27-22.28.18:916][992]LogModuleManager: Shutting down and abandoning module BlueprintProfiler (526)
[2017.09.27-22.28.18:929][992]LogModuleManager: Shutting down and abandoning module HierarchicalLODOutliner (524)
[2017.09.27-22.28.18:959][992]LogModuleManager: Shutting down and abandoning module CrashTracker (522)
[2017.09.27-22.28.18:959][992]LogModuleManager: Shutting down and abandoning module SceneOutliner (520)
[2017.09.27-22.28.18:959][992]LogModuleManager: Shutting down and abandoning module AddContentDialog (518)
[2017.09.27-22.28.18:969][992]LogDirectoryWatcher: A directory notification for 'D:/Epic Games/UE_4.16/FeaturePacks/' was aborted.
[2017.09.27-22.28.19:027][992]LogModuleManager: Shutting down and abandoning module WidgetCarousel (517)
[2017.09.27-22.28.19:027][992]LogModuleManager: Shutting down and abandoning module EditorWidgets (514)
[2017.09.27-22.28.19:027][992]LogModuleManager: Shutting down and abandoning module CollectionManager (512)
[2017.09.27-22.28.19:027][992]LogDirectoryWatcher: A directory notification for 'D:/GameEngines/Udemy/Pinball/Content/Collections/' was aborted.
[2017.09.27-22.28.19:027][992]LogDirectoryWatcher: A directory notification for 'D:/GameEngines/Udemy/Pinball/Content/Developers/cdietsch/Collections/' was aborted.
[2017.09.27-22.28.19:027][992]LogDirectoryWatcher: A directory notification for 'D:/GameEngines/Udemy/Pinball/Saved/Collections/' was aborted.
[2017.09.27-22.28.19:027][992]LogModuleManager: Shutting down and abandoning module StatsViewer (510)
[2017.09.27-22.28.19:103][992]LogModuleManager: Shutting down and abandoning module FoliageEdit (508)
[2017.09.27-22.28.19:103][992]LogModuleManager: Shutting down and abandoning module LandscapeEditor (506)
[2017.09.27-22.28.19:129][992]LogModuleManager: Shutting down and abandoning module MeshPaintMode (504)
[2017.09.27-22.28.19:129][992]LogModuleManager: Shutting down and abandoning module SceneDepthPickerMode (502)
[2017.09.27-22.28.19:129][992]LogModuleManager: Shutting down and abandoning module ActorPickerMode (500)
[2017.09.27-22.28.19:129][992]LogModuleManager: Shutting down and abandoning module GeometryMode (498)
[2017.09.27-22.28.19:129][992]LogModuleManager: Shutting down and abandoning module TextureAlignMode (496)
[2017.09.27-22.28.19:129][992]LogModuleManager: Shutting down and abandoning module BspMode (494)
[2017.09.27-22.28.19:160][992]LogModuleManager: Shutting down and abandoning module HardwareSurvey (492)
[2017.09.27-22.28.19:166][992]LogModuleManager: Shutting down and abandoning module SequenceRecorderSections (490)
[2017.09.27-22.28.19:174][992]LogModuleManager: Shutting down and abandoning module AutomationWorker (488)
[2017.09.27-22.28.19:185][992]LogModuleManager: Shutting down and abandoning module MatineeToLevelSequence (486)
[2017.09.27-22.28.19:195][992]LogModuleManager: Shutting down and abandoning module LevelSequenceEditor (484)
[2017.09.27-22.28.19:284][992]LogModuleManager: Shutting down and abandoning module PlacementMode (483)
[2017.09.27-22.28.19:284][992]LogModuleManager: Shutting down and abandoning module WmfMediaFactory (480)
[2017.09.27-22.28.19:284][992]LogModuleManager: Shutting down and abandoning module WmfMediaEditor (478)
[2017.09.27-22.28.19:284][992]LogModuleManager: Shutting down and abandoning module AvfMediaFactory (476)
[2017.09.27-22.28.19:284][992]LogModuleManager: Shutting down and abandoning module AvfMediaEditor (474)
[2017.09.27-22.28.19:284][992]LogModuleManager: Shutting down and abandoning module AndroidMediaFactory (472)
[2017.09.27-22.28.19:284][992]LogModuleManager: Shutting down and abandoning module Media (471)
[2017.09.27-22.28.19:284][992]LogModuleManager: Shutting down and abandoning module AndroidMediaEditor (468)
[2017.09.27-22.28.19:284][992]LogModuleManager: Shutting down and abandoning module CharacterAI (466)
[2017.09.27-22.28.19:284][992]LogModuleManager: Shutting down and abandoning module AudioCapture (464)
[2017.09.27-22.28.19:299][992]LogModuleManager: Shutting down and abandoning module SequenceRecorder (463)
[2017.09.27-22.28.19:314][992]LogModuleManager: Shutting down and abandoning module SmartSnapping (460)
[2017.09.27-22.28.19:314][992]LogModuleManager: Shutting down and abandoning module SessionServices (458)
[2017.09.27-22.28.19:314][992]LogModuleManager: Shutting down and abandoning module ViewportSnapping (456)
[2017.09.27-22.28.19:314][992]LogModuleManager: Shutting down and abandoning module ViewportInteraction (454)
[2017.09.27-22.28.19:314][992]LogModuleManager: Shutting down and abandoning module ClothPainter (452)
[2017.09.27-22.28.19:356][992]LogModuleManager: Shutting down and abandoning module LogVisualizer (450)
[2017.09.27-22.28.19:396][992]LogModuleManager: Shutting down and abandoning module IntroTutorials (448)
[2017.09.27-22.28.19:519][992]LogModuleManager: Shutting down and abandoning module GameProjectGeneration (447)
[2017.09.27-22.28.19:600][992]LogModuleManager: Shutting down and abandoning module EditorLiveStreaming (444)
[2017.09.27-22.28.19:600][992]LogModuleManager: Shutting down and abandoning module IOSPlatformEditor (442)
[2017.09.27-22.28.19:606][992]LogModuleManager: Shutting down and abandoning module HTML5PlatformEditor (440)
[2017.09.27-22.28.19:606][992]LogModuleManager: Shutting down and abandoning module AndroidPlatformEditor (438)
[2017.09.27-22.28.19:606][992]LogModuleManager: Shutting down and abandoning module AndroidDeviceDetection (437)
[2017.09.27-22.28.20:305][992]LogModuleManager: Shutting down and abandoning module IOSRuntimeSettings (434)
[2017.09.27-22.28.20:305][992]LogModuleManager: Shutting down and abandoning module AndroidRuntimeSettings (432)
[2017.09.27-22.28.20:305][992]LogModuleManager: Shutting down and abandoning module InputBindingEditor (430)
[2017.09.27-22.28.20:333][992]LogModuleManager: Shutting down and abandoning module MergeActors (428)
[2017.09.27-22.28.20:343][992]LogModuleManager: Shutting down and abandoning module SizeMap (426)
[2017.09.27-22.28.20:343][992]LogModuleManager: Shutting down and abandoning module TreeMap (424)
[2017.09.27-22.28.20:390][992]LogModuleManager: Shutting down and abandoning module ReferenceViewer (422)
[2017.09.27-22.28.20:400][992]LogModuleManager: Shutting down and abandoning module LocalizationDashboard (420)
[2017.09.27-22.28.20:505][992]LogModuleManager: Shutting down and abandoning module LocalizationService (419)
[2017.09.27-22.28.20:517][992]LogModuleManager: Shutting down and abandoning module HardwareTargeting (416)
[2017.09.27-22.28.20:517][992]LogModuleManager: Shutting down and abandoning module DeviceProfileEditor (414)
[2017.09.27-22.28.20:585][992]LogModuleManager: Shutting down and abandoning module UndoHistory (412)
[2017.09.27-22.28.20:589][992]LogModuleManager: Shutting down and abandoning module UserFeedback (410)
[2017.09.27-22.28.20:589][992]LogModuleManager: Shutting down and abandoning module XmlParser (408)
[2017.09.27-22.28.20:597][992]LogModuleManager: Shutting down and abandoning module Blutility (406)
[2017.09.27-22.28.20:602][992]LogModuleManager: Shutting down and abandoning module ProjectSettingsViewer (404)
[2017.09.27-22.28.20:602][992]LogModuleManager: Shutting down and abandoning module ProjectTargetPlatformEditor (403)
[2017.09.27-22.28.20:603][992]LogModuleManager: Shutting down and abandoning module EditorSettingsViewer (400)
[2017.09.27-22.28.20:603][992]LogModuleManager: Shutting down and abandoning module SettingsEditor (398)
[2017.09.27-22.28.20:636][992]LogModuleManager: Shutting down and abandoning module ProjectLauncher (396)
[2017.09.27-22.28.20:664][992]LogModuleManager: Shutting down and abandoning module SessionFrontend (394)
[2017.09.27-22.28.20:716][992]LogModuleManager: Shutting down and abandoning module ProfilerClient (392)
[2017.09.27-22.28.20:749][992]LogModuleManager: Shutting down and abandoning module DeviceManager (390)
[2017.09.27-22.28.20:786][992]LogModuleManager: Shutting down and abandoning module TargetDeviceServices (389)
[2017.09.27-22.28.20:840][992]LogModuleManager: Shutting down and abandoning module AutomationController (386)
[2017.09.27-22.28.20:863][992]LogModuleManager: Shutting down and abandoning module AutomationWindow (384)
[2017.09.27-22.28.20:916][992]LogModuleManager: Shutting down and abandoning module Layers (382)
[2017.09.27-22.28.20:996][992]LogModuleManager: Shutting down and abandoning module ComponentVisualizers (380)
[2017.09.27-22.28.20:996][992]LogModuleManager: Shutting down and abandoning module DetailCustomizations (378)
[2017.09.27-22.28.21:017][992]LogModuleManager: Shutting down and abandoning module PackagesDialog (376)
[2017.09.27-22.28.21:049][992]LogModuleManager: Shutting down and abandoning module Persona (374)
[2017.09.27-22.28.21:105][992]LogModuleManager: Shutting down and abandoning module AdvancedPreviewScene (373)
[2017.09.27-22.28.21:105][992]LogModuleManager: Shutting down and abandoning module AnimGraph (371)
[2017.09.27-22.28.21:105][992]LogModuleManager: Shutting down and abandoning module Kismet (368)
[2017.09.27-22.28.21:112][992]LogModuleManager: Shutting down and abandoning module ClassViewer (366)
[2017.09.27-22.28.21:112][992]LogModuleManager: Shutting down and abandoning module Toolbox (364)
[2017.09.27-22.28.21:142][992]LogModuleManager: Shutting down and abandoning module ModuleUI (362)
[2017.09.27-22.28.21:150][992]LogModuleManager: Shutting down and abandoning module MovieSceneTools (360)
[2017.09.27-22.28.21:196][992]LogModuleManager: Shutting down and abandoning module OutputLog (358)
[2017.09.27-22.28.21:237][992]LogModuleManager: Shutting down and abandoning module GammaUI (356)
[2017.09.27-22.28.21:246][992]LogModuleManager: Shutting down and abandoning module Documentation (354)
[2017.09.27-22.28.21:246][992]LogModuleManager: Shutting down and abandoning module MovieSceneTracks (352)
[2017.09.27-22.28.21:246][992]LogModuleManager: Shutting down and abandoning module MovieScene (350)
[2017.09.27-22.28.21:246][992]LogModuleManager: Shutting down and abandoning module Niagara (348)
[2017.09.27-22.28.21:246][992]LogModuleManager: Shutting down and abandoning module NiagaraEditor (347)
[2017.09.27-22.28.21:338][992]LogModuleManager: Shutting down and abandoning module StreamingPauseRendering (344)
[2017.09.27-22.28.21:338][992]LogModuleManager: Shutting down and abandoning module AnalyticsET (342)
[2017.09.27-22.28.21:338][992]LogModuleManager: Shutting down and abandoning module PortalServices (340)
[2017.09.27-22.28.21:338][992]LogModuleManager: Shutting down and abandoning module PortalRpc (338)
[2017.09.27-22.28.21:338][992]LogModuleManager: Shutting down and abandoning module MessagingRpc (336)
[2017.09.27-22.28.21:338][992]LogModuleManager: Shutting down and abandoning module AIModule (334)
[2017.09.27-22.28.21:338][992]LogModuleManager: Shutting down and abandoning module GameplayDebugger (333)
[2017.09.27-22.28.21:338][992]LogModuleManager: Shutting down and abandoning module AITestSuite (331)
[2017.09.27-22.28.21:351][992]LogModuleManager: Shutting down and abandoning module ProfilerService (328)
[2017.09.27-22.28.21:461][992]LogModuleManager: Shutting down and abandoning module TaskGraph (326)
[2017.09.27-22.28.21:483][992]LogModuleManager: Shutting down and abandoning module SteamVRController (324)
[2017.09.27-22.28.21:483][992]LogModuleManager: Shutting down and abandoning module SteamVR (322)
[2017.09.27-22.28.21:483][992]LogModuleManager: Shutting down and abandoning module ProceduralMeshComponentEditor (320)
[2017.09.27-22.28.21:496][992]LogModuleManager: Shutting down and abandoning module ProceduralMeshComponent (318)
[2017.09.27-22.28.21:507][992]LogModuleManager: Shutting down and abandoning module OculusLibrary (316)
[2017.09.27-22.28.21:507][992]LogModuleManager: Shutting down and abandoning module OculusInput (314)
[2017.09.27-22.28.21:507][992]LogModuleManager: Shutting down and abandoning module MobilePatchingUtils (312)
[2017.09.27-22.28.21:507][992]LogModuleManager: Shutting down and abandoning module CustomMeshComponent (310)
[2017.09.27-22.28.21:507][992]LogModuleManager: Shutting down and abandoning module CableComponent (308)
[2017.09.27-22.28.21:550][992]LogModuleManager: Shutting down and abandoning module ArchVisCharacter (306)
[2017.09.27-22.28.21:550][992]LogModuleManager: Shutting down and abandoning module AndroidPermission (304)
[2017.09.27-22.28.21:550][992]LogModuleManager: Shutting down and abandoning module MediaPlayerEditor (300)
[2017.09.27-22.28.21:644][992]LogModuleManager: Shutting down and abandoning module HTML5Networking (298)
[2017.09.27-22.28.21:645][992]LogModuleManager: Shutting down and abandoning module AlembicImporter (296)
[2017.09.27-22.28.21:698][992]LogModuleManager: Shutting down and abandoning module AlembicLibrary (295)
[2017.09.27-22.28.21:698][992]LogModuleManager: Shutting down and abandoning module GeometryCache (294)
[2017.09.27-22.28.21:714][992]LogModuleManager: Shutting down and abandoning module GeometryCacheEd (293)
[2017.09.27-22.28.21:714][992]LogModuleManager: Shutting down and abandoning module SuperSearchEditor (288)
[2017.09.27-22.28.21:714][992]LogModuleManager: Shutting down and abandoning module SuperSearch (287)
[2017.09.27-22.28.21:714][992]LogModuleManager: Shutting down and abandoning module SpeedTreeImporter (284)
[2017.09.27-22.28.21:714][992]LogModuleManager: Shutting down and abandoning module PluginBrowser (282)
[2017.09.27-22.28.21:763][992]LogModuleManager: Shutting down and abandoning module MobileLauncherProfileWizard (280)
[2017.09.27-22.28.21:803][992]LogModuleManager: Shutting down and abandoning module VisualStudioSourceCodeAccess (278)
[2017.09.27-22.28.21:803][992]LogModuleManager: Shutting down and abandoning module DesktopPlatform (277)
[2017.09.27-22.28.21:803][992]LogModuleManager: Shutting down and abandoning module UObjectPlugin (274)
[2017.09.27-22.28.21:803][992]LogModuleManager: Shutting down and abandoning module SubversionSourceControl (272)
[2017.09.27-22.28.21:854][992]LogModuleManager: Shutting down and abandoning module PerforceSourceControl (270)
[2017.09.27-22.28.21:887][992]LogModuleManager: Shutting down and abandoning module GitSourceControl (268)
[2017.09.27-22.28.21:924][992]LogModuleManager: Shutting down and abandoning module SourceControl (267)
[2017.09.27-22.28.21:940][992]LogModuleManager: Shutting down and abandoning module LightPropagationVolumeEditor (264)
[2017.09.27-22.28.21:940][992]LogModuleManager: Shutting down and abandoning module PaperTiledImporter (262)
[2017.09.27-22.28.21:940][992]LogModuleManager: Shutting down and abandoning module PaperSpriteSheetImporter (260)
[2017.09.27-22.28.21:940][992]LogModuleManager: Shutting down and abandoning module Paper2DEditor (258)
[2017.09.27-22.28.21:993][992]LogModuleManager: Shutting down and abandoning module MeshPaint (257)
[2017.09.27-22.28.22:007][992]LogModuleManager: Shutting down and abandoning module LevelEditor (255)
[2017.09.27-22.28.22:051][992]LogModuleManager: Shutting down and abandoning module PixelInspectorModule (254)
[2017.09.27-22.28.22:094][992]LogModuleManager: Shutting down and abandoning module MainFrame (252)
[2017.09.27-22.28.22:149][992]LogModuleManager: Shutting down and abandoning module HotReload (251)
[2017.09.27-22.28.22:216][992]LogModuleManager: Shutting down and abandoning module PhysXVehiclesEditor (246)
[2017.09.27-22.28.22:249][992]LogModuleManager: Shutting down and abandoning module PhysXVehicles (244)
[2017.09.27-22.28.22:249][992]LogModuleManager: Shutting down and abandoning module LocationServicesBPLibrary (242)
[2017.09.27-22.28.22:249][992]LogModuleManager: Shutting down and abandoning module ImmediatePhysicsEditor (240)
[2017.09.27-22.28.22:249][992]LogModuleManager: Shutting down and abandoning module ImmediatePhysics (238)
[2017.09.27-22.28.22:268][992]LogModuleManager: Shutting down and abandoning module UdpMessaging (236)
[2017.09.27-22.28.22:369][992]LogModuleManager: Shutting down and abandoning module TcpMessaging (234)
[2017.09.27-22.28.22:489][992]LogModuleManager: Shutting down and abandoning module GameplayTagsEditor (232)
[2017.09.27-22.28.22:607][992]LogModuleManager: Shutting down and abandoning module FacialAnimationEditor (230)
[2017.09.27-22.28.22:646][992]LogModuleManager: Shutting down and abandoning module FacialAnimation (228)
[2017.09.27-22.28.22:646][992]LogModuleManager: Shutting down and abandoning module AssetManagerEditor (226)
[2017.09.27-22.28.22:754][992]LogModuleManager: Shutting down and abandoning module GraphEditor (225)
[2017.09.27-22.28.22:754][992]LogModuleManager: Shutting down and abandoning module ContentBrowser (223)
[2017.09.27-22.28.22:755][992]LogModuleManager: Shutting down and abandoning module LightPropagationVolumeRuntime (220)
[2017.09.27-22.28.22:755][992]LogModuleManager: Shutting down and abandoning module Paper2D (218)
[2017.09.27-22.28.22:771][992]LogModuleManager: Shutting down and abandoning module WindowsMoviePlayer (216)
[2017.09.27-22.28.22:771][992]LogModuleManager: Shutting down and abandoning module WmfMedia (214)
[2017.09.27-22.28.22:836][992]LogModuleManager: Shutting down and abandoning module ClothingSystemEditor (212)
[2017.09.27-22.28.22:846][992]LogModuleManager: Shutting down and abandoning module ClothingSystemRuntime (210)
[2017.09.27-22.28.22:856][992]LogModuleManager: Shutting down and abandoning module MediaAssets (208)
[2017.09.27-22.28.22:856][992]LogModuleManager: Shutting down and abandoning module GameLiveStreaming (206)
[2017.09.27-22.28.22:903][992]LogModuleManager: Shutting down and abandoning module VREditor (204)
[2017.09.27-22.28.22:932][992]LogModuleManager: Shutting down and abandoning module StringTableEditor (202)
[2017.09.27-22.28.22:966][992]LogModuleManager: Shutting down and abandoning module GameplayTasksEditor (200)
[2017.09.27-22.28.22:966][992]LogModuleManager: Shutting down and abandoning module BehaviorTreeEditor (198)
[2017.09.27-22.28.23:034][992]LogModuleManager: Shutting down and abandoning module FunctionalTesting (196)
[2017.09.27-22.28.23:034][992]LogModuleManager: Shutting down and abandoning module CollisionAnalyzer (194)
[2017.09.27-22.28.23:076][992]LogModuleManager: Shutting down and abandoning module UMG (192)
[2017.09.27-22.28.23:106][992]LogModuleManager: Shutting down and abandoning module UMGEditor (191)
[2017.09.27-22.28.23:157][992]LogModuleManager: Shutting down and abandoning module Sequencer (190)
[2017.09.27-22.28.23:233][992]LogModuleManager: Shutting down and abandoning module AssetTools (188)
[2017.09.27-22.28.23:257][992]LogModuleManager: Shutting down and abandoning module MessageLog (187)
[2017.09.27-22.28.23:257][992]LogModuleManager: Shutting down and abandoning module WorkspaceMenuStructure (186)
[2017.09.27-22.28.23:257][992]LogModuleManager: Shutting down and abandoning module SlateReflector (180)
[2017.09.27-22.28.23:450][992]LogModuleManager: Shutting down and abandoning module Slate (178)
[2017.09.27-22.28.23:450][992]LogModuleManager: Shutting down and abandoning module EditorStyle (176)
[2017.09.27-22.28.23:487][992]LogModuleManager: Shutting down and abandoning module SourceCodeAccess (174)
[2017.09.27-22.28.23:487][992]LogModuleManager: Shutting down and abandoning module HeadMountedDisplay (172)
[2017.09.27-22.28.23:487][992]LogModuleManager: Shutting down and abandoning module XAudio2 (170)
[2017.09.27-22.28.23:487][992]LogModuleManager: Shutting down and abandoning module Networking (168)
[2017.09.27-22.28.23:487][992]LogModuleManager: Shutting down and abandoning module Core (164)
[2017.09.27-22.28.23:487][992]LogModuleManager: Shutting down and abandoning module AssetRegistry (162)
[2017.09.27-22.28.23:695][992]LogDirectoryWatcher: A directory notification for '../../../Engine/Content/' was aborted.
[2017.09.27-22.28.23:695][992]LogDirectoryWatcher: A directory notification for '../../../../../GameEngines/Udemy/Pinball/Content/' was aborted.
[2017.09.27-22.28.23:695][992]LogDirectoryWatcher: A directory notification for '../../../Engine/Plugins/2D/Paper2D/Content/' was aborted.
[2017.09.27-22.28.23:695][992]LogDirectoryWatcher: A directory notification for '../../../Engine/Plugins/Runtime/GearVR/Content/' was aborted.
[2017.09.27-22.28.23:742][992]LogModuleManager: Shutting down and abandoning module DirectoryWatcher (161)
[2017.09.27-22.28.23:743][992]LogModuleManager: Shutting down and abandoning module KismetCompiler (158)
[2017.09.27-22.28.23:743][992]LogModuleManager: Shutting down and abandoning module LevelSequence (156)
[2017.09.27-22.28.23:743][992]LogModuleManager: Shutting down and abandoning module PhysXFormats (154)
[2017.09.27-22.28.23:743][992]LogModuleManager: Shutting down and abandoning module MeshUtilities (152)
[2017.09.27-22.28.23:776][992]LogModuleManager: Shutting down and abandoning module SimplygonSwarm (151)
[2017.09.27-22.28.23:786][992]LogModuleManager: Shutting down and abandoning module SimplygonMeshReduction (149)
[2017.09.27-22.28.23:786][992]LogModuleManager: Shutting down and abandoning module QuadricMeshReduction (147)
[2017.09.27-22.28.23:797][992]LogModuleManager: Shutting down and abandoning module DerivedDataCache (144)
[2017.09.27-22.28.23:883][992]LogDerivedDataCache: Shutdown
[2017.09.27-22.28.23:883][992]LogModuleManager: Shutting down and abandoning module TargetPlatform (142)
[2017.09.27-22.28.23:883][992]LogModuleManager: Shutting down and abandoning module VulkanShaderFormat (141)
[2017.09.27-22.28.23:918][992]LogModuleManager: Shutting down and abandoning module ShaderFormatVectorVM (139)
[2017.09.27-22.28.23:955][992]LogModuleManager: Shutting down and abandoning module ShaderFormatOpenGL (137)
[2017.09.27-22.28.24:016][992]LogModuleManager: Shutting down and abandoning module ShaderFormatD3D (135)
[2017.09.27-22.28.24:072][992]LogModuleManager: Shutting down and abandoning module MetalShaderFormat (133)
[2017.09.27-22.28.24:086][992]LogModuleManager: Shutting down and abandoning module TextureFormatUncompressed (131)
[2017.09.27-22.28.24:086][992]LogModuleManager: Shutting down and abandoning module TextureFormatPVR (129)
[2017.09.27-22.28.24:086][992]LogModuleManager: Shutting down and abandoning module TextureFormatDXT (127)
[2017.09.27-22.28.24:123][992]LogModuleManager: Shutting down and abandoning module TextureFormatIntelISPCTexComp (125)
[2017.09.27-22.28.24:131][992]LogModuleManager: Shutting down and abandoning module TextureFormatASTC (123)
[2017.09.27-22.28.24:131][992]LogModuleManager: Shutting down and abandoning module ImageWrapper (122)
[2017.09.27-22.28.24:131][992]LogModuleManager: Shutting down and abandoning module TextureFormatAndroid (119)
[2017.09.27-22.28.24:131][992]LogModuleManager: Shutting down and abandoning module AudioFormatOpus (117)
[2017.09.27-22.28.24:131][992]LogModuleManager: Shutting down and abandoning module AudioFormatOgg (115)
[2017.09.27-22.28.24:131][992]LogModuleManager: Shutting down and abandoning module AudioFormatADPCM (113)
[2017.09.27-22.28.24:131][992]LogModuleManager: Shutting down and abandoning module LinuxTargetPlatform (111)
[2017.09.27-22.28.24:131][992]LogModuleManager: Shutting down and abandoning module LinuxServerTargetPlatform (109)
[2017.09.27-22.28.24:131][992]LogModuleManager: Shutting down and abandoning module LinuxNoEditorTargetPlatform (107)
[2017.09.27-22.28.24:131][992]LogModuleManager: Shutting down and abandoning module LinuxClientTargetPlatform (105)
[2017.09.27-22.28.24:131][992]LogModuleManager: Shutting down and abandoning module TVOSTargetPlatform (103)
[2017.09.27-22.28.24:131][992]LogModuleManager: Shutting down and abandoning module Messaging (101)
[2017.09.27-22.28.24:131][992]LogModuleManager: Shutting down and abandoning module IOSTargetPlatform (99)
[2017.09.27-22.28.24:131][992]LogModuleManager: Shutting down and abandoning module HTML5TargetPlatform (97)
[2017.09.27-22.28.24:131][992]LogModuleManager: Shutting down and abandoning module Android_PVRTCTargetPlatform (95)
[2017.09.27-22.28.24:200][992]LogModuleManager: Shutting down and abandoning module Android_MultiTargetPlatform (93)
[2017.09.27-22.28.24:201][992]LogModuleManager: Shutting down and abandoning module Android_ETC2TargetPlatform (91)
[2017.09.27-22.28.24:205][992]LogModuleManager: Shutting down and abandoning module Android_ETC1TargetPlatform (89)
[2017.09.27-22.28.24:252][992]LogModuleManager: Shutting down and abandoning module Android_DXTTargetPlatform (87)
[2017.09.27-22.28.24:258][992]LogModuleManager: Shutting down and abandoning module Android_ATCTargetPlatform (85)
[2017.09.27-22.28.24:267][992]LogModuleManager: Shutting down and abandoning module Android_ASTCTargetPlatform (83)
[2017.09.27-22.28.24:267][992]LogModuleManager: Shutting down and abandoning module AndroidTargetPlatform (81)
[2017.09.27-22.28.24:300][992]LogModuleManager: Shutting down and abandoning module WindowsTargetPlatform (79)
[2017.09.27-22.28.24:300][992]LogModuleManager: Shutting down and abandoning module WindowsServerTargetPlatform (77)
[2017.09.27-22.28.24:300][992]LogModuleManager: Shutting down and abandoning module WindowsNoEditorTargetPlatform (75)
[2017.09.27-22.28.24:300][992]LogModuleManager: Shutting down and abandoning module WindowsClientTargetPlatform (73)
[2017.09.27-22.28.24:300][992]LogModuleManager: Shutting down and abandoning module MacTargetPlatform (71)
[2017.09.27-22.28.24:300][992]LogModuleManager: Shutting down and abandoning module MacServerTargetPlatform (69)
[2017.09.27-22.28.24:300][992]LogModuleManager: Shutting down and abandoning module MacNoEditorTargetPlatform (67)
[2017.09.27-22.28.24:300][992]LogModuleManager: Shutting down and abandoning module MacClientTargetPlatform (65)
[2017.09.27-22.28.24:300][992]LogModuleManager: Shutting down and abandoning module AllDesktopTargetPlatform (63)
[2017.09.27-22.28.24:300][992]LogModuleManager: Shutting down and abandoning module InputCore (60)
[2017.09.27-22.28.24:300][992]LogModuleManager: Shutting down and abandoning module Settings (58)
[2017.09.27-22.28.24:300][992]LogModuleManager: Shutting down and abandoning module OculusRift (56)
[2017.09.27-22.28.24:354][992]LogModuleManager: Shutting down and abandoning module GearVRController (54)
[2017.09.27-22.28.24:354][992]LogModuleManager: Shutting down and abandoning module GearVR (52)
[2017.09.27-22.28.24:368][992]LogModuleManager: Shutting down and abandoning module ExampleDeviceProfileSelector (50)
[2017.09.27-22.28.24:368][992]LogModuleManager: Shutting down and abandoning module OnlineBlueprintSupport (48)
[2017.09.27-22.28.24:368][992]LogModuleManager: Shutting down and abandoning module OnlineSubsystem (44)
[2017.09.27-22.28.24:368][992]LogOnline:Display: Unloading online subsystem: NULL
[2017.09.27-22.28.24:432][992]LogModuleManager: Shutting down and abandoning module XMPP (43)
[2017.09.27-22.28.24:473][992]LogModuleManager: Shutting down and abandoning module HTTP (41)
[2017.09.27-22.28.24:473][992]LogHttp:Display: Http module shutting down, but needs to wait on 2 outstanding Http requests:
[2017.09.27-22.28.24:479][992]LogHttp:Display: 	verb=[POST] url=[https://datarouter.ol.epicgames.com/datarouter/api/v1/public/data?SessionID=%7B31D3FEAA-4ED7-D152-24A1-2A82EBF66627%7D&AppID=UEEditor.Rocket.Release&AppVersion=4.16.3-3561208%2B%2B%2BUE4%2BRelease-4.16&UserID=4ad880a041e866c0eec1678949a6c598%7C4e33115bbcb14cb1bd60bf303c54f5d0%7Caaccc965-8604-4604-afc7-37c14aca71e5&AppEnvironment=datacollector-binary&UploadType=eteventstream] status=Processing
[2017.09.27-22.28.24:479][992]LogHttp:Display: 	verb=[POST] url=[https://datarouter.ol.epicgames.com/datarouter/api/v1/public/data?SessionID=%7B31D3FEAA-4ED7-D152-24A1-2A82EBF66627%7D&AppID=UEEditor.Rocket.Release&AppVersion=4.16.3-3561208%2B%2B%2BUE4%2BRelease-4.16&UserID=4ad880a041e866c0eec1678949a6c598%7C4e33115bbcb14cb1bd60bf303c54f5d0%7Caaccc965-8604-4604-afc7-37c14aca71e5&AppEnvironment=datacollector-binary&UploadType=eteventstream] status=Processing
[2017.09.27-22.28.24:499][992]LogModuleManager: Shutting down and abandoning module SSL (40)
[2017.09.27-22.28.24:521][992]LogModuleManager: Shutting down and abandoning module HTTPChunkInstaller (36)
[2017.09.27-22.28.24:530][992]LogModuleManager: Shutting down and abandoning module AnimationModifiers (34)
[2017.09.27-22.28.24:565][992]LogModuleManager: Shutting down and abandoning module PropertyEditor (33)
[2017.09.27-22.28.24:565][992]LogModuleManager: Shutting down and abandoning module AudioEditor (30)
[2017.09.27-22.28.24:692][992]LogModuleManager: Shutting down and abandoning module TextureCompressor (28)
[2017.09.27-22.28.24:704][992]LogModuleManager: Shutting down and abandoning module ShaderCore (26)
[2017.09.27-22.28.24:704][992]LogModuleManager: Shutting down and abandoning module Landscape (24)
[2017.09.27-22.28.24:704][992]LogModuleManager: Shutting down and abandoning module SlateRHIRenderer (22)
[2017.09.27-22.28.24:715][992]LogModuleManager: Shutting down and abandoning module OpenGLDrv (20)
[2017.09.27-22.28.24:754][992]LogModuleManager: Shutting down and abandoning module D3D11RHI (18)
[2017.09.27-22.28.24:754][992]LogModuleManager: Shutting down and abandoning module AnimGraphRuntime (16)
[2017.09.27-22.28.24:787][992]LogModuleManager: Shutting down and abandoning module Renderer (14)
[2017.09.27-22.28.24:787][992]LogModuleManager: Shutting down and abandoning module Engine (12)
[2017.09.27-22.28.24:787][992]LogModuleManager: Shutting down and abandoning module CoreUObject (10)
[2017.09.27-22.28.24:787][992]LogModuleManager: Shutting down and abandoning module NetworkFile (8)
[2017.09.27-22.28.24:796][992]LogModuleManager: Shutting down and abandoning module StreamingFile (6)
[2017.09.27-22.28.24:832][992]LogModuleManager: Shutting down and abandoning module SandboxFile (4)
[2017.09.27-22.28.24:841][992]LogModuleManager: Shutting down and abandoning module PakFile (2)
[2017.09.27-22.28.24:855][992]LogExit: Exiting.
[2017.09.27-22.28.24:870][992]Log file closed, 09/27/17 18:28:24
